Log file open, 10/02/17 23:13:37
LogInit:Display: Running engine for game: MyUNREALProject
LogPlatformFile: Not using cached read wrapper
LogInit:Display: RandInit(1220721993) SRandInit(1220721993).
LogTaskGraph: Started task graph with 5 named threads and 6 total threads with 1 sets of task threads.
LogStats: Stats thread started at 2.584731
LogInit: Using libcurl 7.47.1
LogInit:  - built for x86_64-pc-win32
LogInit:  - supports SSL with OpenSSL/1.0.2g
LogInit:  - supports HTTP deflate (compression) using libz 1.2.8
LogInit:  - other features:
LogInit:      CURL_VERSION_SSL
LogInit:      CURL_VERSION_LIBZ
LogInit:      CURL_VERSION_IPV6
LogInit:      CURL_VERSION_ASYNCHDNS
LogInit:      CURL_VERSION_LARGEFILE
LogInit:      CURL_VERSION_IDN
LogInit:  CurlRequestOptions (configurable via config and command line):
LogInit:  - bVerifyPeer = false  - Libcurl will NOT verify peer certificate
LogInit:  - bUseHttpProxy = false  - Libcurl will NOT use HTTP proxy
LogInit:  - bDontReuseConnections = false  - Libcurl will reuse connections
LogInit:  - CertBundlePath = nullptr  - Libcurl will use whatever was configured at build time.
LogInit: Build: ++UE4+Release-4.15-CL-3450819
LogInit: Engine Version: 4.15.3-3450819+++UE4+Release-4.15
LogInit: Compatible Engine Version: 4.15.0-3299760+++UE4+Release-4.15
LogInit: Net CL: 3299760
LogDevObjectVersion: Number of dev versions registered: 14
LogDevObjectVersion:   Dev-Blueprints (B0D832E4-1F89-4F0D-ACCF-7EB736FD4AA2): 8
LogDevObjectVersion:   Dev-Build (E1C64328-A22C-4D53-A36C-8E866417BD8C): 0
LogDevObjectVersion:   Dev-Core (375EC13C-06E4-48FB-B500-84F0262A717E): 2
LogDevObjectVersion:   Dev-Editor (E4B068ED-F494-42E9-A231-DA0B2E46BB41): 14
LogDevObjectVersion:   Dev-Framework (CFFC743F-43B0-4480-9391-14DF171D2073): 22
LogDevObjectVersion:   Dev-Mobile (B02B49B5-BB20-44E9-A304-32B752E40360): 0
LogDevObjectVersion:   Dev-Networking (A4E4105C-59A1-49B5-A7C5-40C4547EDFEE): 0
LogDevObjectVersion:   Dev-Online (39C831C9-5AE6-47DC-9A44-9C173E1C8E7C): 0
LogDevObjectVersion:   Dev-Physics (78F01B33-EBEA-4F98-B9B4-84EACCB95AA2): 0
LogDevObjectVersion:   Dev-Platform (6631380F-2D4D-43E0-8009-CF276956A95A): 0
LogDevObjectVersion:   Dev-Rendering (12F88B9F-8875-4AFC-A67C-D90C383ABD29): 12
LogDevObjectVersion:   Dev-Sequencer (7B5AE74C-D270-4C10-A958-57980B212A5A): 3
LogDevObjectVersion:   Dev-VR (D7296918-1DD6-4BDD-9DE2-64A83CC13884): 0
LogDevObjectVersion:   Dev-LoadTimes (C2A15278-BFE7-4AFE-6C17-90FF531DF755): 1
LogInit: Compiled (64-bit): May 21 2017 11:02:34
LogInit: Compiled with Visual C++: 19.00.23026.00
LogInit: Build Configuration: Development
LogInit: Branch Name: ++UE4+Release-4.15
LogInit: Command line: -EpicPortal 
LogInit: Base directory: C:/Program Files (x86)/Epic Games/UE_4.15/Engine/Binaries/Win64/
LogInit: Installed Engine Build: 1
LogInit: Presizing for max 8388607 objects, including 0 objects not considered by GC, pre-allocating 0 bytes for permanent pool.
LogInit: Object subsystem initialized
[2017.10.03-04.13.42:763][  0]LogInit: Selected Device Profile: [Windows]
[2017.10.03-04.13.42:763][  0]LogInit: Applying CVar settings loaded from the selected device profile: [Windows]
[2017.10.03-04.13.42:869][  0]LogInit: Computer: TSAR
[2017.10.03-04.13.42:869][  0]LogInit: User: Tsar
[2017.10.03-04.13.42:869][  0]LogInit: CPU Page size=65536, Cores=2
[2017.10.03-04.13.42:869][  0]LogInit: High frequency timer resolution =2.143579 MHz
[2017.10.03-04.13.42:870][  0]LogMemory: Memory total: Physical=3.8GB (4GB approx)
[2017.10.03-04.13.42:870][  0]LogMemory: Platform Memory Stats for Windows
[2017.10.03-04.13.42:870][  0]LogMemory: Process Physical Memory: 262.59 MB used, 262.59 MB peak
[2017.10.03-04.13.42:870][  0]LogMemory: Process Virtual Memory: 261.90 MB used, 261.90 MB peak
[2017.10.03-04.13.42:870][  0]LogMemory: Physical Memory: 3425.83 MB used,  483.45 MB free, 3909.28 MB total
[2017.10.03-04.13.42:870][  0]LogMemory: Virtual Memory: 643.03 MB used,  483.45 MB free, 134217728.00 MB total
[2017.10.03-04.13.48:822][  0]LogTextLocalizationManager: No specific translations for ('en-US') exist, so ('en') translations will be used.
[2017.10.03-04.14.12:034][  0]LogD3D11RHI: D3D11 adapters:
[2017.10.03-04.14.12:205][  0]LogD3D11RHI:    0. 'Intel(R) HD Graphics' (Feature Level 10_0)
[2017.10.03-04.14.12:205][  0]LogD3D11RHI:       128/0/1632 MB DedicatedVideo/DedicatedSystem/SharedSystem, Outputs:1, VendorId:0x8086
[2017.10.03-04.14.12:522][  0]LogD3D11RHI:    1. 'Microsoft Basic Render Driver' (Feature Level 11_0)
[2017.10.03-04.14.12:522][  0]LogD3D11RHI:       0/0/1954 MB DedicatedVideo/DedicatedSystem/SharedSystem, Outputs:0, VendorId:0x1414
[2017.10.03-04.14.12:522][  0]LogD3D11RHI: Chosen D3D11 Adapter: 0
[2017.10.03-04.14.12:531][  0]LogD3D11RHI: Creating new Direct3DDevice
[2017.10.03-04.14.12:531][  0]LogD3D11RHI:     GPU DeviceId: 0x106 (for the marketing name, search the web for "GPU Device Id")
[2017.10.03-04.14.12:531][  0]LogWindows: EnumDisplayDevices:
[2017.10.03-04.14.12:532][  0]LogWindows:    0. 'Intel(R) HD Graphics' (P:1 D:1)
[2017.10.03-04.14.12:532][  0]LogWindows:    1. 'Intel(R) HD Graphics' (P:0 D:0)
[2017.10.03-04.14.12:533][  0]LogWindows: DebugString: FoundDriverCount:2 
[2017.10.03-04.14.12:533][  0]LogD3D11RHI:     Adapter Name: Intel(R) HD Graphics
[2017.10.03-04.14.12:533][  0]LogD3D11RHI:   Driver Version: 9.17.10.4459 (internal:9.17.10.4459, unified:9.17.10.4459)
[2017.10.03-04.14.12:533][  0]LogD3D11RHI:      Driver Date: 5-19-2016
[2017.10.03-04.14.12:533][  0]LogRHI: Texture pool is 660 MB (70% of 944 MB)
[2017.10.03-04.14.12:571][  0]LogD3D11RHI: Async texture creation enabled
[2017.10.03-04.14.12:603][  0]LogD3D11RHI: GPU Timing Frequency: 12.500000 (Debug: 2 1)
[2017.10.03-04.14.12:605][  0]LogShaderCompilers: Guid format shader working directory is -29 characters bigger than the processId version (../../../../../../Users/T'sar/Documents/GitHub/Givingitatry/MyUNREALProject/Intermediate/Shaders/WorkingDirectory/1872/).
[2017.10.03-04.14.12:624][  0]LogShaderCompilers: Cleaned the shader compiler working directory 'C:/Users/T'sar/AppData/Local/Temp/UnrealShaderWorkingDir/64E6AD73438CD5C6D50F8C815DD6CB17/'.
[2017.10.03-04.14.12:624][  0]LogShaderCompilers:Display: Using Local Shader Compiler.
[2017.10.03-04.14.34:002][  0]LogTemp:Display: Loaded TP AllDesktopTargetPlatform
[2017.10.03-04.14.34:623][  0]LogTemp:Display: Loaded TP MacClientTargetPlatform
[2017.10.03-04.14.35:075][  0]LogTemp:Display: Loaded TP MacNoEditorTargetPlatform
[2017.10.03-04.14.35:288][  0]LogTemp:Display: Loaded TP MacServerTargetPlatform
[2017.10.03-04.14.35:581][  0]LogTemp:Display: Loaded TP MacTargetPlatform
[2017.10.03-04.14.35:777][  0]LogTemp:Display: Loaded TP WindowsClientTargetPlatform
[2017.10.03-04.14.35:968][  0]LogTemp:Display: Loaded TP WindowsNoEditorTargetPlatform
[2017.10.03-04.14.36:163][  0]LogTemp:Display: Loaded TP WindowsServerTargetPlatform
[2017.10.03-04.14.36:648][  0]LogTemp:Display: Loaded TP WindowsTargetPlatform
[2017.10.03-04.14.37:310][  0]LogTemp:Display: Loaded TP AndroidTargetPlatform
[2017.10.03-04.14.37:815][  0]LogTemp:Display: Loaded TP Android_ASTCTargetPlatform
[2017.10.03-04.14.38:012][  0]LogTemp:Display: Loaded TP Android_ATCTargetPlatform
[2017.10.03-04.14.38:212][  0]LogTemp:Display: Loaded TP Android_DXTTargetPlatform
[2017.10.03-04.14.38:423][  0]LogTemp:Display: Loaded TP Android_ETC1TargetPlatform
[2017.10.03-04.14.38:621][  0]LogTemp:Display: Loaded TP Android_ETC2TargetPlatform
[2017.10.03-04.14.39:590][  0]LogTemp:Display: Loaded TP Android_MultiTargetPlatform
[2017.10.03-04.14.39:591][  0]LogTemp:Display: Loaded TP Android_PVRTCTargetPlatform
[2017.10.03-04.14.40:071][  0]LogTemp:Display: Loaded TP HTML5TargetPlatform
[2017.10.03-04.14.40:518][  0]LogTemp:Display: Loaded TP IOSTargetPlatform
[2017.10.03-04.14.40:632][  0]LogTemp:Display: Loaded TP TVOSTargetPlatform
[2017.10.03-04.14.40:842][  0]LogTemp:Display: Loaded TP LinuxClientTargetPlatform
[2017.10.03-04.14.41:045][  0]LogTemp:Display: Loaded TP LinuxNoEditorTargetPlatform
[2017.10.03-04.14.41:261][  0]LogTemp:Display: Loaded TP LinuxServerTargetPlatform
[2017.10.03-04.14.41:917][  0]LogTemp:Display: Loaded TP LinuxTargetPlatform
[2017.10.03-04.14.41:917][  0]LogTargetPlatformManager:Display: Building Assets For Windows
[2017.10.03-04.14.45:921][  0]LogDerivedDataCache:Display: Max Cache Size: 512 MB
[2017.10.03-04.14.47:222][  0]LogDerivedDataCache: Loaded boot cache 1.28s 48MB C:/Users/T'sar/AppData/Local/UnrealEngine/4.15/DerivedDataCache/Boot.ddc.
[2017.10.03-04.14.47:222][  0]LogDerivedDataCache:Display: Loaded Boot cache: C:/Users/T'sar/AppData/Local/UnrealEngine/4.15/DerivedDataCache/Boot.ddc
[2017.10.03-04.14.47:222][  0]LogDerivedDataCache: FDerivedDataBackendGraph:  Pak pak cache file ../../../../../../Users/T'sar/Documents/GitHub/Givingitatry/MyUNREALProject/DerivedDataCache/DDC.ddp not found, will not use a pak cache.
[2017.10.03-04.14.47:222][  0]LogDerivedDataCache: Unable to find inner node Pak for hierarchical cache Hierarchy.
[2017.10.03-04.14.47:222][  0]LogDerivedDataCache: FDerivedDataBackendGraph:  CompressedPak pak cache file ../../../../../../Users/T'sar/Documents/GitHub/Givingitatry/MyUNREALProject/DerivedDataCache/Compressed.ddp not found, will not use a pak cache.
[2017.10.03-04.14.47:222][  0]LogDerivedDataCache: Unable to find inner node CompressedPak for hierarchical cache Hierarchy.
[2017.10.03-04.14.47:363][  0]LogDerivedDataCache:Display: Pak cache opened for reading ../../../Engine/DerivedDataCache/Compressed.ddp.
[2017.10.03-04.14.47:377][  0]LogDerivedDataCache: Using Local data cache path C:/Users/T'sar/AppData/Local/UnrealEngine/Common/DerivedDataCache: Writable
[2017.10.03-04.14.47:393][  0]LogSlate: Using Freetype 2.6.0
[2017.10.03-04.14.47:649][  0]LogSlate: SlateFontCache - WITH_FREETYPE: 1, WITH_HARFBUZZ: 1
[2017.10.03-04.14.47:649][  0]LogSlate: SlateFontCache - WITH_FREETYPE: 1, WITH_HARFBUZZ: 1
[2017.10.03-04.14.55:098][  0]LogInit: Selected Device Profile: [Windows]
[2017.10.03-04.14.55:136][  0]LogContentStreaming: Texture pool size is 0.00 MB
[2017.10.03-04.14.56:685][  0]LogMeshUtilities: Using QuadricMeshReduction for automatic static mesh reduction
[2017.10.03-04.14.57:042][  0]LogSimplygon: Simplygon DLL not present - disabling.
[2017.10.03-04.14.57:295][  0]LogMeshUtilities: Using SimplygonSwarm for distributed automatic mesh merging
[2017.10.03-04.14.57:295][  0]LogMeshUtilities: No automatic skeletal mesh reduction module available
[2017.10.03-04.14.57:295][  0]LogMeshUtilities: No automatic mesh merging module available
[2017.10.03-04.15.00:960][  0]LogNetVersion: GetLocalNetworkVersion: CL: 3299760, ProjectName: myunrealproject, ProjectVersion: , EngineNetworkVersion: 2, GameNetworkVersion: 0, NetworkChecksum: 3193458936
[2017.10.03-04.15.01:129][  0]LogAssetRegistry: FAssetRegistry took 0.0262 seconds to start up
[2017.10.03-04.15.01:646][  0]LogPackageLocalizationCache: Processed 3 localized package path(s) for 2 prioritized culture(s) in 0.419992 seconds
[2017.10.03-04.15.01:684][  0]LogUObjectArray: 32493 objects as part of root set at end of initial load.
[2017.10.03-04.15.01:685][  0]LogUObjectAllocator: 7077024 out of 0 bytes used by permanent object pool.
[2017.10.03-04.15.01:685][  0]LogUObjectArray: CloseDisregardForGC: 0/0 objects in disregard for GC pool
[2017.10.03-04.15.01:983][  0]LogInit: WinSock: version 1.1 (2.2), MaxSocks=32767, MaxUdp=65467
[2017.10.03-04.16.14:584][  0]LogTcpMessaging: Initializing TcpMessaging bridge
[2017.10.03-04.16.15:317][  0]LogUdpMessaging: Initializing bridge on interface 0.0.0.0:0 to multicast group 230.0.0.1:6666.
[2017.10.03-04.16.25:915][  0]LogMaterial: Uniform references updated for custom material expression Custom.
[2017.10.03-04.16.32:526][  0]SourceControl: Info Source control is disabled
[2017.10.03-04.16.32:672][  0]SourceControl: Info Source control is disabled
[2017.10.03-04.16.33:290][  0]SourceControl: Info Source control is disabled
[2017.10.03-04.16.34:039][  0]SourceControl: Info Source control is disabled
[2017.10.03-04.17.01:682][  0]LogEngine: Initializing Engine...
[2017.10.03-04.17.01:749][  0]LogHMD: Failed to initialize OpenVR with code 110
[2017.10.03-04.17.02:522][  0]LogStats: UGameplayTagsManager::ConstructGameplayTagTree: Construct from data asset -  0.000 s
[2017.10.03-04.17.02:522][  0]LogStats: UGameplayTagsManager::ConstructGameplayTagTree: GameplayTagTreeChangedEvent.Broadcast -  0.000 s
[2017.10.03-04.17.04:338][  0]LogAIModule: Creating AISystem for world Untitled
[2017.10.03-04.17.05:798][  0]LogInit: XAudio2 using 'VO320E (Intel(R) Display Audio)' : 2 channels at 48 kHz using 16 bits per sample (channel mask 0x3)
[2017.10.03-04.17.06:478][  0]LogInit: FAudioDevice initialized.
[2017.10.03-04.17.06:727][  0]LogDerivedDataCache: Saved boot cache 0.25s 48MB C:/Users/T'sar/AppData/Local/UnrealEngine/4.15/DerivedDataCache/Boot.ddc.
[2017.10.03-04.17.06:816][  0]LogInit: Texture streaming: Enabled
[2017.10.03-04.17.10:381][  0]LogEngineSessionManager: EngineSessionManager initialized
[2017.10.03-04.17.12:935][  0]LogInit: Transaction tracking system initialized
[2017.10.03-04.17.18:374][  0]BlueprintLog: New page: Editor Load
[2017.10.03-04.17.34:324][  0]LocalizationService: Info Localization service is disabled
[2017.10.03-04.17.44:810][  0]LogConsoleResponse:Display: 
[2017.10.03-04.17.47:229][  0]LogFileCache: Scanning file cache for directory 'C:/Users/T'sar/Documents/GitHub/Givingitatry/MyUNREALProject/Content/' took 0.04s
[2017.10.03-04.17.47:229][  0]LogCook:Display: Max memory allowance for cook 16384mb min free memory 0mb
[2017.10.03-04.17.47:229][  0]LogCook:Display: Mobile HDR setting 1
[2017.10.03-04.18.04:051][  0]SourceControl: Info Source control is disabled
[2017.10.03-04.18.04:051][  0]Cmd: MAP LOAD FILE="../../../../../../Users/T'sar/Documents/GitHub/Givingitatry/MyUNREALProject/Content/ThirdPersonBP/Maps/ThirdPersonExampleMap.umap" TEMPLATE=0 SHOWPROGRESS=1 FEATURELEVEL=2
[2017.10.03-04.18.04:097][  0]LightingResults: New page: Lighting Build
[2017.10.03-04.18.04:367][  0]MapCheck: New page: Map Check
[2017.10.03-04.18.04:368][  0]LightingResults: New page: Lighting Build
[2017.10.03-04.18.08:965][  0]LogLinker:Warning: Can't find file '/Game/ThirdPersonBP/Maps/ThirdPersonExampleMap_BuiltData'
[2017.10.03-04.18.09:033][  0]LogLinker:Warning: Can't find file for asset '/Game/ThirdPersonBP/Maps/ThirdPersonExampleMap_BuiltData' while loading ../../../../../../Users/T'sar/Documents/GitHub/Givingitatry/MyUNREALProject/Content/ThirdPersonBP/Maps/ThirdPersonExampleMap.umap.
[2017.10.03-04.18.09:033][  0]LoadErrors:Error: Error /Game/ThirdPersonBP/Maps/ThirdPersonExampleMap : Can't find file for asset. /Game/ThirdPersonBP/Maps/ThirdPersonExampleMap_BuiltData
[2017.10.03-04.18.09:281][  0]LogLinker:Warning: Can't find file '/Game/ThirdPersonBP/Maps/ThirdPersonExampleMap_BuiltData'
[2017.10.03-04.18.09:281][  0]LogLinker:Warning: Can't find file for asset '/Game/ThirdPersonBP/Maps/ThirdPersonExampleMap_BuiltData' while loading ../../../../../../Users/T'sar/Documents/GitHub/Givingitatry/MyUNREALProject/Content/ThirdPersonBP/Maps/ThirdPersonExampleMap.umap.
[2017.10.03-04.18.09:282][  0]LoadErrors:Error: Error /Game/ThirdPersonBP/Maps/ThirdPersonExampleMap : Can't find file for asset. /Game/ThirdPersonBP/Maps/ThirdPersonExampleMap_BuiltData
[2017.10.03-04.18.09:288][  0]LogLinker:Warning: Can't find file '/Game/ThirdPersonBP/Maps/ThirdPersonExampleMap_BuiltData'
[2017.10.03-04.18.09:288][  0]LogLinker:Warning: Can't find file for asset '/Game/ThirdPersonBP/Maps/ThirdPersonExampleMap_BuiltData' while loading NULL.
[2017.10.03-04.18.09:288][  0]LogLinker:Warning: Can't find file '/Game/ThirdPersonBP/Maps/ThirdPersonExampleMap_BuiltData'
[2017.10.03-04.18.09:288][  0]LogLinker:Warning: Can't find file for asset '/Game/ThirdPersonBP/Maps/ThirdPersonExampleMap_BuiltData' while loading NULL.
[2017.10.03-04.18.09:914][  0]LogLinker:Warning: Can't find file '/Game/ThirdPersonBP/Maps/ThirdPersonExampleMap_BuiltData'
[2017.10.03-04.18.09:914][  0]LoadErrors: Info Failed to load /Game/ThirdPersonBP/Maps/ThirdPersonExampleMap_BuiltData.ThirdPersonExampleMap_BuiltData Referenced by PersistentLevel
[2017.10.03-04.18.09:914][  0]LogLinker:Warning: Can't find file for asset '/Game/ThirdPersonBP/Maps/ThirdPersonExampleMap_BuiltData' while loading NULL.
[2017.10.03-04.18.09:914][  0]LoadErrors: Info Failed to load /Game/ThirdPersonBP/Maps/ThirdPersonExampleMap_BuiltData.ThirdPersonExampleMap_BuiltData Referenced by PersistentLevel
[2017.10.03-04.18.12:662][  0]LogAIModule: Creating AISystem for world ThirdPersonExampleMap
[2017.10.03-04.18.14:198][  0]LogEditorServer: Finished looking for orphan Actors (0.000 secs)
[2017.10.03-04.18.14:230][  0]Cmd: MAP CHECKDEP NOCLEARLOG
[2017.10.03-04.18.14:925][  0]MapCheck: Info Map check complete: 0 Error(s), 0 Warning(s), took 694.893ms to complete.
[2017.10.03-04.18.14:993][  0]LogFileHelpers: Loading map 'ThirdPersonExampleMap' took 10.942
[2017.10.03-04.18.20:141][  0]LogCollectionManager: Loaded 0 collections in 0.025192 seconds
[2017.10.03-04.18.20:789][  0]LogFileCache: Scanning file cache for directory 'C:/Users/T'sar/Documents/GitHub/Givingitatry/MyUNREALProject/Saved/Collections/' took 0.01s
[2017.10.03-04.18.20:789][  0]LogFileCache: Scanning file cache for directory 'C:/Users/T'sar/Documents/GitHub/Givingitatry/MyUNREALProject/Content/Developers/Tsar/Collections/' took 0.01s
[2017.10.03-04.18.20:789][  0]LogFileCache: Scanning file cache for directory 'C:/Users/T'sar/Documents/GitHub/Givingitatry/MyUNREALProject/Content/Collections/' took 0.01s
[2017.10.03-04.18.20:789][  0]LogCollectionManager: Rebuilt the GUID cache for 0 collections in 0.000003 seconds
[2017.10.03-04.18.20:864][  0]LogContentBrowser: Native class hierarchy populated in 0.0705 seconds. Added 2245 classes and 453 folders.
[2017.10.03-04.18.21:442][  0]LogContentBrowser: Native class hierarchy updated for 'WidgetCarousel' in 0.0012 seconds. Added 0 classes and 0 folders.
[2017.10.03-04.18.25:144][  0]LogContentBrowser: Native class hierarchy updated for 'AddContentDialog' in 0.0014 seconds. Added 0 classes and 0 folders.
[2017.10.03-04.18.25:733][  0]LogContentBrowser: Native class hierarchy updated for 'SceneOutliner' in 0.0012 seconds. Added 1 classes and 2 folders.
[2017.10.03-04.18.26:891][  0]LogCrashTracker: Crashtracker disabled due to settings.
[2017.10.03-04.18.27:143][  0]LogUObjectGlobals:Warning: Failed to find object 'Class None.'
[2017.10.03-04.18.27:715][  0]LogContentBrowser: Native class hierarchy updated for 'HierarchicalLODOutliner' in 0.0015 seconds. Added 1 classes and 2 folders.
[2017.10.03-04.18.27:716][  0]LogLoad: (Engine Initialization) Total time: 309.70 seconds
[2017.10.03-04.18.27:716][  0]LogLoad: (Engine Initialization) Total Blueprint compile time: 2.54 seconds
[2017.10.03-04.18.27:716][  0]LogExternalProfiler: Found external profiler: VSPerf
[2017.10.03-04.18.27:716][  0]LogExternalProfiler: Using external profiler: VSPerf
[2017.10.03-04.18.27:864][  0]LogWindowsTextInputMethodSystem:Display: IME system now deactivated.
[2017.10.03-04.18.27:865][  0]LogOcInput: OculusInput pre-init called
[2017.10.03-04.18.28:099][  0]LogContentStreaming: Texture pool size now 400 MB
[2017.10.03-04.18.28:266][  0]LogSlate: Took 0.021413 seconds to synchronously load lazily loaded font '../../../Engine/Content/Slate/Fonts/Roboto-Regular.ttf' (155K)
[2017.10.03-04.18.28:320][  0]LogSlate: Took 0.011506 seconds to synchronously load lazily loaded font '../../../Engine/Content/Slate/Fonts/Roboto-Bold.ttf' (160K)
[2017.10.03-04.18.28:411][  0]LogSlate: Took 0.030134 seconds to synchronously load lazily loaded font '../../../Engine/Content/Editor/Slate/Fonts/FontAwesome.ttf' (139K)
[2017.10.03-04.18.30:464][  0]LogRenderer: Reallocating scene render targets to support 1004x456 NumSamples 1 (Frame:2).
[2017.10.03-04.18.37:064][  1]LogSlate: Took 0.024387 seconds to synchronously load lazily loaded font '../../../Engine/Content/Slate/Fonts/Roboto-Light.ttf' (159K)
[2017.10.03-04.18.38:613][  5]LogAssetRegistry: Asset discovery search completed in 217.5108 seconds
[2017.10.03-04.18.38:626][  5]LogCollectionManager: Rebuilt the object cache for 0 collections in 0.011954 seconds (found 0 objects)
[2017.10.03-04.18.38:626][  5]LogCollectionManager: Fixed up redirectors for 0 collections in 0.012957 seconds (updated 0 objects)
[2017.10.03-04.23.50:207][453]LogSlate: Took 0.000485 seconds to synchronously load lazily loaded font '../../../Engine/Content/Slate/Fonts/Roboto-Light.ttf' (159K)
[2017.10.03-04.23.54:293][479]LogSlate: Took 0.000557 seconds to synchronously load lazily loaded font '../../../Engine/Content/Slate/Fonts/Roboto-Light.ttf' (159K)
[2017.10.03-04.23.55:867][479]LogSynthBenchmark:Display: FSynthBenchmark (V0.95):  requested WorkScale=1.00
[2017.10.03-04.23.55:867][479]LogSynthBenchmark:Display: ===============
[2017.10.03-04.23.55:867][479]LogSynthBenchmark:Display: Main Processor:
[2017.10.03-04.23.56:004][479]LogSynthBenchmark:Display:          ... 0.082999 s/Run 'RayIntersect'
[2017.10.03-04.23.56:004][479]LogSynthBenchmark:Display:          ... 0.053530 s/Run 'Fractal'
[2017.10.03-04.23.56:004][479]LogSynthBenchmark:Display: 
[2017.10.03-04.23.56:004][479]LogSynthBenchmark:Display:   CompiledTarget_x_Bits: 64
[2017.10.03-04.23.56:004][479]LogSynthBenchmark:Display:   UE_BUILD_SHIPPING: 0
[2017.10.03-04.23.56:004][479]LogSynthBenchmark:Display:   UE_BUILD_TEST: 0
[2017.10.03-04.23.56:004][479]LogSynthBenchmark:Display:   UE_BUILD_DEBUG: 0
[2017.10.03-04.23.56:004][479]LogSynthBenchmark:Display:   TotalPhysicalGBRam: 4
[2017.10.03-04.23.56:004][479]LogSynthBenchmark:Display:   NumberOfCores (physical): 2
[2017.10.03-04.23.56:004][479]LogSynthBenchmark:Display:   NumberOfCores (logical): 2
[2017.10.03-04.23.56:004][479]LogSynthBenchmark:Display:   CPU Perf Index 0: 30.9 (weight 1.00)
[2017.10.03-04.23.56:004][479]LogSynthBenchmark:Display:   CPU Perf Index 1: 53.4 (weight 1.50)
[2017.10.03-04.23.56:004][479]LogSynthBenchmark:Display:  
[2017.10.03-04.23.56:004][479]LogSynthBenchmark:Display: Graphics:
[2017.10.03-04.23.56:004][479]LogSynthBenchmark:Display:   Adapter Name: 'Intel(R) HD Graphics'
[2017.10.03-04.23.56:004][479]LogSynthBenchmark:Display:   (On Optimus the name might be wrong, memory should be ok)
[2017.10.03-04.23.56:004][479]LogSynthBenchmark:Display:   Vendor Id: 0x8086
[2017.10.03-04.23.56:004][479]LogSynthBenchmark:Display:   Device Id: 0x106
[2017.10.03-04.23.56:004][479]LogSynthBenchmark:Display:   Device Revision: 0x9
[2017.10.03-04.23.56:004][479]LogSynthBenchmark:Display:   GPU Memory: 128/0/1632 MB
[2017.10.03-04.23.56:663][479]LogSynthBenchmark:Display:   GPU first test: 0.19s
[2017.10.03-04.23.56:663][479]LogSynthBenchmark:Display:          ... 0.064 s/GigaPix, Confidence=100% 'ALUHeavyNoise' (likely to be very inaccurate)
[2017.10.03-04.23.56:663][479]LogSynthBenchmark:Display:          ... 0.071 s/GigaPix, Confidence=100% 'TexHeavy' (likely to be very inaccurate)
[2017.10.03-04.23.56:663][479]LogSynthBenchmark:Display:          ... 0.059 s/GigaPix, Confidence=89% 'DepTexHeavy' (likely to be very inaccurate)
[2017.10.03-04.23.56:663][479]LogSynthBenchmark:Display:          ... 0.336 s/GigaPix, Confidence=89% 'FillOnly' (likely to be very inaccurate)
[2017.10.03-04.23.56:663][479]LogSynthBenchmark:Display:          ... 0.014 s/GigaPix, Confidence=89% 'Bandwidth' (likely to be very inaccurate)
[2017.10.03-04.23.56:663][479]LogSynthBenchmark:Display:          ... 0.077 s/GigaVert, Confidence=100% 'VertThroughPut1' (likely to be very inaccurate)
[2017.10.03-04.23.56:663][479]LogSynthBenchmark:Display:          ... 0.302 s/GigaVert, Confidence=100% 'VertThroughPut2' (likely to be very inaccurate)
[2017.10.03-04.23.56:663][479]LogSynthBenchmark:Display:   GPU Final Results:
[2017.10.03-04.23.56:664][479]LogSynthBenchmark:Display:          ... 0.064 s/GigaPix, Confidence=100% 'ALUHeavyNoise'
[2017.10.03-04.23.56:664][479]LogSynthBenchmark:Display:          ... 0.071 s/GigaPix, Confidence=100% 'TexHeavy'
[2017.10.03-04.23.56:664][479]LogSynthBenchmark:Display:          ... 0.059 s/GigaPix, Confidence=89% 'DepTexHeavy'
[2017.10.03-04.23.56:664][479]LogSynthBenchmark:Display:          ... 0.336 s/GigaPix, Confidence=89% 'FillOnly'
[2017.10.03-04.23.56:664][479]LogSynthBenchmark:Display:          ... 0.014 s/GigaPix, Confidence=89% 'Bandwidth'
[2017.10.03-04.23.56:664][479]LogSynthBenchmark:Display:          ... 0.077 s/GigaVert, Confidence=100% 'VertThroughPut1'
[2017.10.03-04.23.56:664][479]LogSynthBenchmark:Display:          ... 0.302 s/GigaVert, Confidence=100% 'VertThroughPut2'
[2017.10.03-04.23.56:664][479]LogSynthBenchmark:Display: 
[2017.10.03-04.23.56:664][479]LogSynthBenchmark:Display:   GPU Perf Index 0: 1.4 (weight 1.00)
[2017.10.03-04.23.56:664][479]LogSynthBenchmark:Display:   GPU Perf Index 1: 1.0 (weight 0.10)
[2017.10.03-04.23.56:664][479]LogSynthBenchmark:Display:   GPU Perf Index 2: 1.5 (weight 0.10)
[2017.10.03-04.23.56:664][479]LogSynthBenchmark:Display:   GPU Perf Index 3: 1.3 (weight 3.00)
[2017.10.03-04.23.56:664][479]LogSynthBenchmark:Display:   GPU Perf Index 4: 1.3 (weight 1.00)
[2017.10.03-04.23.56:664][479]LogSynthBenchmark:Display:   GPU Perf Index 5: 5.0 (weight 0.00)
[2017.10.03-04.23.56:664][479]LogSynthBenchmark:Display:   GPU Perf Index 6: 17.1 (weight 0.00)
[2017.10.03-04.23.56:758][479]LogSynthBenchmark:Display:   CPUIndex: 44.4
[2017.10.03-04.23.56:758][479]LogSynthBenchmark:Display:   GPUIndex: 1.3
[2017.10.03-04.23.56:758][479]LogSynthBenchmark:Display: 
[2017.10.03-04.23.56:758][479]LogSynthBenchmark:Display:          ... Total Time: 0.890586 sec
[2017.10.03-04.34.23:770][242]SourceControl: Info Source control is disabled
[2017.10.03-04.35.37:696][794]SourceControl: Info On branch master
[2017.10.03-04.35.37:696][794]SourceControl: Info Your branch is up-to-date with 'origin/master'.
[2017.10.03-04.35.37:696][794]SourceControl: Info Changes not staged for commit:
[2017.10.03-04.35.37:696][794]SourceControl: Info   (use "git add <file>..." to update what will be committed)
[2017.10.03-04.35.37:696][794]SourceControl: Info   (use "git checkout -- <file>..." to discard changes in working directory)
[2017.10.03-04.35.37:696][794]SourceControl: Info 	modified:   MyUNREALProject/Intermediate/CachedAssetRegistry.bin
[2017.10.03-04.35.37:696][794]SourceControl: Info 	modified:   MyUNREALProject/Saved/Config/Windows/EditorPerProjectUserSettings.ini
[2017.10.03-04.35.37:696][794]SourceControl: Info 	modified:   MyUNREALProject/Saved/Logs/MyUNREALProject.log
[2017.10.03-04.35.37:696][794]SourceControl: Info Untracked files:
[2017.10.03-04.35.37:696][794]SourceControl: Info   (use "git add <file>..." to include in what will be committed)
[2017.10.03-04.35.37:696][794]SourceControl: Info 	MyUNREALProject/Saved/Logs/MyUNREALProject-backup-2017.10.02-23.13.37.log
[2017.10.03-04.35.37:696][794]SourceControl: Info 	MyUNREALProject/Saved/Logs/UE4CC-Windows-1F9BA1854CA11B1CF56626B00CC480D2/
[2017.10.03-04.35.37:696][794]SourceControl: Info no changes added to commit (use "git add" and/or "git commit -a")
[2017.10.03-04.36.13:306][302]SourceControl: Info On branch master
[2017.10.03-04.36.13:306][302]SourceControl: Info Your branch is up-to-date with 'origin/master'.
[2017.10.03-04.36.13:306][302]SourceControl: Info Changes not staged for commit:
[2017.10.03-04.36.13:306][302]SourceControl: Info   (use "git add <file>..." to update what will be committed)
[2017.10.03-04.36.13:306][302]SourceControl: Info   (use "git checkout -- <file>..." to discard changes in working directory)
[2017.10.03-04.36.13:306][302]SourceControl: Info 	modified:   MyUNREALProject/Intermediate/CachedAssetRegistry.bin
[2017.10.03-04.36.13:306][302]SourceControl: Info 	modified:   MyUNREALProject/Saved/Config/Windows/EditorPerProjectUserSettings.ini
[2017.10.03-04.36.13:306][302]SourceControl: Info 	modified:   MyUNREALProject/Saved/Logs/MyUNREALProject.log
[2017.10.03-04.36.13:306][302]SourceControl: Info Untracked files:
[2017.10.03-04.36.13:306][302]SourceControl: Info   (use "git add <file>..." to include in what will be committed)
[2017.10.03-04.36.13:306][302]SourceControl: Info 	MyUNREALProject/Saved/Logs/MyUNREALProject-backup-2017.10.02-23.13.37.log
[2017.10.03-04.36.13:306][302]SourceControl: Info 	MyUNREALProject/Saved/Logs/UE4CC-Windows-1F9BA1854CA11B1CF56626B00CC480D2/
[2017.10.03-04.36.13:306][302]SourceControl: Info no changes added to commit (use "git add" and/or "git commit -a")
[2017.10.03-04.36.15:101][302]LogSavePackage: Save=428.98ms
[2017.10.03-04.36.15:102][302]LogSavePackage: Moving '../../../../../../Users/T'sar/Documents/GitHub/Givingitatry/MyUNREALProject/Saved/RedMatE47BD0CF4E2167FA633A2896E8B21514.tmp' to '../../../../../../Users/T'sar/Documents/GitHub/Givingitatry/MyUNREALProject/Content/ThirdPersonBP/Material/RedMat.uasset'
[2017.10.03-04.36.15:255][302]LogSavePackage:Display: Finished SavePackage ../../../../../../Users/T'sar/Documents/GitHub/Givingitatry/MyUNREALProject/Content/ThirdPersonBP/Material/RedMat.uasset
[2017.10.03-04.36.23:918][347]LogMaterial: Missing cached shader map for material RedMat, compiling. 
[2017.10.03-04.36.23:953][347]LogTemp:Display: Added material ShaderMap 0x000002157D69AE80 with Material 0x00000215614F3100 to ShaderMapsBeingCompiled
[2017.10.03-04.36.24:056][347]LogTemp:Display: Kicking off shader compilation for RedMat, GameThreadShaderMap 0x000002157D69AE80
[2017.10.03-04.36.24:518][347]LogSlate: Took 0.198693 seconds to synchronously load lazily loaded font '../../../Engine/Content/Slate/Fonts/Roboto-Regular.ttf' (155K)
[2017.10.03-04.36.26:676][347]LogMaterial: Missing cached shader map for material RedMat, compiling. 
[2017.10.03-04.36.26:678][347]LogTemp:Display: Added material ShaderMap 0x0000021573348100 with Material 0x00000215614F3100 to ShaderMapsBeingCompiled
[2017.10.03-04.36.26:690][347]LogTemp:Display: Kicking off shader compilation for RedMat, GameThreadShaderMap 0x0000021573348100
[2017.10.03-04.36.26:717][347]LogMaterial: 0.00 seconds spent updating 1 materials, 1 interfaces, 0 instances, 0 with static permutations.
[2017.10.03-04.36.26:995][347]LogSlate: Took 0.184133 seconds to synchronously load lazily loaded font '../../../Engine/Content/Editor/Slate/Fonts/Roboto-BoldCondensed.ttf' (158K)
[2017.10.03-04.36.35:653][398]LogTemp:Display: Finished compile of shader map 0x000002157D69AE80
[2017.10.03-04.36.35:653][398]LogTemp:Display: Shader map RedMat complete, GameThreadShaderMap 0x000002157D69AE80, marking material RedMat as finished
[2017.10.03-04.36.35:653][398]LogTemp:Display: Marking material as finished 0x00000215614F3100
[2017.10.03-04.36.38:716][427]LogMaterial: Missing cached shader map for material RedMat, compiling. 
[2017.10.03-04.36.38:718][427]LogTemp:Display: Added material ShaderMap 0x000002150E32D280 with Material 0x00000215614F3100 to ShaderMapsBeingCompiled
[2017.10.03-04.36.38:731][427]LogTemp:Display: Kicking off shader compilation for RedMat, GameThreadShaderMap 0x000002150E32D280
[2017.10.03-04.36.38:731][427]LogMaterial: 0.00 seconds spent updating 1 materials, 1 interfaces, 0 instances, 0 with static permutations.
[2017.10.03-04.36.38:836][427]LogMaterial: Missing cached shader map for material FMatExpressionPreview MaterialExpressionConstant3Vector_0, compiling. 
[2017.10.03-04.36.38:853][427]LogTemp:Display: Added material ShaderMap 0x00000215731E7580 with Material 0x000002150D879900 to ShaderMapsBeingCompiled
[2017.10.03-04.36.38:859][427]LogTemp:Display: Kicking off shader compilation for FMatExpressionPreview MaterialExpressionConstant3Vector_0, GameThreadShaderMap 0x00000215731E7580
[2017.10.03-04.36.38:965][427]LogMaterial: Missing cached shader map for material RedMat, compiling. 
[2017.10.03-04.36.38:967][427]LogTemp:Display: Added material ShaderMap 0x00000215731E6080 with Material 0x00000215614F3100 to ShaderMapsBeingCompiled
[2017.10.03-04.36.38:980][427]LogTemp:Display: Kicking off shader compilation for RedMat, GameThreadShaderMap 0x00000215731E6080
[2017.10.03-04.36.38:980][427]LogMaterial: 0.00 seconds spent updating 1 materials, 1 interfaces, 0 instances, 0 with static permutations.
[2017.10.03-04.36.38:985][427]LogTemp:Display: Removed shader map 0x00000215731E7580 from material 0x000002150D879900
[2017.10.03-04.36.39:051][427]LogMaterial: Missing cached shader map for material FMatExpressionPreview MaterialExpressionConstant3Vector_0, compiling. 
[2017.10.03-04.36.39:053][427]LogTemp:Display: Added material ShaderMap 0x000002150DD22780 with Material 0x000002150D879900 to ShaderMapsBeingCompiled
[2017.10.03-04.36.39:058][427]LogTemp:Display: Kicking off shader compilation for FMatExpressionPreview MaterialExpressionConstant3Vector_0, GameThreadShaderMap 0x000002150DD22780
[2017.10.03-04.36.39:588][432]LogTemp:Display: Finished compile of shader map 0x0000021573348100
[2017.10.03-04.36.39:588][432]LogTemp:Display: Shader map RedMat complete, GameThreadShaderMap 0x0000021573348100, marking material RedMat as finished
[2017.10.03-04.36.39:588][432]LogTemp:Display: Marking material as finished 0x00000215614F3100
[2017.10.03-04.36.45:129][479]LogTemp:Display: Finished compile of shader map 0x00000215731E6080
[2017.10.03-04.36.45:129][479]LogTemp:Display: Shader map RedMat complete, GameThreadShaderMap 0x00000215731E6080, marking material RedMat as finished
[2017.10.03-04.36.45:129][479]LogTemp:Display: Marking material as finished 0x00000215614F3100
[2017.10.03-04.36.46:339][487]LogTemp:Display: Finished compile of shader map 0x000002150DD22780
[2017.10.03-04.36.46:339][487]LogTemp:Display: Shader map FMatExpressionPreview MaterialExpressionConstant3Vector_0 complete, GameThreadShaderMap 0x000002150DD22780, marking material FMatExpressionPreview MaterialExpressionConstant3Vector_0 as finished
[2017.10.03-04.36.46:339][487]LogTemp:Display: Marking material as finished 0x000002150D879900
[2017.10.03-04.36.48:439][501]LogMaterial: Missing cached shader map for material RedMat, compiling. 
[2017.10.03-04.36.48:441][501]LogTemp:Display: Added material ShaderMap 0x000002150DCC4B80 with Material 0x00000215614F3100 to ShaderMapsBeingCompiled
[2017.10.03-04.36.48:454][501]LogTemp:Display: Kicking off shader compilation for RedMat, GameThreadShaderMap 0x000002150DCC4B80
[2017.10.03-04.36.48:455][501]LogMaterial: 0.00 seconds spent updating 1 materials, 1 interfaces, 0 instances, 0 with static permutations.
[2017.10.03-04.36.48:588][501]LogMaterial: Missing cached shader map for material FMatExpressionPreview MaterialExpressionConstant3Vector_0, compiling. 
[2017.10.03-04.36.48:590][501]LogTemp:Display: Added material ShaderMap 0x00000215731E6080 with Material 0x000002150D879900 to ShaderMapsBeingCompiled
[2017.10.03-04.36.48:595][501]LogTemp:Display: Kicking off shader compilation for FMatExpressionPreview MaterialExpressionConstant3Vector_0, GameThreadShaderMap 0x00000215731E6080
[2017.10.03-04.36.49:924][513]LogMaterialEditor: Applying material RedMat
[2017.10.03-04.36.54:812][513]LogMaterial: Missing cached shader map for material RedMat, compiling. 
[2017.10.03-04.36.54:814][513]LogTemp:Display: Added material ShaderMap 0x000002157D698B80 with Material 0x00000215614F3100 to ShaderMapsBeingCompiled
[2017.10.03-04.36.54:842][513]LogTemp:Display: Kicking off shader compilation for RedMat, GameThreadShaderMap 0x000002157D698B80
[2017.10.03-04.36.54:842][513]LogMaterial: 0.00 seconds spent updating 1 materials, 1 interfaces, 0 instances, 0 with static permutations.
[2017.10.03-04.36.54:947][513]LogMaterial: Missing cached shader map for material RedMat, compiling. 
[2017.10.03-04.36.54:949][513]LogTemp:Display: Added material ShaderMap 0x000002157354FC80 with Material 0x00000215615A0A00 to ShaderMapsBeingCompiled
[2017.10.03-04.36.54:976][513]LogTemp:Display: Kicking off shader compilation for RedMat, GameThreadShaderMap 0x000002157354FC80
[2017.10.03-04.36.55:010][513]LogMaterial: Missing cached shader map for material RedMat, compiling. 
[2017.10.03-04.36.55:012][513]LogTemp:Display: Added material ShaderMap 0x000002150DCC6780 with Material 0x00000215615A0A00 to ShaderMapsBeingCompiled
[2017.10.03-04.36.55:028][513]LogTemp:Display: Kicking off shader compilation for RedMat, GameThreadShaderMap 0x000002150DCC6780
[2017.10.03-04.36.55:030][513]LogMaterial: 0.00 seconds spent updating 1 materials, 1 interfaces, 0 instances, 0 with static permutations.
[2017.10.03-04.36.55:307][513]LogMaterial: Missing cached shader map for material FDebugViewModeMaterialProxy RedMat, compiling. 
[2017.10.03-04.36.55:309][513]LogTemp:Display: Added material ShaderMap 0x000002150F07CF00 with Material 0x0000021567AC9300 to ShaderMapsBeingCompiled
[2017.10.03-04.36.58:930][513]LogTemp:Display: Finished compile of shader map 0x000002150F07CF00
[2017.10.03-04.36.58:930][513]LogTemp:Display: Shader map FDebugViewModeMaterialProxy RedMat complete, GameThreadShaderMap 0x000002150F07CF00, marking material FDebugViewModeMaterialProxy RedMat as finished
[2017.10.03-04.36.58:930][513]LogTemp:Display: Marking material as finished 0x0000021567AC9300
[2017.10.03-04.36.58:969][513]TextureStreamingBuild:Display: Compiling optional shaders took 3.835 seconds.
[2017.10.03-04.36.59:049][513]LogTemp:Display: Finished compile of shader map 0x00000215731E6080
[2017.10.03-04.36.59:049][513]LogTemp:Display: Shader map FMatExpressionPreview MaterialExpressionConstant3Vector_0 complete, GameThreadShaderMap 0x00000215731E6080, marking material FMatExpressionPreview MaterialExpressionConstant3Vector_0 as finished
[2017.10.03-04.36.59:049][513]LogTemp:Display: Marking material as finished 0x000002150D879900
[2017.10.03-04.36.59:054][513]LogTemp:Display: Finished compile of shader map 0x000002157D698B80
[2017.10.03-04.36.59:054][513]LogTemp:Display: Shader map RedMat complete, GameThreadShaderMap 0x000002157D698B80, marking material RedMat as finished
[2017.10.03-04.36.59:054][513]LogTemp:Display: Marking material as finished 0x00000215614F3100
[2017.10.03-04.36.59:058][513]LogTemp:Display: Finished compile of shader map 0x000002150DCC4B80
[2017.10.03-04.36.59:058][513]LogTemp:Display: Shader map RedMat complete, GameThreadShaderMap 0x000002150DCC4B80, marking material RedMat as finished
[2017.10.03-04.36.59:058][513]LogTemp:Display: Marking material as finished 0x00000215614F3100
[2017.10.03-04.37.02:664][551]LogEditorViewport: Clicking on Actor (LMB): StaticMeshActor (Bump_StaticMesh)
[2017.10.03-04.37.04:644][555]LogEditorViewport: Clicking on Actor (LMB): StaticMeshActor (CubeMesh)
[2017.10.03-04.37.07:011][572]LogTemp:Display: Finished compile of shader map 0x000002150DCC6780
[2017.10.03-04.37.07:011][572]LogTemp:Display: Shader map RedMat complete, GameThreadShaderMap 0x000002150DCC6780, marking material RedMat as finished
[2017.10.03-04.37.07:011][572]LogTemp:Display: Marking material as finished 0x00000215615A0A00
[2017.10.03-04.37.24:423][766]LogSavePackage: Save=840.90ms
[2017.10.03-04.37.24:423][766]LogSavePackage: Moving '../../../../../../Users/T'sar/Documents/GitHub/Givingitatry/MyUNREALProject/Saved/ThirdPersonExampleMap7665DF084CCFD3B2A30F3CA2D05A47A0.tmp' to '../../../../../../Users/T'sar/Documents/GitHub/Givingitatry/MyUNREALProject/Content/ThirdPersonBP/Maps/ThirdPersonExampleMap.umap'
[2017.10.03-04.37.24:435][766]LogSavePackage:Display: Finished SavePackage ../../../../../../Users/T'sar/Documents/GitHub/Givingitatry/MyUNREALProject/Content/ThirdPersonBP/Maps/ThirdPersonExampleMap.umap
[2017.10.03-04.37.24:465][766]LogFileHelpers: Saving map 'ThirdPersonExampleMap' took 1.226
[2017.10.03-04.37.24:476][766]Cmd: OBJ SAVEPACKAGE PACKAGE="/Game/ThirdPersonBP/RedMat" FILE="../../../../../../Users/T'sar/Documents/GitHub/Givingitatry/MyUNREALProject/Content/ThirdPersonBP/RedMat.uasset" SILENT=true
[2017.10.03-04.37.24:482][766]LogSavePackage: Save=2.64ms
[2017.10.03-04.37.24:482][766]LogSavePackage: Moving '../../../../../../Users/T'sar/Documents/GitHub/Givingitatry/MyUNREALProject/Saved/RedMatA6949EDA48A66F62B8688AB6FB951999.tmp' to '../../../../../../Users/T'sar/Documents/GitHub/Givingitatry/MyUNREALProject/Content/ThirdPersonBP/RedMat.uasset'
[2017.10.03-04.37.24:488][766]LogSavePackage:Display: Finished SavePackage ../../../../../../Users/T'sar/Documents/GitHub/Givingitatry/MyUNREALProject/Content/ThirdPersonBP/RedMat.uasset
[2017.10.03-04.37.25:257][766]LogSavePackage: Save=26.29ms
[2017.10.03-04.37.25:257][766]LogSavePackage: Moving '../../../../../../Users/T'sar/Documents/GitHub/Givingitatry/MyUNREALProject/Saved/RedMat35D2C2174FEA7217ADB1BAB81B94EDA6.tmp' to '../../../../../../Users/T'sar/Documents/GitHub/Givingitatry/MyUNREALProject/Content/ThirdPersonBP/Material/RedMat.uasset'
[2017.10.03-04.37.25:266][766]LogSavePackage:Display: Finished SavePackage ../../../../../../Users/T'sar/Documents/GitHub/Givingitatry/MyUNREALProject/Content/ThirdPersonBP/Material/RedMat.uasset
[2017.10.03-04.38.29:093][993]SourceControl: Info fatal: C:/Program Files (x86)/Epic Games/UE_4.15/Engine/Content/: 'C:/Program Files (x86)/Epic Games/UE_4.15/Engine/Content/' is outside repository
[2017.10.03-04.38.33:886][993]LogPackageName:Error: Illegal call to DoesPackageExist: '../../../../../../Users/T'sar/Documents/GitHub/Givingitatry/MyUNREALProject/MyUNREALProject.uproject' is not a standard unreal filename or a long path name. Reason: Path should be no less than 4 characters long.
[2017.10.03-04.38.35:655][993]LogStats: FPlatformStackWalk::StackWalkAndDump -  1.730 s
[2017.10.03-04.38.35:655][993]LogOutputDevice:Error: === Handled ensure: ===
[2017.10.03-04.38.35:655][993]LogOutputDevice:Error: 
[2017.10.03-04.38.35:655][993]LogOutputDevice:Error: Ensure condition failed: false [File:D:\Build\++UE4+Release-4.15+Compile\Sync\Engine\Source\Runtime\CoreUObject\Private\Misc\PackageName.cpp] [Line: 650]
[2017.10.03-04.38.35:655][993]LogOutputDevice:Error: Illegal call to DoesPackageExist: '../../../../../../Users/T'sar/Documents/GitHub/Givingitatry/MyUNREALProject/MyUNREALProject.uproject' is not a standard unreal filename or a long path name. Reason: Path should be no less than 4 characters long.
[2017.10.03-04.38.35:655][993]LogOutputDevice:Error: Stack: 
[2017.10.03-04.38.35:655][993]LogOutputDevice:Error: UE4Editor-Core.dll!0x0000000098E795E6
[2017.10.03-04.38.35:655][993]LogOutputDevice:Error: UE4Editor-Core.dll!0x0000000098C29B82
[2017.10.03-04.38.35:655][993]LogOutputDevice:Error: UE4Editor-Core.dll!0x0000000098C3B666
[2017.10.03-04.38.35:655][993]LogOutputDevice:Error: UE4Editor-CoreUObject.dll!0x000000008B46A6E8
[2017.10.03-04.38.35:655][993]LogOutputDevice:Error: UE4Editor-SourceControl.dll!0x000000009BB13D22
[2017.10.03-04.38.35:655][993]LogOutputDevice:Error: UE4Editor-SourceControl.dll!0x000000009BB13EB9
[2017.10.03-04.38.35:655][993]LogOutputDevice:Error: UE4Editor-SourceControlWindows.dll!0x00000000837A1D2E
[2017.10.03-04.38.35:655][993]LogOutputDevice:Error: UE4Editor-SourceControlWindows.dll!0x000000008375B4B5
[2017.10.03-04.38.35:655][993]LogOutputDevice:Error: UE4Editor-SourceControlWindows.dll!0x000000008375AA8D
[2017.10.03-04.38.35:655][993]LogOutputDevice:Error: UE4Editor-SourceControlWindows.dll!0x000000008376F274
[2017.10.03-04.38.35:655][993]LogOutputDevice:Error: UE4Editor-GitSourceControl.dll!0x000000007BE3B851
[2017.10.03-04.38.35:655][993]LogOutputDevice:Error: UE4Editor-GitSourceControl.dll!0x000000007BE4D1ED
[2017.10.03-04.38.35:655][993]LogOutputDevice:Error: UE4Editor-SourceControl.dll!0x000000009BB19C5C
[2017.10.03-04.38.35:655][993]LogOutputDevice:Error: UE4Editor-UnrealEd.dll!0x0000000088157517
[2017.10.03-04.38.35:655][993]LogOutputDevice:Error: UE4Editor-UnrealEd.dll!0x0000000088962196
[2017.10.03-04.38.35:655][993]LogOutputDevice:Error: UE4Editor.exe!0x00000000FD05DEE3
[2017.10.03-04.38.35:655][993]LogOutputDevice:Error: UE4Editor.exe!0x00000000FD04EB40
[2017.10.03-04.38.35:655][993]LogOutputDevice:Error: UE4Editor.exe!0x00000000FD04EBBA
[2017.10.03-04.38.35:655][993]LogOutputDevice:Error: UE4Editor.exe!0x00000000FD060A29
[2017.10.03-04.38.35:655][993]LogOutputDevice:Error: UE4Editor.exe!0x00000000FD0622B6
[2017.10.03-04.38.35:655][993]LogOutputDevice:Error: KERNEL32.DLL!0x00000000BD252774
[2017.10.03-04.38.35:655][993]LogOutputDevice:Error: ntdll.dll!0x00000000BFBE0D51
[2017.10.03-04.38.35:655][993]LogOutputDevice:Error: 
[2017.10.03-04.38.35:659][993]LogStats:                SubmitErrorReport -  0.000 s
[2017.10.03-04.38.52:269][993]LogStats:                    SendNewReport - 16.610 s
[2017.10.03-04.38.52:269][993]LogStats:             FDebug::EnsureFailed - 18.382 s
[2017.10.03-04.39.11:290][993]LogSourceControl: FGitCheckInWorker: commit successful
[2017.10.03-04.39.11:718][993]SourceControl: Info On branch master
[2017.10.03-04.39.11:718][993]SourceControl: Info Your branch is ahead of 'origin/master' by 1 commit.
[2017.10.03-04.39.11:718][993]SourceControl: Info   (use "git push" to publish your local commits)
[2017.10.03-04.39.11:718][993]SourceControl: Info Changes not staged for commit:
[2017.10.03-04.39.11:718][993]SourceControl: Info 	modified:   MyUNREALProject/Saved/Logs/MyUNREALProject.log
[2017.10.03-04.39.11:718][993]SourceControl: Info Untracked files:
[2017.10.03-04.39.11:718][993]SourceControl: Info 	MyUNREALProject/Saved/Logs/Git-Temp37E7D8E146E0885EDD101BA0DC6F4EEA.txt
[2017.10.03-04.39.11:718][993]SourceControl: Info 	MyUNREALProject/Saved/Logs/UE4CC-Windows-1F9BA1854CA11B1CF56626B00CC480D2_0000/
[2017.10.03-04.39.11:718][993]SourceControl: Info no changes added to commit
[2017.10.03-04.39.11:727][993]SourceControl: Info Commited On branch master.
[2017.10.03-04.45.16:416][181]LogWindowsTextInputMethodSystem:Display: IME system now deactivated.
[2017.10.03-04.45.17:310][182]Cmd: QUIT_EDITOR
[2017.10.03-04.45.18:605][182]LogExit: Preparing to exit.
[2017.10.03-04.45.20:860][182]LogDirectoryWatcher: A directory notification for 'C:/Users/T'sar/Documents/GitHub/Givingitatry/MyUNREALProject/Content/' was aborted.
[2017.10.03-04.45.21:541][182]LogExit: Editor shut down
[2017.10.03-04.45.21:543][182]LogExit: Transaction tracking system shut down
[2017.10.03-04.45.22:599][182]LogTemp:Display: Removed shader map 0x000002157354FC80 from material 0x00000215615A0A00
[2017.10.03-04.45.22:637][182]LogTemp:Display: Removed shader map 0x000002150E32D280 from material 0x00000215614F3100
[2017.10.03-04.45.37:214][182]LogObj: Freed 0b from 0 cluster array pools.
[2017.10.03-04.45.37:215][182]LogExit: Object subsystem successfully closed.
[2017.10.03-04.45.41:728][182]LogD3D11RHI: Shutdown
[2017.10.03-04.45.41:728][182]LogD3D11RHI: CleanupD3DDevice
[2017.10.03-04.45.45:271][182]LogD3D11RHI: ~FD3D11DynamicRHI
[2017.10.03-04.45.48:750][182]LogModuleManager: Shutting down and abandoning module HierarchicalLODUtilities (504)
[2017.10.03-04.45.48:750][182]LogModuleManager: Shutting down and abandoning module MaterialEditor (502)
[2017.10.03-04.45.48:750][182]LogModuleManager: Shutting down and abandoning module SynthBenchmark (500)
[2017.10.03-04.45.48:750][182]LogModuleManager: Shutting down and abandoning module HierarchicalLODOutliner (498)
[2017.10.03-04.45.48:819][182]LogModuleManager: Shutting down and abandoning module CrashTracker (496)
[2017.10.03-04.45.48:819][182]LogModuleManager: Shutting down and abandoning module SceneOutliner (494)
[2017.10.03-04.45.48:819][182]LogModuleManager: Shutting down and abandoning module AddContentDialog (492)
[2017.10.03-04.45.48:887][182]LogDirectoryWatcher: A directory notification for 'C:/Program Files (x86)/Epic Games/UE_4.15/FeaturePacks/' was aborted.
[2017.10.03-04.45.49:061][182]LogModuleManager: Shutting down and abandoning module WidgetCarousel (491)
[2017.10.03-04.45.49:061][182]LogModuleManager: Shutting down and abandoning module EditorWidgets (488)
[2017.10.03-04.45.49:061][182]LogModuleManager: Shutting down and abandoning module CollectionManager (486)
[2017.10.03-04.45.49:122][182]LogDirectoryWatcher: A directory notification for 'C:/Users/T'sar/Documents/GitHub/Givingitatry/MyUNREALProject/Content/Collections/' was aborted.
[2017.10.03-04.45.49:123][182]LogDirectoryWatcher: A directory notification for 'C:/Users/T'sar/Documents/GitHub/Givingitatry/MyUNREALProject/Content/Developers/Tsar/Collections/' was aborted.
[2017.10.03-04.45.49:123][182]LogDirectoryWatcher: A directory notification for 'C:/Users/T'sar/Documents/GitHub/Givingitatry/MyUNREALProject/Saved/Collections/' was aborted.
[2017.10.03-04.45.49:123][182]LogModuleManager: Shutting down and abandoning module StatsViewer (484)
[2017.10.03-04.45.49:145][182]LogModuleManager: Shutting down and abandoning module FoliageEdit (482)
[2017.10.03-04.45.49:145][182]LogModuleManager: Shutting down and abandoning module LandscapeEditor (480)
[2017.10.03-04.45.49:209][182]LogModuleManager: Shutting down and abandoning module SceneDepthPickerMode (478)
[2017.10.03-04.45.49:209][182]LogModuleManager: Shutting down and abandoning module ActorPickerMode (476)
[2017.10.03-04.45.49:209][182]LogModuleManager: Shutting down and abandoning module GeometryMode (474)
[2017.10.03-04.45.49:209][182]LogModuleManager: Shutting down and abandoning module TextureAlignMode (472)
[2017.10.03-04.45.49:209][182]LogModuleManager: Shutting down and abandoning module BspMode (470)
[2017.10.03-04.45.49:284][182]LogModuleManager: Shutting down and abandoning module HardwareSurvey (468)
[2017.10.03-04.45.49:284][182]LogModuleManager: Shutting down and abandoning module SequenceRecorderSections (466)
[2017.10.03-04.45.49:284][182]LogModuleManager: Shutting down and abandoning module AutomationWorker (464)
[2017.10.03-04.45.49:321][182]LogModuleManager: Shutting down and abandoning module MatineeToLevelSequence (462)
[2017.10.03-04.45.49:321][182]LogModuleManager: Shutting down and abandoning module LevelSequenceEditor (460)
[2017.10.03-04.45.49:508][182]LogModuleManager: Shutting down and abandoning module PlacementMode (459)
[2017.10.03-04.45.49:508][182]LogModuleManager: Shutting down and abandoning module WmfMediaFactory (456)
[2017.10.03-04.45.49:508][182]LogModuleManager: Shutting down and abandoning module WmfMediaEditor (454)
[2017.10.03-04.45.49:508][182]LogModuleManager: Shutting down and abandoning module MfMediaFactory (452)
[2017.10.03-04.45.49:508][182]LogModuleManager: Shutting down and abandoning module MfMediaEditor (450)
[2017.10.03-04.45.49:508][182]LogModuleManager: Shutting down and abandoning module AvfMediaFactory (448)
[2017.10.03-04.45.49:508][182]LogModuleManager: Shutting down and abandoning module AvfMediaEditor (446)
[2017.10.03-04.45.49:508][182]LogModuleManager: Shutting down and abandoning module AndroidMediaFactory (444)
[2017.10.03-04.45.49:508][182]LogModuleManager: Shutting down and abandoning module Media (443)
[2017.10.03-04.45.49:508][182]LogModuleManager: Shutting down and abandoning module AndroidMediaEditor (440)
[2017.10.03-04.45.49:508][182]LogModuleManager: Shutting down and abandoning module CharacterAI (438)
[2017.10.03-04.45.49:508][182]LogModuleManager: Shutting down and abandoning module AudioCapture (436)
[2017.10.03-04.45.49:508][182]LogModuleManager: Shutting down and abandoning module SequenceRecorder (435)
[2017.10.03-04.45.49:667][182]LogModuleManager: Shutting down and abandoning module SmartSnapping (432)
[2017.10.03-04.45.49:667][182]LogModuleManager: Shutting down and abandoning module SessionServices (430)
[2017.10.03-04.45.49:667][182]LogModuleManager: Shutting down and abandoning module ViewportSnapping (428)
[2017.10.03-04.45.49:667][182]LogModuleManager: Shutting down and abandoning module ViewportInteraction (426)
[2017.10.03-04.45.49:667][182]LogModuleManager: Shutting down and abandoning module LogVisualizer (424)
[2017.10.03-04.45.49:768][182]LogModuleManager: Shutting down and abandoning module IntroTutorials (422)
[2017.10.03-04.45.49:795][182]LogModuleManager: Shutting down and abandoning module GameProjectGeneration (421)
[2017.10.03-04.45.49:897][182]LogModuleManager: Shutting down and abandoning module EditorLiveStreaming (418)
[2017.10.03-04.45.49:897][182]LogModuleManager: Shutting down and abandoning module IOSPlatformEditor (416)
[2017.10.03-04.45.49:897][182]LogModuleManager: Shutting down and abandoning module HTML5PlatformEditor (414)
[2017.10.03-04.45.49:897][182]LogModuleManager: Shutting down and abandoning module AndroidPlatformEditor (412)
[2017.10.03-04.45.49:925][182]LogModuleManager: Shutting down and abandoning module AndroidDeviceDetection (411)
[2017.10.03-04.45.51:392][182]LogModuleManager: Shutting down and abandoning module IOSRuntimeSettings (408)
[2017.10.03-04.45.51:392][182]LogModuleManager: Shutting down and abandoning module AndroidRuntimeSettings (406)
[2017.10.03-04.45.51:392][182]LogModuleManager: Shutting down and abandoning module InputBindingEditor (404)
[2017.10.03-04.45.51:429][182]LogModuleManager: Shutting down and abandoning module NiagaraEditor (402)
[2017.10.03-04.45.51:481][182]LogModuleManager: Shutting down and abandoning module MergeActors (400)
[2017.10.03-04.45.51:538][182]LogModuleManager: Shutting down and abandoning module SizeMap (398)
[2017.10.03-04.45.51:539][182]LogModuleManager: Shutting down and abandoning module TreeMap (396)
[2017.10.03-04.45.51:589][182]LogModuleManager: Shutting down and abandoning module ReferenceViewer (394)
[2017.10.03-04.45.51:589][182]LogModuleManager: Shutting down and abandoning module LocalizationDashboard (392)
[2017.10.03-04.45.51:604][182]LogModuleManager: Shutting down and abandoning module LocalizationService (391)
[2017.10.03-04.45.51:620][182]LogModuleManager: Shutting down and abandoning module HardwareTargeting (388)
[2017.10.03-04.45.51:628][182]LogModuleManager: Shutting down and abandoning module DeviceProfileEditor (386)
[2017.10.03-04.45.51:640][182]LogModuleManager: Shutting down and abandoning module UndoHistory (384)
[2017.10.03-04.45.51:670][182]LogModuleManager: Shutting down and abandoning module UserFeedback (382)
[2017.10.03-04.45.51:670][182]LogModuleManager: Shutting down and abandoning module XmlParser (380)
[2017.10.03-04.45.51:670][182]LogModuleManager: Shutting down and abandoning module Blutility (378)
[2017.10.03-04.45.51:685][182]LogModuleManager: Shutting down and abandoning module ProjectSettingsViewer (376)
[2017.10.03-04.45.51:686][182]LogModuleManager: Shutting down and abandoning module ProjectTargetPlatformEditor (375)
[2017.10.03-04.45.51:686][182]LogModuleManager: Shutting down and abandoning module EditorSettingsViewer (372)
[2017.10.03-04.45.51:686][182]LogModuleManager: Shutting down and abandoning module SettingsEditor (370)
[2017.10.03-04.45.51:708][182]LogModuleManager: Shutting down and abandoning module ProjectLauncher (368)
[2017.10.03-04.45.51:730][182]LogModuleManager: Shutting down and abandoning module SessionFrontend (366)
[2017.10.03-04.45.51:752][182]LogModuleManager: Shutting down and abandoning module ProfilerClient (364)
[2017.10.03-04.45.51:775][182]LogModuleManager: Shutting down and abandoning module DeviceManager (362)
[2017.10.03-04.45.51:801][182]LogModuleManager: Shutting down and abandoning module TargetDeviceServices (361)
[2017.10.03-04.45.51:847][182]LogModuleManager: Shutting down and abandoning module AutomationController (358)
[2017.10.03-04.45.51:881][182]LogModuleManager: Shutting down and abandoning module AutomationWindow (356)
[2017.10.03-04.45.51:907][182]LogModuleManager: Shutting down and abandoning module Layers (354)
[2017.10.03-04.45.51:949][182]LogModuleManager: Shutting down and abandoning module ComponentVisualizers (352)
[2017.10.03-04.45.51:949][182]LogModuleManager: Shutting down and abandoning module DetailCustomizations (350)
[2017.10.03-04.45.51:961][182]LogModuleManager: Shutting down and abandoning module PackagesDialog (348)
[2017.10.03-04.45.51:961][182]LogModuleManager: Shutting down and abandoning module Persona (346)
[2017.10.03-04.45.52:104][182]LogModuleManager: Shutting down and abandoning module AnimGraph (345)
[2017.10.03-04.45.52:104][182]LogModuleManager: Shutting down and abandoning module Kismet (342)
[2017.10.03-04.45.52:123][182]LogModuleManager: Shutting down and abandoning module GraphEditor (340)
[2017.10.03-04.45.52:123][182]LogModuleManager: Shutting down and abandoning module ClassViewer (338)
[2017.10.03-04.45.52:123][182]LogModuleManager: Shutting down and abandoning module Toolbox (336)
[2017.10.03-04.45.52:123][182]LogModuleManager: Shutting down and abandoning module ModuleUI (334)
[2017.10.03-04.45.52:181][182]LogModuleManager: Shutting down and abandoning module MovieSceneTools (332)
[2017.10.03-04.45.52:231][182]LogModuleManager: Shutting down and abandoning module OutputLog (330)
[2017.10.03-04.45.52:284][182]LogModuleManager: Shutting down and abandoning module GammaUI (328)
[2017.10.03-04.45.52:364][182]LogModuleManager: Shutting down and abandoning module Documentation (326)
[2017.10.03-04.45.52:364][182]LogModuleManager: Shutting down and abandoning module Niagara (324)
[2017.10.03-04.45.52:364][182]LogModuleManager: Shutting down and abandoning module StreamingPauseRendering (322)
[2017.10.03-04.45.52:365][182]LogModuleManager: Shutting down and abandoning module AnalyticsET (320)
[2017.10.03-04.45.52:365][182]LogModuleManager: Shutting down and abandoning module PortalServices (318)
[2017.10.03-04.45.52:365][182]LogModuleManager: Shutting down and abandoning module PortalRpc (316)
[2017.10.03-04.45.52:365][182]LogModuleManager: Shutting down and abandoning module MessagingRpc (314)
[2017.10.03-04.45.52:365][182]LogModuleManager: Shutting down and abandoning module AIModule (312)
[2017.10.03-04.45.52:365][182]LogModuleManager: Shutting down and abandoning module GameplayDebugger (311)
[2017.10.03-04.45.52:467][182]LogModuleManager: Shutting down and abandoning module AITestSuite (309)
[2017.10.03-04.45.52:467][182]LogModuleManager: Shutting down and abandoning module ProfilerService (306)
[2017.10.03-04.45.52:555][182]LogModuleManager: Shutting down and abandoning module TaskGraph (304)
[2017.10.03-04.45.53:153][182]LogModuleManager: Shutting down and abandoning module SteamVRController (302)
[2017.10.03-04.45.53:153][182]LogModuleManager: Shutting down and abandoning module SteamVR (300)
[2017.10.03-04.45.53:153][182]LogModuleManager: Shutting down and abandoning module ProceduralMeshComponentEditor (298)
[2017.10.03-04.45.53:153][182]LogModuleManager: Shutting down and abandoning module ProceduralMeshComponent (296)
[2017.10.03-04.45.53:255][182]LogModuleManager: Shutting down and abandoning module OculusLibrary (294)
[2017.10.03-04.45.53:255][182]LogModuleManager: Shutting down and abandoning module OculusInput (292)
[2017.10.03-04.45.53:255][182]LogModuleManager: Shutting down and abandoning module MobilePatchingUtils (290)
[2017.10.03-04.45.53:255][182]LogModuleManager: Shutting down and abandoning module CustomMeshComponent (288)
[2017.10.03-04.45.53:255][182]LogModuleManager: Shutting down and abandoning module CableComponent (286)
[2017.10.03-04.45.53:255][182]LogModuleManager: Shutting down and abandoning module ArchVisCharacter (284)
[2017.10.03-04.45.53:255][182]LogModuleManager: Shutting down and abandoning module MediaPlayerEditor (280)
[2017.10.03-04.45.53:560][182]LogModuleManager: Shutting down and abandoning module HTML5Networking (278)
[2017.10.03-04.45.53:560][182]LogModuleManager: Shutting down and abandoning module AlembicImporter (276)
[2017.10.03-04.45.53:575][182]LogModuleManager: Shutting down and abandoning module AlembicLibrary (275)
[2017.10.03-04.45.53:575][182]LogModuleManager: Shutting down and abandoning module GeometryCache (274)
[2017.10.03-04.45.53:575][182]LogModuleManager: Shutting down and abandoning module GeometryCacheEd (273)
[2017.10.03-04.45.53:575][182]LogModuleManager: Shutting down and abandoning module SuperSearchEditor (268)
[2017.10.03-04.45.53:575][182]LogModuleManager: Shutting down and abandoning module SuperSearch (267)
[2017.10.03-04.45.53:575][182]LogModuleManager: Shutting down and abandoning module SpeedTreeImporter (264)
[2017.10.03-04.45.53:575][182]LogModuleManager: Shutting down and abandoning module PluginBrowser (262)
[2017.10.03-04.45.53:656][182]LogModuleManager: Shutting down and abandoning module MobileLauncherProfileWizard (260)
[2017.10.03-04.45.53:700][182]LogModuleManager: Shutting down and abandoning module EpicSurvey (258)
[2017.10.03-04.45.53:700][182]LogModuleManager: Shutting down and abandoning module VisualStudioSourceCodeAccess (256)
[2017.10.03-04.45.53:700][182]LogModuleManager: Shutting down and abandoning module DesktopPlatform (255)
[2017.10.03-04.45.53:700][182]LogModuleManager: Shutting down and abandoning module UObjectPlugin (252)
[2017.10.03-04.45.53:700][182]LogModuleManager: Shutting down and abandoning module SubversionSourceControl (250)
[2017.10.03-04.45.53:733][182]LogModuleManager: Shutting down and abandoning module PerforceSourceControl (248)
[2017.10.03-04.45.53:813][182]LogModuleManager: Shutting down and abandoning module GitSourceControl (246)
[2017.10.03-04.45.53:813][182]LogModuleManager: Shutting down and abandoning module SourceControl (245)
[2017.10.03-04.45.53:813][182]LogModuleManager: Shutting down and abandoning module LightPropagationVolumeEditor (242)
[2017.10.03-04.45.53:813][182]LogModuleManager: Shutting down and abandoning module PaperTiledImporter (240)
[2017.10.03-04.45.53:813][182]LogModuleManager: Shutting down and abandoning module PaperSpriteSheetImporter (238)
[2017.10.03-04.45.53:813][182]LogModuleManager: Shutting down and abandoning module Paper2DEditor (236)
[2017.10.03-04.45.53:839][182]LogModuleManager: Shutting down and abandoning module MeshPaint (235)
[2017.10.03-04.45.53:854][182]LogModuleManager: Shutting down and abandoning module LevelEditor (233)
[2017.10.03-04.45.53:870][182]LogModuleManager: Shutting down and abandoning module PixelInspectorModule (232)
[2017.10.03-04.45.53:900][182]LogModuleManager: Shutting down and abandoning module MainFrame (230)
[2017.10.03-04.45.53:900][182]LogModuleManager: Shutting down and abandoning module HotReload (229)
[2017.10.03-04.45.53:989][182]LogModuleManager: Shutting down and abandoning module ContentBrowser (225)
[2017.10.03-04.45.53:993][182]LogModuleManager: Shutting down and abandoning module PhysXVehiclesEditor (222)
[2017.10.03-04.45.54:004][182]LogModuleManager: Shutting down and abandoning module PhysXVehicles (220)
[2017.10.03-04.45.54:004][182]LogModuleManager: Shutting down and abandoning module LocationServicesBPLibrary (218)
[2017.10.03-04.45.54:004][182]LogModuleManager: Shutting down and abandoning module UdpMessaging (216)
[2017.10.03-04.45.54:135][182]LogModuleManager: Shutting down and abandoning module TcpMessaging (214)
[2017.10.03-04.45.56:062][182]LogModuleManager: Shutting down and abandoning module GameplayTagsEditor (212)
[2017.10.03-04.45.56:155][182]LogModuleManager: Shutting down and abandoning module FacialAnimationEditor (210)
[2017.10.03-04.45.56:173][182]LogModuleManager: Shutting down and abandoning module FacialAnimation (208)
[2017.10.03-04.45.56:174][182]LogModuleManager: Shutting down and abandoning module LightPropagationVolumeRuntime (206)
[2017.10.03-04.45.56:174][182]LogModuleManager: Shutting down and abandoning module Paper2D (204)
[2017.10.03-04.45.56:194][182]LogModuleManager: Shutting down and abandoning module WindowsMoviePlayer (202)
[2017.10.03-04.45.56:194][182]LogModuleManager: Shutting down and abandoning module WmfMedia (200)
[2017.10.03-04.45.56:227][182]LogModuleManager: Shutting down and abandoning module MfMedia (198)
[2017.10.03-04.45.56:227][182]LogModuleManager: Shutting down and abandoning module MediaAssets (196)
[2017.10.03-04.45.56:227][182]LogModuleManager: Shutting down and abandoning module GameLiveStreaming (194)
[2017.10.03-04.45.56:240][182]LogModuleManager: Shutting down and abandoning module VREditor (192)
[2017.10.03-04.45.56:240][182]LogModuleManager: Shutting down and abandoning module GameplayTasksEditor (190)
[2017.10.03-04.45.56:240][182]LogModuleManager: Shutting down and abandoning module BehaviorTreeEditor (188)
[2017.10.03-04.45.56:438][182]LogModuleManager: Shutting down and abandoning module FunctionalTesting (186)
[2017.10.03-04.45.56:477][182]LogModuleManager: Shutting down and abandoning module CollisionAnalyzer (184)
[2017.10.03-04.45.56:551][182]LogModuleManager: Shutting down and abandoning module UMG (182)
[2017.10.03-04.45.56:626][182]LogModuleManager: Shutting down and abandoning module UMGEditor (181)
[2017.10.03-04.45.56:802][182]LogModuleManager: Shutting down and abandoning module Sequencer (180)
[2017.10.03-04.45.56:910][182]LogModuleManager: Shutting down and abandoning module AssetTools (178)
[2017.10.03-04.45.56:910][182]LogModuleManager: Shutting down and abandoning module MessageLog (177)
[2017.10.03-04.45.56:910][182]LogModuleManager: Shutting down and abandoning module WorkspaceMenuStructure (176)
[2017.10.03-04.45.56:910][182]LogModuleManager: Shutting down and abandoning module SlateReflector (170)
[2017.10.03-04.45.57:519][182]LogModuleManager: Shutting down and abandoning module Slate (168)
[2017.10.03-04.45.57:519][182]LogModuleManager: Shutting down and abandoning module EditorStyle (166)
[2017.10.03-04.45.57:618][182]LogModuleManager: Shutting down and abandoning module SourceCodeAccess (164)
[2017.10.03-04.45.57:618][182]LogModuleManager: Shutting down and abandoning module HeadMountedDisplay (162)
[2017.10.03-04.45.57:618][182]LogModuleManager: Shutting down and abandoning module XAudio2 (160)
[2017.10.03-04.45.57:618][182]LogModuleManager: Shutting down and abandoning module Networking (158)
[2017.10.03-04.45.57:618][182]LogModuleManager: Shutting down and abandoning module Core (154)
[2017.10.03-04.45.57:618][182]LogModuleManager: Shutting down and abandoning module AssetRegistry (152)
[2017.10.03-04.45.58:701][182]LogDirectoryWatcher: A directory notification for '../../../Engine/Content/' was aborted.
[2017.10.03-04.45.58:701][182]LogDirectoryWatcher: A directory notification for '../../../../../../Users/T'sar/Documents/GitHub/Givingitatry/MyUNREALProject/Content/' was aborted.
[2017.10.03-04.45.58:701][182]LogDirectoryWatcher: A directory notification for '../../../Engine/Plugins/2D/Paper2D/Content/' was aborted.
[2017.10.03-04.45.58:722][182]LogModuleManager: Shutting down and abandoning module DirectoryWatcher (151)
[2017.10.03-04.45.58:732][182]LogModuleManager: Shutting down and abandoning module KismetCompiler (148)
[2017.10.03-04.45.58:732][182]LogModuleManager: Shutting down and abandoning module PhysXFormats (146)
[2017.10.03-04.45.58:732][182]LogModuleManager: Shutting down and abandoning module MeshUtilities (144)
[2017.10.03-04.45.58:772][182]LogModuleManager: Shutting down and abandoning module SimplygonSwarm (143)
[2017.10.03-04.45.58:792][182]LogModuleManager: Shutting down and abandoning module SimplygonMeshReduction (141)
[2017.10.03-04.45.58:792][182]LogModuleManager: Shutting down and abandoning module QuadricMeshReduction (139)
[2017.10.03-04.45.58:792][182]LogModuleManager: Shutting down and abandoning module PropertyEditor (137)
[2017.10.03-04.45.58:792][182]LogModuleManager: Shutting down and abandoning module DerivedDataCache (134)
[2017.10.03-04.46.00:135][182]LogDerivedDataCache: Shutdown
[2017.10.03-04.46.00:135][182]LogModuleManager: Shutting down and abandoning module TargetPlatform (132)
[2017.10.03-04.46.00:135][182]LogModuleManager: Shutting down and abandoning module VulkanShaderFormat (131)
[2017.10.03-04.46.00:203][182]LogModuleManager: Shutting down and abandoning module ShaderFormatOpenGL (129)
[2017.10.03-04.46.00:223][182]LogModuleManager: Shutting down and abandoning module ShaderFormatD3D (127)
[2017.10.03-04.46.00:223][182]LogModuleManager: Shutting down and abandoning module MetalShaderFormat (125)
[2017.10.03-04.46.00:246][182]LogModuleManager: Shutting down and abandoning module TextureFormatUncompressed (123)
[2017.10.03-04.46.00:246][182]LogModuleManager: Shutting down and abandoning module TextureFormatPVR (121)
[2017.10.03-04.46.00:246][182]LogModuleManager: Shutting down and abandoning module TextureFormatDXT (119)
[2017.10.03-04.46.00:246][182]LogModuleManager: Shutting down and abandoning module TextureFormatIntelISPCTexComp (117)
[2017.10.03-04.46.00:264][182]LogModuleManager: Shutting down and abandoning module TextureFormatASTC (115)
[2017.10.03-04.46.00:264][182]LogModuleManager: Shutting down and abandoning module ImageWrapper (114)
[2017.10.03-04.46.00:264][182]LogModuleManager: Shutting down and abandoning module TextureFormatAndroid (111)
[2017.10.03-04.46.00:264][182]LogModuleManager: Shutting down and abandoning module AudioFormatOpus (109)
[2017.10.03-04.46.00:281][182]LogModuleManager: Shutting down and abandoning module AudioFormatOgg (107)
[2017.10.03-04.46.00:281][182]LogModuleManager: Shutting down and abandoning module AudioFormatADPCM (105)
[2017.10.03-04.46.00:281][182]LogModuleManager: Shutting down and abandoning module LinuxTargetPlatform (103)
[2017.10.03-04.46.00:281][182]LogModuleManager: Shutting down and abandoning module LinuxServerTargetPlatform (101)
[2017.10.03-04.46.00:281][182]LogModuleManager: Shutting down and abandoning module LinuxNoEditorTargetPlatform (99)
[2017.10.03-04.46.00:281][182]LogModuleManager: Shutting down and abandoning module LinuxClientTargetPlatform (97)
[2017.10.03-04.46.00:281][182]LogModuleManager: Shutting down and abandoning module TVOSTargetPlatform (95)
[2017.10.03-04.46.00:281][182]LogModuleManager: Shutting down and abandoning module Messaging (93)
[2017.10.03-04.46.00:281][182]LogModuleManager: Shutting down and abandoning module IOSTargetPlatform (91)
[2017.10.03-04.46.00:282][182]LogModuleManager: Shutting down and abandoning module HTML5TargetPlatform (89)
[2017.10.03-04.46.00:282][182]LogModuleManager: Shutting down and abandoning module Android_PVRTCTargetPlatform (87)
[2017.10.03-04.46.00:282][182]LogModuleManager: Shutting down and abandoning module Android_MultiTargetPlatform (85)
[2017.10.03-04.46.00:282][182]LogModuleManager: Shutting down and abandoning module Android_ETC2TargetPlatform (83)
[2017.10.03-04.46.00:282][182]LogModuleManager: Shutting down and abandoning module Android_ETC1TargetPlatform (81)
[2017.10.03-04.46.00:282][182]LogModuleManager: Shutting down and abandoning module Android_DXTTargetPlatform (79)
[2017.10.03-04.46.00:282][182]LogModuleManager: Shutting down and abandoning module Android_ATCTargetPlatform (77)
[2017.10.03-04.46.00:282][182]LogModuleManager: Shutting down and abandoning module Android_ASTCTargetPlatform (75)
[2017.10.03-04.46.00:282][182]LogModuleManager: Shutting down and abandoning module AndroidTargetPlatform (73)
[2017.10.03-04.46.00:282][182]LogModuleManager: Shutting down and abandoning module WindowsTargetPlatform (71)
[2017.10.03-04.46.00:282][182]LogModuleManager: Shutting down and abandoning module WindowsServerTargetPlatform (69)
[2017.10.03-04.46.00:282][182]LogModuleManager: Shutting down and abandoning module WindowsNoEditorTargetPlatform (67)
[2017.10.03-04.46.00:282][182]LogModuleManager: Shutting down and abandoning module WindowsClientTargetPlatform (65)
[2017.10.03-04.46.00:282][182]LogModuleManager: Shutting down and abandoning module MacTargetPlatform (63)
[2017.10.03-04.46.00:282][182]LogModuleManager: Shutting down and abandoning module MacServerTargetPlatform (61)
[2017.10.03-04.46.00:282][182]LogModuleManager: Shutting down and abandoning module MacNoEditorTargetPlatform (59)
[2017.10.03-04.46.00:282][182]LogModuleManager: Shutting down and abandoning module MacClientTargetPlatform (57)
[2017.10.03-04.46.00:283][182]LogModuleManager: Shutting down and abandoning module AllDesktopTargetPlatform (55)
[2017.10.03-04.46.00:283][182]LogModuleManager: Shutting down and abandoning module InputCore (52)
[2017.10.03-04.46.00:283][182]LogModuleManager: Shutting down and abandoning module Settings (50)
[2017.10.03-04.46.00:283][182]LogModuleManager: Shutting down and abandoning module OculusRift (48)
[2017.10.03-04.46.00:314][182]LogModuleManager: Shutting down and abandoning module GearVR (46)
[2017.10.03-04.46.00:314][182]LogModuleManager: Shutting down and abandoning module ExampleDeviceProfileSelector (44)
[2017.10.03-04.46.00:314][182]LogModuleManager: Shutting down and abandoning module OnlineBlueprintSupport (42)
[2017.10.03-04.46.00:314][182]LogModuleManager: Shutting down and abandoning module OnlineSubsystem (38)
[2017.10.03-04.46.00:314][182]LogOnline:Display: Unloading online subsystem: NULL
[2017.10.03-04.46.00:350][182]LogModuleManager: Shutting down and abandoning module XMPP (37)
[2017.10.03-04.46.00:370][182]LogModuleManager: Shutting down and abandoning module HTTP (35)
[2017.10.03-04.46.00:389][182]LogHttp:Display: Http module shutting down, but needs to wait on 1 outstanding Http requests:
[2017.10.03-04.46.00:389][182]LogHttp:Display: 	verb=[POST] url=[https://datarouter.ol.epicgames.com/datarouter/api/v1/public/data?SessionID=%7B41204E97-4B74-6148-4AAF-3BB41C3020D7%7D&AppID=UEEditor.Rocket.Release&AppVersion=4.15.3-3450819%2B%2B%2BUE4%2BRelease-4.15&UserID=00c6bc3e4a90b29be379ea8bda03f840%7C4e52399356044f1baac68bdb5a4ee55b%7C83686116-e3b2-429b-860c-dd8fd7848643&AppEnvironment=datacollector-binary&UploadType=eteventstream] status=Processing
[2017.10.03-04.46.00:396][182]LogModuleManager: Shutting down and abandoning module SSL (34)
[2017.10.03-04.46.00:425][182]LogModuleManager: Shutting down and abandoning module AudioEditor (30)
[2017.10.03-04.46.00:441][182]LogModuleManager: Shutting down and abandoning module TextureCompressor (28)
[2017.10.03-04.46.00:458][182]LogModuleManager: Shutting down and abandoning module ShaderCore (26)
[2017.10.03-04.46.00:458][182]LogModuleManager: Shutting down and abandoning module Landscape (24)
[2017.10.03-04.46.00:458][182]LogModuleManager: Shutting down and abandoning module SlateRHIRenderer (22)
[2017.10.03-04.46.00:543][182]LogModuleManager: Shutting down and abandoning module OpenGLDrv (20)
[2017.10.03-04.46.00:556][182]LogModuleManager: Shutting down and abandoning module D3D11RHI (18)
[2017.10.03-04.46.00:556][182]LogModuleManager: Shutting down and abandoning module AnimGraphRuntime (16)
[2017.10.03-04.46.00:571][182]LogModuleManager: Shutting down and abandoning module Renderer (14)
[2017.10.03-04.46.00:571][182]LogModuleManager: Shutting down and abandoning module Engine (12)
[2017.10.03-04.46.00:571][182]LogModuleManager: Shutting down and abandoning module CoreUObject (10)
[2017.10.03-04.46.00:571][182]LogModuleManager: Shutting down and abandoning module NetworkFile (8)
[2017.10.03-04.46.00:571][182]LogModuleManager: Shutting down and abandoning module StreamingFile (6)
[2017.10.03-04.46.00:571][182]LogModuleManager: Shutting down and abandoning module SandboxFile (4)
[2017.10.03-04.46.00:572][182]LogModuleManager: Shutting down and abandoning module PakFile (2)
[2017.10.03-04.46.00:609][182]LogExit: Exiting.
[2017.10.03-04.46.00:673][182]Log file closed, 10/02/17 23:46:00
