Log file open, 10/02/17 23:44:33
LogInit:Display: Running engine for game: MyUNREALProject
LogPlatformFile: Not using cached read wrapper
LogInit:Display: RandInit(634874922) SRandInit(634874922).
LogTaskGraph: Started task graph with 5 named threads and 6 total threads with 1 sets of task threads.
LogStats: Stats thread started at 0.072316
LogInit: Using libcurl 7.47.1
LogInit:  - built for x86_64-pc-win32
LogInit:  - supports SSL with OpenSSL/1.0.2g
LogInit:  - supports HTTP deflate (compression) using libz 1.2.8
LogInit:  - other features:
LogInit:      CURL_VERSION_SSL
LogInit:      CURL_VERSION_LIBZ
LogInit:      CURL_VERSION_IPV6
LogInit:      CURL_VERSION_ASYNCHDNS
LogInit:      CURL_VERSION_LARGEFILE
LogInit:      CURL_VERSION_IDN
LogInit:  CurlRequestOptions (configurable via config and command line):
LogInit:  - bVerifyPeer = false  - Libcurl will NOT verify peer certificate
LogInit:  - bUseHttpProxy = false  - Libcurl will NOT use HTTP proxy
LogInit:  - bDontReuseConnections = false  - Libcurl will reuse connections
LogInit:  - CertBundlePath = nullptr  - Libcurl will use whatever was configured at build time.
LogInit: Build: ++UE4+Release-4.15-CL-3450819
LogInit: Engine Version: 4.15.3-3450819+++UE4+Release-4.15
LogInit: Compatible Engine Version: 4.15.0-3299760+++UE4+Release-4.15
LogInit: Net CL: 3299760
LogDevObjectVersion: Number of dev versions registered: 14
LogDevObjectVersion:   Dev-Blueprints (B0D832E4-1F89-4F0D-ACCF-7EB736FD4AA2): 8
LogDevObjectVersion:   Dev-Build (E1C64328-A22C-4D53-A36C-8E866417BD8C): 0
LogDevObjectVersion:   Dev-Core (375EC13C-06E4-48FB-B500-84F0262A717E): 2
LogDevObjectVersion:   Dev-Editor (E4B068ED-F494-42E9-A231-DA0B2E46BB41): 14
LogDevObjectVersion:   Dev-Framework (CFFC743F-43B0-4480-9391-14DF171D2073): 22
LogDevObjectVersion:   Dev-Mobile (B02B49B5-BB20-44E9-A304-32B752E40360): 0
LogDevObjectVersion:   Dev-Networking (A4E4105C-59A1-49B5-A7C5-40C4547EDFEE): 0
LogDevObjectVersion:   Dev-Online (39C831C9-5AE6-47DC-9A44-9C173E1C8E7C): 0
LogDevObjectVersion:   Dev-Physics (78F01B33-EBEA-4F98-B9B4-84EACCB95AA2): 0
LogDevObjectVersion:   Dev-Platform (6631380F-2D4D-43E0-8009-CF276956A95A): 0
LogDevObjectVersion:   Dev-Rendering (12F88B9F-8875-4AFC-A67C-D90C383ABD29): 12
LogDevObjectVersion:   Dev-Sequencer (7B5AE74C-D270-4C10-A958-57980B212A5A): 3
LogDevObjectVersion:   Dev-VR (D7296918-1DD6-4BDD-9DE2-64A83CC13884): 0
LogDevObjectVersion:   Dev-LoadTimes (C2A15278-BFE7-4AFE-6C17-90FF531DF755): 1
LogInit: Compiled (64-bit): May 21 2017 11:02:34
LogInit: Compiled with Visual C++: 19.00.23026.00
LogInit: Build Configuration: Development
LogInit: Branch Name: ++UE4+Release-4.15
LogInit: Command line: -EpicPortal 
LogInit: Base directory: C:/Program Files/Epic Games/UE_4.15/Engine/Binaries/Win64/
LogInit: Installed Engine Build: 1
LogInit: Presizing for max 8388607 objects, including 0 objects not considered by GC, pre-allocating 0 bytes for permanent pool.
LogInit: Object subsystem initialized
[2017.10.03-04.44.34:484][  0]LogInit: Selected Device Profile: [Windows]
[2017.10.03-04.44.34:484][  0]LogInit: Applying CVar settings loaded from the selected device profile: [Windows]
[2017.10.03-04.44.34:499][  0]LogInit: Computer: DESKTOP-SSSFMAE
[2017.10.03-04.44.34:499][  0]LogInit: User: Richa
[2017.10.03-04.44.34:499][  0]LogInit: CPU Page size=65536, Cores=2
[2017.10.03-04.44.34:499][  0]LogInit: High frequency timer resolution =2.343753 MHz
[2017.10.03-04.44.34:499][  0]LogMemory: Memory total: Physical=7.9GB (8GB approx)
[2017.10.03-04.44.34:499][  0]LogMemory: Platform Memory Stats for Windows
[2017.10.03-04.44.34:499][  0]LogMemory: Process Physical Memory: 262.55 MB used, 262.55 MB peak
[2017.10.03-04.44.34:499][  0]LogMemory: Process Virtual Memory: 261.94 MB used, 261.94 MB peak
[2017.10.03-04.44.34:499][  0]LogMemory: Physical Memory: 5101.26 MB used,  2995.40 MB free, 8096.66 MB total
[2017.10.03-04.44.34:499][  0]LogMemory: Virtual Memory: 642.95 MB used,  2995.40 MB free, 134217728.00 MB total
[2017.10.03-04.44.34:654][  0]LogTextLocalizationManager: No specific translations for ('en-US') exist, so ('en') translations will be used.
[2017.10.03-04.44.35:623][  0]LogD3D11RHI: D3D11 adapters:
[2017.10.03-04.44.35:635][  0]LogD3D11RHI:    0. 'Intel(R) HD Graphics 620' (Feature Level 11_0)
[2017.10.03-04.44.35:635][  0]LogD3D11RHI:       128/0/4048 MB DedicatedVideo/DedicatedSystem/SharedSystem, Outputs:1, VendorId:0x8086
[2017.10.03-04.44.35:637][  0]LogD3D11RHI:    1. 'Microsoft Basic Render Driver' (Feature Level 11_0)
[2017.10.03-04.44.35:637][  0]LogD3D11RHI:       0/0/4048 MB DedicatedVideo/DedicatedSystem/SharedSystem, Outputs:0, VendorId:0x1414
[2017.10.03-04.44.35:637][  0]LogD3D11RHI: Chosen D3D11 Adapter: 0
[2017.10.03-04.44.35:647][  0]LogD3D11RHI: Creating new Direct3DDevice
[2017.10.03-04.44.35:648][  0]LogD3D11RHI:     GPU DeviceId: 0x5916 (for the marketing name, search the web for "GPU Device Id")
[2017.10.03-04.44.35:648][  0]LogWindows: EnumDisplayDevices:
[2017.10.03-04.44.35:648][  0]LogWindows:    0. 'Intel(R) HD Graphics 620' (P:1 D:1)
[2017.10.03-04.44.35:648][  0]LogWindows:    1. 'Intel(R) HD Graphics 620' (P:0 D:0)
[2017.10.03-04.44.35:648][  0]LogWindows:    2. 'Intel(R) HD Graphics 620' (P:0 D:0)
[2017.10.03-04.44.35:648][  0]LogWindows: DebugString: FoundDriverCount:3 
[2017.10.03-04.44.35:648][  0]LogD3D11RHI:     Adapter Name: Intel(R) HD Graphics 620
[2017.10.03-04.44.35:648][  0]LogD3D11RHI:   Driver Version: 21.20.16.4639 (internal:21.20.16.4639, unified:21.20.16.4639)
[2017.10.03-04.44.35:648][  0]LogD3D11RHI:      Driver Date: 3-22-2017
[2017.10.03-04.44.35:649][  0]LogRHI: Texture pool is 1361 MB (70% of 1945 MB)
[2017.10.03-04.44.35:657][  0]LogD3D11RHI: Async texture creation enabled
[2017.10.03-04.44.35:664][  0]LogD3D11RHI: GPU Timing Frequency: 12.000000 (Debug: 2 0)
[2017.10.03-04.44.35:665][  0]LogShaderCompilers: Guid format shader working directory is -33 characters bigger than the processId version (../../../../../../Users/Richa/Documents/Tryingthis/Givingitatry/MyUNREALProject/Intermediate/Shaders/WorkingDirectory/3932/).
[2017.10.03-04.44.35:665][  0]LogShaderCompilers: Cleaned the shader compiler working directory 'C:/Users/Richa/AppData/Local/Temp/UnrealShaderWorkingDir/DC82B53342B7A41C0420DFB628FC8E2C/'.
[2017.10.03-04.44.35:665][  0]LogShaderCompilers:Display: Using Local Shader Compiler.
[2017.10.03-04.44.37:241][  0]LogTemp:Display: Loaded TP AllDesktopTargetPlatform
[2017.10.03-04.44.37:320][  0]LogTemp:Display: Loaded TP MacClientTargetPlatform
[2017.10.03-04.44.37:401][  0]LogTemp:Display: Loaded TP MacNoEditorTargetPlatform
[2017.10.03-04.44.37:480][  0]LogTemp:Display: Loaded TP MacServerTargetPlatform
[2017.10.03-04.44.37:562][  0]LogTemp:Display: Loaded TP MacTargetPlatform
[2017.10.03-04.44.37:641][  0]LogTemp:Display: Loaded TP WindowsClientTargetPlatform
[2017.10.03-04.44.37:724][  0]LogTemp:Display: Loaded TP WindowsNoEditorTargetPlatform
[2017.10.03-04.44.37:806][  0]LogTemp:Display: Loaded TP WindowsServerTargetPlatform
[2017.10.03-04.44.37:872][  0]LogTemp:Display: Loaded TP WindowsTargetPlatform
[2017.10.03-04.44.37:950][  0]LogTemp:Display: Loaded TP AndroidTargetPlatform
[2017.10.03-04.44.38:031][  0]LogTemp:Display: Loaded TP Android_ASTCTargetPlatform
[2017.10.03-04.44.38:107][  0]LogTemp:Display: Loaded TP Android_ATCTargetPlatform
[2017.10.03-04.44.38:188][  0]LogTemp:Display: Loaded TP Android_DXTTargetPlatform
[2017.10.03-04.44.38:269][  0]LogTemp:Display: Loaded TP Android_ETC1TargetPlatform
[2017.10.03-04.44.38:346][  0]LogTemp:Display: Loaded TP Android_ETC2TargetPlatform
[2017.10.03-04.44.38:503][  0]LogTemp:Display: Loaded TP Android_MultiTargetPlatform
[2017.10.03-04.44.38:503][  0]LogTemp:Display: Loaded TP Android_PVRTCTargetPlatform
[2017.10.03-04.44.38:558][  0]LogTemp:Display: Loaded TP HTML5TargetPlatform
[2017.10.03-04.44.38:691][  0]LogTemp:Display: Loaded TP IOSTargetPlatform
[2017.10.03-04.44.38:741][  0]LogTemp:Display: Loaded TP TVOSTargetPlatform
[2017.10.03-04.44.38:817][  0]LogTemp:Display: Loaded TP LinuxClientTargetPlatform
[2017.10.03-04.44.38:898][  0]LogTemp:Display: Loaded TP LinuxNoEditorTargetPlatform
[2017.10.03-04.44.38:972][  0]LogTemp:Display: Loaded TP LinuxServerTargetPlatform
[2017.10.03-04.44.39:051][  0]LogTemp:Display: Loaded TP LinuxTargetPlatform
[2017.10.03-04.44.39:051][  0]LogTargetPlatformManager:Display: Building Assets For Windows
[2017.10.03-04.44.39:698][  0]LogDerivedDataCache:Display: Max Cache Size: 512 MB
[2017.10.03-04.44.39:780][  0]LogDerivedDataCache: Loaded boot cache 0.08s 50MB C:/Users/Richa/AppData/Local/UnrealEngine/4.15/DerivedDataCache/Boot.ddc.
[2017.10.03-04.44.39:781][  0]LogDerivedDataCache:Display: Loaded Boot cache: C:/Users/Richa/AppData/Local/UnrealEngine/4.15/DerivedDataCache/Boot.ddc
[2017.10.03-04.44.39:781][  0]LogDerivedDataCache: FDerivedDataBackendGraph:  Pak pak cache file ../../../../../../Users/Richa/Documents/Tryingthis/Givingitatry/MyUNREALProject/DerivedDataCache/DDC.ddp not found, will not use a pak cache.
[2017.10.03-04.44.39:781][  0]LogDerivedDataCache: Unable to find inner node Pak for hierarchical cache Hierarchy.
[2017.10.03-04.44.39:781][  0]LogDerivedDataCache: FDerivedDataBackendGraph:  CompressedPak pak cache file ../../../../../../Users/Richa/Documents/Tryingthis/Givingitatry/MyUNREALProject/DerivedDataCache/Compressed.ddp not found, will not use a pak cache.
[2017.10.03-04.44.39:781][  0]LogDerivedDataCache: Unable to find inner node CompressedPak for hierarchical cache Hierarchy.
[2017.10.03-04.44.39:805][  0]LogDerivedDataCache:Display: Pak cache opened for reading ../../../Engine/DerivedDataCache/Compressed.ddp.
[2017.10.03-04.44.39:817][  0]LogDerivedDataCache: Using Local data cache path C:/Users/Richa/AppData/Local/UnrealEngine/Common/DerivedDataCache: Writable
[2017.10.03-04.44.39:833][  0]LogSlate: Using Freetype 2.6.0
[2017.10.03-04.44.39:834][  0]LogSlate: SlateFontCache - WITH_FREETYPE: 1, WITH_HARFBUZZ: 1
[2017.10.03-04.44.39:834][  0]LogSlate: SlateFontCache - WITH_FREETYPE: 1, WITH_HARFBUZZ: 1
[2017.10.03-04.44.40:301][  0]LogInit: Selected Device Profile: [Windows]
[2017.10.03-04.44.40:304][  0]LogContentStreaming: Texture pool size is 0.00 MB
[2017.10.03-04.44.40:602][  0]LogMeshUtilities: Using QuadricMeshReduction for automatic static mesh reduction
[2017.10.03-04.44.40:665][  0]LogSimplygon: Simplygon DLL not present - disabling.
[2017.10.03-04.44.40:732][  0]LogMeshUtilities: Using SimplygonSwarm for distributed automatic mesh merging
[2017.10.03-04.44.40:732][  0]LogMeshUtilities: No automatic skeletal mesh reduction module available
[2017.10.03-04.44.40:732][  0]LogMeshUtilities: No automatic mesh merging module available
[2017.10.03-04.44.41:553][  0]LogNetVersion: GetLocalNetworkVersion: CL: 3299760, ProjectName: myunrealproject, ProjectVersion: , EngineNetworkVersion: 2, GameNetworkVersion: 0, NetworkChecksum: 3193458936
[2017.10.03-04.44.41:610][  0]LogAssetRegistry: FAssetRegistry took 0.0227 seconds to start up
[2017.10.03-04.44.41:704][  0]LogPackageLocalizationCache: Processed 3 localized package path(s) for 2 prioritized culture(s) in 0.046783 seconds
[2017.10.03-04.44.41:717][  0]LogUObjectArray: 32493 objects as part of root set at end of initial load.
[2017.10.03-04.44.41:717][  0]LogUObjectAllocator: 7077024 out of 0 bytes used by permanent object pool.
[2017.10.03-04.44.41:717][  0]LogUObjectArray: CloseDisregardForGC: 0/0 objects in disregard for GC pool
[2017.10.03-04.44.41:843][  0]LogInit: WinSock: version 1.1 (2.2), MaxSocks=32767, MaxUdp=65467
[2017.10.03-04.44.44:513][  0]LogTcpMessaging: Initializing TcpMessaging bridge
[2017.10.03-04.44.44:567][  0]LogUdpMessaging: Initializing bridge on interface 0.0.0.0:0 to multicast group 230.0.0.1:6666.
[2017.10.03-04.44.45:199][  0]LogMaterial: Uniform references updated for custom material expression Custom.
[2017.10.03-04.44.45:750][  0]SourceControl: Info Source control is disabled
[2017.10.03-04.44.48:340][  0]LogEngine: Initializing Engine...
[2017.10.03-04.44.48:341][  0]LogHMD: Failed to initialize OpenVR with code 110
[2017.10.03-04.44.48:502][  0]LogStats: UGameplayTagsManager::ConstructGameplayTagTree: Construct from data asset -  0.000 s
[2017.10.03-04.44.48:503][  0]LogStats: UGameplayTagsManager::ConstructGameplayTagTree: GameplayTagTreeChangedEvent.Broadcast -  0.000 s
[2017.10.03-04.44.48:680][  0]LogAIModule: Creating AISystem for world Untitled
[2017.10.03-04.44.48:695][  0]LogInit: XAudio2 using 'Speakers (Realtek High Definition Audio)' : 2 channels at 48 kHz using 32 bits per sample (channel mask 0x3)
[2017.10.03-04.44.48:912][  0]LogInit: FAudioDevice initialized.
[2017.10.03-04.44.48:953][  0]LogDerivedDataCache: Saved boot cache 0.04s 50MB C:/Users/Richa/AppData/Local/UnrealEngine/4.15/DerivedDataCache/Boot.ddc.
[2017.10.03-04.44.48:959][  0]LogInit: Texture streaming: Enabled
[2017.10.03-04.44.49:100][  0]LogEngineSessionManager: EngineSessionManager initialized
[2017.10.03-04.44.49:230][  0]LogInit: Transaction tracking system initialized
[2017.10.03-04.44.49:747][  0]BlueprintLog: New page: Editor Load
[2017.10.03-04.44.51:035][  0]LocalizationService: Info Localization service is disabled
[2017.10.03-04.44.52:011][  0]LogConsoleResponse:Display: 
[2017.10.03-04.44.52:217][  0]LogCook:Display: Max memory allowance for cook 16384mb min free memory 0mb
[2017.10.03-04.44.52:217][  0]LogCook:Display: Mobile HDR setting 1
[2017.10.03-04.44.53:081][  0]LogFileCache: Scanning file cache for directory 'C:/Users/Richa/Documents/Tryingthis/Givingitatry/MyUNREALProject/Content/' took 0.01s
[2017.10.03-04.44.53:961][  0]Cmd: MAP LOAD FILE="../../../../../../Users/Richa/Documents/Tryingthis/Givingitatry/MyUNREALProject/Content/ThirdPersonBP/Maps/ThirdPersonExampleMap.umap" TEMPLATE=0 SHOWPROGRESS=1 FEATURELEVEL=3
[2017.10.03-04.44.53:962][  0]LightingResults: New page: Lighting Build
[2017.10.03-04.44.54:022][  0]MapCheck: New page: Map Check
[2017.10.03-04.44.54:022][  0]LightingResults: New page: Lighting Build
[2017.10.03-04.44.54:559][  0]LogMaterial: Missing cached shader map for material RedMat, compiling. 
[2017.10.03-04.44.54:560][  0]LogTemp:Display: Added material ShaderMap 0x0000020A158D9980 with Material 0x0000020A14B66F80 to ShaderMapsBeingCompiled
[2017.10.03-04.44.54:598][  0]LogTemp:Display: Kicking off shader compilation for RedMat, GameThreadShaderMap 0x0000020A158D9980
[2017.10.03-04.44.54:689][  0]LogAIModule: Creating AISystem for world ThirdPersonExampleMap
[2017.10.03-04.44.54:749][  0]LogEditorServer: Finished looking for orphan Actors (0.000 secs)
[2017.10.03-04.44.54:789][  0]Cmd: MAP CHECKDEP NOCLEARLOG
[2017.10.03-04.44.54:890][  0]MapCheck: Info Map check complete: 0 Error(s), 0 Warning(s), took 100.065ms to complete.
[2017.10.03-04.44.54:890][  0]LogFileHelpers: Loading map 'ThirdPersonExampleMap' took 0.929
[2017.10.03-04.44.54:954][  0]LogWindowsTextInputMethodSystem:Display: IME system now deactivated.
[2017.10.03-04.44.54:955][  0]LogWindowsTextInputMethodSystem:Display: IME system now deactivated.
[2017.10.03-04.44.55:560][  0]LogCollectionManager: Loaded 0 collections in 0.002635 seconds
[2017.10.03-04.44.55:705][  0]LogFileCache: Scanning file cache for directory 'C:/Users/Richa/Documents/Tryingthis/Givingitatry/MyUNREALProject/Saved/Collections/' took 0.01s
[2017.10.03-04.44.55:705][  0]LogFileCache: Scanning file cache for directory 'C:/Users/Richa/Documents/Tryingthis/Givingitatry/MyUNREALProject/Content/Developers/Richa/Collections/' took 0.01s
[2017.10.03-04.44.55:705][  0]LogFileCache: Scanning file cache for directory 'C:/Users/Richa/Documents/Tryingthis/Givingitatry/MyUNREALProject/Content/Collections/' took 0.01s
[2017.10.03-04.44.55:705][  0]LogCollectionManager: Rebuilt the GUID cache for 0 collections in 0.000003 seconds
[2017.10.03-04.44.55:726][  0]LogContentBrowser: Native class hierarchy populated in 0.0197 seconds. Added 2246 classes and 455 folders.
[2017.10.03-04.44.55:899][  0]LogContentBrowser: Native class hierarchy updated for 'WidgetCarousel' in 0.0009 seconds. Added 0 classes and 0 folders.
[2017.10.03-04.44.55:978][  0]LogContentBrowser: Native class hierarchy updated for 'AddContentDialog' in 0.0009 seconds. Added 0 classes and 0 folders.
[2017.10.03-04.44.56:039][  0]LogCrashTracker: Crashtracker disabled due to settings.
[2017.10.03-04.44.56:052][  0]LogUObjectGlobals:Warning: Failed to find object 'Class None.'
[2017.10.03-04.44.56:186][  0]LogContentBrowser: Native class hierarchy updated for 'HierarchicalLODOutliner' in 0.0010 seconds. Added 1 classes and 2 folders.
[2017.10.03-04.44.56:186][  0]LogLoad: (Engine Initialization) Total time: 24.34 seconds
[2017.10.03-04.44.56:186][  0]LogLoad: (Engine Initialization) Total Blueprint compile time: 0.21 seconds
[2017.10.03-04.44.56:186][  0]LogExternalProfiler: No external profilers were discovered.  External profiling features will not be available.
[2017.10.03-04.44.56:208][  0]LogOcInput: OculusInput pre-init called
[2017.10.03-04.44.56:234][  0]SourceControl: Info On branch master
[2017.10.03-04.44.56:234][  0]SourceControl: Info Your branch is up-to-date with 'origin/master'.
[2017.10.03-04.44.56:234][  0]SourceControl: Info Changes not staged for commit:
[2017.10.03-04.44.56:234][  0]SourceControl: Info   (use "git add <file>..." to update what will be committed)
[2017.10.03-04.44.56:234][  0]SourceControl: Info   (use "git checkout -- <file>..." to discard changes in working directory)
[2017.10.03-04.44.56:234][  0]SourceControl: Info 	modified:   MyUNREALProject/Intermediate/CachedAssetRegistry.bin
[2017.10.03-04.44.56:234][  0]SourceControl: Info 	modified:   MyUNREALProject/Saved/Config/Windows/Engine.ini
[2017.10.03-04.44.56:234][  0]SourceControl: Info 	modified:   MyUNREALProject/Saved/Logs/MyUNREALProject.log
[2017.10.03-04.44.56:234][  0]SourceControl: Info Untracked files:
[2017.10.03-04.44.56:234][  0]SourceControl: Info   (use "git add <file>..." to include in what will be committed)
[2017.10.03-04.44.56:234][  0]SourceControl: Info 	MyUNREALProject/Saved/Logs/MyUNREALProject-backup-2017.10.02-23.44.33.log
[2017.10.03-04.44.56:234][  0]SourceControl: Info 	MyUNREALProject/Saved/Logs/UE4CC-Windows-6AE9C95049EE90EB73491CAE45AFABBB/
[2017.10.03-04.44.56:234][  0]SourceControl: Info no changes added to commit (use "git add" and/or "git commit -a")
[2017.10.03-04.44.56:234][  0]LogContentStreaming: Texture pool size now 1000 MB
[2017.10.03-04.44.56:236][  0]LogSlate: Took 0.000274 seconds to synchronously load lazily loaded font '../../../Engine/Content/Slate/Fonts/Roboto-Regular.ttf' (155K)
[2017.10.03-04.44.56:245][  0]LogSlate: Took 0.000257 seconds to synchronously load lazily loaded font '../../../Engine/Content/Slate/Fonts/Roboto-Bold.ttf' (160K)
[2017.10.03-04.44.56:256][  0]LogSlate: Took 0.000323 seconds to synchronously load lazily loaded font '../../../Engine/Content/Editor/Slate/Fonts/FontAwesome.ttf' (139K)
[2017.10.03-04.44.56:401][  0]LogSlate: Took 0.000224 seconds to synchronously load lazily loaded font '../../../Engine/Content/Slate/Fonts/Roboto-Light.ttf' (159K)
[2017.10.03-04.44.56:506][  0]LogRenderer: Reallocating scene render targets to support 964x352 NumSamples 1 (Frame:2).
[2017.10.03-04.44.58:322][  2]LogAssetRegistry: Asset discovery search completed in 16.7348 seconds
[2017.10.03-04.44.58:322][  2]LogCollectionManager: Rebuilt the object cache for 0 collections in 0.000010 seconds (found 0 objects)
[2017.10.03-04.44.58:322][  2]LogCollectionManager: Fixed up redirectors for 0 collections in 0.000035 seconds (updated 0 objects)
[2017.10.03-04.45.00:178][ 39]LogTemp:Display: Finished compile of shader map 0x0000020A158D9980
[2017.10.03-04.45.00:179][ 39]LogTemp:Display: Shader map RedMat complete, GameThreadShaderMap 0x0000020A158D9980, marking material RedMat as finished
[2017.10.03-04.45.00:179][ 39]LogTemp:Display: Marking material as finished 0x0000020A14B66F80
[2017.10.03-12.56.42:156][894]LogWindowsTextInputMethodSystem:Display: IME system now deactivated.
[2017.10.03-12.56.42:156][894]LogWindowsTextInputMethodSystem:Display: IME system now deactivated.
[2017.10.03-12.56.42:717][895]Cmd: QUIT_EDITOR
[2017.10.03-12.56.43:106][895]LogExit: Preparing to exit.
[2017.10.03-12.56.43:725][895]LogDirectoryWatcher: A directory notification for 'C:/Users/Richa/Documents/Tryingthis/Givingitatry/MyUNREALProject/Content/' was aborted.
[2017.10.03-12.56.43:832][895]LogExit: Editor shut down
[2017.10.03-12.56.43:833][895]LogExit: Transaction tracking system shut down
[2017.10.03-12.56.44:765][895]LogObj: Freed 0b from 0 cluster array pools.
[2017.10.03-12.56.44:765][895]LogExit: Object subsystem successfully closed.
[2017.10.03-12.56.44:926][895]LogD3D11RHI: Shutdown
[2017.10.03-12.56.44:926][895]LogD3D11RHI: CleanupD3DDevice
[2017.10.03-12.56.45:079][895]LogD3D11RHI: ~FD3D11DynamicRHI
[2017.10.03-12.56.45:776][895]LogModuleManager: Shutting down and abandoning module HierarchicalLODOutliner (498)
[2017.10.03-12.56.45:781][895]LogModuleManager: Shutting down and abandoning module CrashTracker (496)
[2017.10.03-12.56.45:781][895]LogModuleManager: Shutting down and abandoning module AddContentDialog (494)
[2017.10.03-12.56.45:781][895]LogDirectoryWatcher: A directory notification for 'C:/Program Files/Epic Games/UE_4.15/FeaturePacks/' was aborted.
[2017.10.03-12.56.45:782][895]LogModuleManager: Shutting down and abandoning module WidgetCarousel (493)
[2017.10.03-12.56.45:782][895]LogModuleManager: Shutting down and abandoning module EditorWidgets (490)
[2017.10.03-12.56.45:782][895]LogModuleManager: Shutting down and abandoning module CollectionManager (488)
[2017.10.03-12.56.45:787][895]LogDirectoryWatcher: A directory notification for 'C:/Users/Richa/Documents/Tryingthis/Givingitatry/MyUNREALProject/Content/Collections/' was aborted.
[2017.10.03-12.56.45:787][895]LogDirectoryWatcher: A directory notification for 'C:/Users/Richa/Documents/Tryingthis/Givingitatry/MyUNREALProject/Content/Developers/Richa/Collections/' was aborted.
[2017.10.03-12.56.45:787][895]LogDirectoryWatcher: A directory notification for 'C:/Users/Richa/Documents/Tryingthis/Givingitatry/MyUNREALProject/Saved/Collections/' was aborted.
[2017.10.03-12.56.45:787][895]LogModuleManager: Shutting down and abandoning module SceneOutliner (486)
[2017.10.03-12.56.45:787][895]LogModuleManager: Shutting down and abandoning module StatsViewer (484)
[2017.10.03-12.56.45:788][895]LogModuleManager: Shutting down and abandoning module FoliageEdit (482)
[2017.10.03-12.56.45:788][895]LogModuleManager: Shutting down and abandoning module LandscapeEditor (480)
[2017.10.03-12.56.45:795][895]LogModuleManager: Shutting down and abandoning module SceneDepthPickerMode (478)
[2017.10.03-12.56.45:795][895]LogModuleManager: Shutting down and abandoning module ActorPickerMode (476)
[2017.10.03-12.56.45:795][895]LogModuleManager: Shutting down and abandoning module GeometryMode (474)
[2017.10.03-12.56.45:795][895]LogModuleManager: Shutting down and abandoning module TextureAlignMode (472)
[2017.10.03-12.56.45:795][895]LogModuleManager: Shutting down and abandoning module BspMode (470)
[2017.10.03-12.56.45:804][895]LogModuleManager: Shutting down and abandoning module HardwareSurvey (468)
[2017.10.03-12.56.45:819][895]LogModuleManager: Shutting down and abandoning module SequenceRecorderSections (466)
[2017.10.03-12.56.45:823][895]LogModuleManager: Shutting down and abandoning module AutomationWorker (464)
[2017.10.03-12.56.45:834][895]LogModuleManager: Shutting down and abandoning module MatineeToLevelSequence (462)
[2017.10.03-12.56.45:834][895]LogModuleManager: Shutting down and abandoning module LevelSequenceEditor (460)
[2017.10.03-12.56.45:876][895]LogModuleManager: Shutting down and abandoning module PlacementMode (459)
[2017.10.03-12.56.45:876][895]LogModuleManager: Shutting down and abandoning module WmfMediaFactory (456)
[2017.10.03-12.56.45:876][895]LogModuleManager: Shutting down and abandoning module WmfMediaEditor (454)
[2017.10.03-12.56.45:876][895]LogModuleManager: Shutting down and abandoning module MfMediaFactory (452)
[2017.10.03-12.56.45:876][895]LogModuleManager: Shutting down and abandoning module MfMediaEditor (450)
[2017.10.03-12.56.45:876][895]LogModuleManager: Shutting down and abandoning module AvfMediaFactory (448)
[2017.10.03-12.56.45:876][895]LogModuleManager: Shutting down and abandoning module AvfMediaEditor (446)
[2017.10.03-12.56.45:876][895]LogModuleManager: Shutting down and abandoning module AndroidMediaFactory (444)
[2017.10.03-12.56.45:876][895]LogModuleManager: Shutting down and abandoning module Media (443)
[2017.10.03-12.56.45:876][895]LogModuleManager: Shutting down and abandoning module AndroidMediaEditor (440)
[2017.10.03-12.56.45:876][895]LogModuleManager: Shutting down and abandoning module CharacterAI (438)
[2017.10.03-12.56.45:876][895]LogModuleManager: Shutting down and abandoning module AudioCapture (436)
[2017.10.03-12.56.45:884][895]LogModuleManager: Shutting down and abandoning module SequenceRecorder (435)
[2017.10.03-12.56.45:884][895]LogModuleManager: Shutting down and abandoning module SmartSnapping (432)
[2017.10.03-12.56.45:884][895]LogModuleManager: Shutting down and abandoning module SessionServices (430)
[2017.10.03-12.56.45:884][895]LogModuleManager: Shutting down and abandoning module ViewportSnapping (428)
[2017.10.03-12.56.45:884][895]LogModuleManager: Shutting down and abandoning module ViewportInteraction (426)
[2017.10.03-12.56.45:884][895]LogModuleManager: Shutting down and abandoning module LogVisualizer (424)
[2017.10.03-12.56.45:887][895]LogModuleManager: Shutting down and abandoning module IntroTutorials (422)
[2017.10.03-12.56.45:888][895]LogModuleManager: Shutting down and abandoning module GameProjectGeneration (421)
[2017.10.03-12.56.45:902][895]LogModuleManager: Shutting down and abandoning module EditorLiveStreaming (418)
[2017.10.03-12.56.45:902][895]LogModuleManager: Shutting down and abandoning module IOSPlatformEditor (416)
[2017.10.03-12.56.45:902][895]LogModuleManager: Shutting down and abandoning module HTML5PlatformEditor (414)
[2017.10.03-12.56.45:902][895]LogModuleManager: Shutting down and abandoning module AndroidPlatformEditor (412)
[2017.10.03-12.56.45:909][895]LogModuleManager: Shutting down and abandoning module AndroidDeviceDetection (411)
[2017.10.03-12.56.46:342][895]LogModuleManager: Shutting down and abandoning module IOSRuntimeSettings (408)
[2017.10.03-12.56.46:342][895]LogModuleManager: Shutting down and abandoning module AndroidRuntimeSettings (406)
[2017.10.03-12.56.46:342][895]LogModuleManager: Shutting down and abandoning module InputBindingEditor (404)
[2017.10.03-12.56.46:363][895]LogModuleManager: Shutting down and abandoning module NiagaraEditor (402)
[2017.10.03-12.56.46:399][895]LogModuleManager: Shutting down and abandoning module MergeActors (400)
[2017.10.03-12.56.46:415][895]LogModuleManager: Shutting down and abandoning module SizeMap (398)
[2017.10.03-12.56.46:425][895]LogModuleManager: Shutting down and abandoning module TreeMap (396)
[2017.10.03-12.56.46:447][895]LogModuleManager: Shutting down and abandoning module ReferenceViewer (394)
[2017.10.03-12.56.46:447][895]LogModuleManager: Shutting down and abandoning module LocalizationDashboard (392)
[2017.10.03-12.56.46:447][895]LogModuleManager: Shutting down and abandoning module LocalizationService (391)
[2017.10.03-12.56.46:468][895]LogModuleManager: Shutting down and abandoning module HardwareTargeting (388)
[2017.10.03-12.56.46:481][895]LogModuleManager: Shutting down and abandoning module DeviceProfileEditor (386)
[2017.10.03-12.56.46:482][895]LogModuleManager: Shutting down and abandoning module UndoHistory (384)
[2017.10.03-12.56.46:496][895]LogModuleManager: Shutting down and abandoning module UserFeedback (382)
[2017.10.03-12.56.46:496][895]LogModuleManager: Shutting down and abandoning module XmlParser (380)
[2017.10.03-12.56.46:513][895]LogModuleManager: Shutting down and abandoning module Blutility (378)
[2017.10.03-12.56.46:523][895]LogModuleManager: Shutting down and abandoning module ProjectSettingsViewer (376)
[2017.10.03-12.56.46:523][895]LogModuleManager: Shutting down and abandoning module ProjectTargetPlatformEditor (375)
[2017.10.03-12.56.46:523][895]LogModuleManager: Shutting down and abandoning module EditorSettingsViewer (372)
[2017.10.03-12.56.46:523][895]LogModuleManager: Shutting down and abandoning module SettingsEditor (370)
[2017.10.03-12.56.46:529][895]LogModuleManager: Shutting down and abandoning module ProjectLauncher (368)
[2017.10.03-12.56.46:544][895]LogModuleManager: Shutting down and abandoning module SessionFrontend (366)
[2017.10.03-12.56.46:557][895]LogModuleManager: Shutting down and abandoning module ProfilerClient (364)
[2017.10.03-12.56.46:577][895]LogModuleManager: Shutting down and abandoning module DeviceManager (362)
[2017.10.03-12.56.46:596][895]LogModuleManager: Shutting down and abandoning module TargetDeviceServices (361)
[2017.10.03-12.56.46:638][895]LogModuleManager: Shutting down and abandoning module AutomationController (358)
[2017.10.03-12.56.46:654][895]LogModuleManager: Shutting down and abandoning module AutomationWindow (356)
[2017.10.03-12.56.46:686][895]LogModuleManager: Shutting down and abandoning module Layers (354)
[2017.10.03-12.56.46:696][895]LogModuleManager: Shutting down and abandoning module ComponentVisualizers (352)
[2017.10.03-12.56.46:696][895]LogModuleManager: Shutting down and abandoning module DetailCustomizations (350)
[2017.10.03-12.56.46:696][895]LogModuleManager: Shutting down and abandoning module PackagesDialog (348)
[2017.10.03-12.56.46:697][895]LogModuleManager: Shutting down and abandoning module Persona (346)
[2017.10.03-12.56.46:725][895]LogModuleManager: Shutting down and abandoning module AnimGraph (345)
[2017.10.03-12.56.46:725][895]LogModuleManager: Shutting down and abandoning module Kismet (342)
[2017.10.03-12.56.46:742][895]LogModuleManager: Shutting down and abandoning module GraphEditor (340)
[2017.10.03-12.56.46:797][895]LogModuleManager: Shutting down and abandoning module ClassViewer (338)
[2017.10.03-12.56.46:797][895]LogModuleManager: Shutting down and abandoning module Toolbox (336)
[2017.10.03-12.56.46:804][895]LogModuleManager: Shutting down and abandoning module ModuleUI (334)
[2017.10.03-12.56.46:815][895]LogModuleManager: Shutting down and abandoning module MovieSceneTools (332)
[2017.10.03-12.56.46:825][895]LogModuleManager: Shutting down and abandoning module OutputLog (330)
[2017.10.03-12.56.46:833][895]LogModuleManager: Shutting down and abandoning module GammaUI (328)
[2017.10.03-12.56.46:840][895]LogModuleManager: Shutting down and abandoning module Documentation (326)
[2017.10.03-12.56.46:840][895]LogModuleManager: Shutting down and abandoning module Niagara (324)
[2017.10.03-12.56.46:840][895]LogModuleManager: Shutting down and abandoning module StreamingPauseRendering (322)
[2017.10.03-12.56.46:840][895]LogModuleManager: Shutting down and abandoning module AnalyticsET (320)
[2017.10.03-12.56.46:840][895]LogModuleManager: Shutting down and abandoning module PortalServices (318)
[2017.10.03-12.56.46:840][895]LogModuleManager: Shutting down and abandoning module PortalRpc (316)
[2017.10.03-12.56.46:840][895]LogModuleManager: Shutting down and abandoning module MessagingRpc (314)
[2017.10.03-12.56.46:840][895]LogModuleManager: Shutting down and abandoning module AIModule (312)
[2017.10.03-12.56.46:840][895]LogModuleManager: Shutting down and abandoning module GameplayDebugger (311)
[2017.10.03-12.56.46:843][895]LogModuleManager: Shutting down and abandoning module AITestSuite (309)
[2017.10.03-12.56.46:843][895]LogModuleManager: Shutting down and abandoning module ProfilerService (306)
[2017.10.03-12.56.46:975][895]LogModuleManager: Shutting down and abandoning module TaskGraph (304)
[2017.10.03-12.56.47:000][895]LogModuleManager: Shutting down and abandoning module SteamVRController (302)
[2017.10.03-12.56.47:000][895]LogModuleManager: Shutting down and abandoning module SteamVR (300)
[2017.10.03-12.56.47:000][895]LogModuleManager: Shutting down and abandoning module ProceduralMeshComponentEditor (298)
[2017.10.03-12.56.47:000][895]LogModuleManager: Shutting down and abandoning module ProceduralMeshComponent (296)
[2017.10.03-12.56.47:012][895]LogModuleManager: Shutting down and abandoning module OculusLibrary (294)
[2017.10.03-12.56.47:012][895]LogModuleManager: Shutting down and abandoning module OculusInput (292)
[2017.10.03-12.56.47:012][895]LogModuleManager: Shutting down and abandoning module MobilePatchingUtils (290)
[2017.10.03-12.56.47:012][895]LogModuleManager: Shutting down and abandoning module CustomMeshComponent (288)
[2017.10.03-12.56.47:012][895]LogModuleManager: Shutting down and abandoning module CableComponent (286)
[2017.10.03-12.56.47:025][895]LogModuleManager: Shutting down and abandoning module ArchVisCharacter (284)
[2017.10.03-12.56.47:025][895]LogModuleManager: Shutting down and abandoning module MediaPlayerEditor (280)
[2017.10.03-12.56.47:054][895]LogModuleManager: Shutting down and abandoning module HTML5Networking (278)
[2017.10.03-12.56.47:054][895]LogModuleManager: Shutting down and abandoning module AlembicImporter (276)
[2017.10.03-12.56.47:064][895]LogModuleManager: Shutting down and abandoning module AlembicLibrary (275)
[2017.10.03-12.56.47:064][895]LogModuleManager: Shutting down and abandoning module GeometryCache (274)
[2017.10.03-12.56.47:064][895]LogModuleManager: Shutting down and abandoning module GeometryCacheEd (273)
[2017.10.03-12.56.47:064][895]LogModuleManager: Shutting down and abandoning module SuperSearchEditor (268)
[2017.10.03-12.56.47:064][895]LogModuleManager: Shutting down and abandoning module SuperSearch (267)
[2017.10.03-12.56.47:064][895]LogModuleManager: Shutting down and abandoning module SpeedTreeImporter (264)
[2017.10.03-12.56.47:064][895]LogModuleManager: Shutting down and abandoning module PluginBrowser (262)
[2017.10.03-12.56.47:080][895]LogModuleManager: Shutting down and abandoning module MobileLauncherProfileWizard (260)
[2017.10.03-12.56.47:092][895]LogModuleManager: Shutting down and abandoning module EpicSurvey (258)
[2017.10.03-12.56.47:092][895]LogModuleManager: Shutting down and abandoning module VisualStudioSourceCodeAccess (256)
[2017.10.03-12.56.47:092][895]LogModuleManager: Shutting down and abandoning module DesktopPlatform (255)
[2017.10.03-12.56.47:092][895]LogModuleManager: Shutting down and abandoning module UObjectPlugin (252)
[2017.10.03-12.56.47:092][895]LogModuleManager: Shutting down and abandoning module SubversionSourceControl (250)
[2017.10.03-12.56.47:106][895]LogModuleManager: Shutting down and abandoning module PerforceSourceControl (248)
[2017.10.03-12.56.47:113][895]LogModuleManager: Shutting down and abandoning module GitSourceControl (246)
[2017.10.03-12.56.47:129][895]LogModuleManager: Shutting down and abandoning module SourceControl (245)
[2017.10.03-12.56.47:130][895]LogModuleManager: Shutting down and abandoning module LightPropagationVolumeEditor (242)
[2017.10.03-12.56.47:130][895]LogModuleManager: Shutting down and abandoning module PaperTiledImporter (240)
[2017.10.03-12.56.47:130][895]LogModuleManager: Shutting down and abandoning module PaperSpriteSheetImporter (238)
[2017.10.03-12.56.47:130][895]LogModuleManager: Shutting down and abandoning module Paper2DEditor (236)
[2017.10.03-12.56.47:157][895]LogModuleManager: Shutting down and abandoning module MeshPaint (235)
[2017.10.03-12.56.47:167][895]LogModuleManager: Shutting down and abandoning module LevelEditor (233)
[2017.10.03-12.56.47:188][895]LogModuleManager: Shutting down and abandoning module PixelInspectorModule (232)
[2017.10.03-12.56.47:206][895]LogModuleManager: Shutting down and abandoning module MainFrame (230)
[2017.10.03-12.56.47:206][895]LogModuleManager: Shutting down and abandoning module HotReload (229)
[2017.10.03-12.56.47:221][895]LogModuleManager: Shutting down and abandoning module ContentBrowser (225)
[2017.10.03-12.56.47:222][895]LogModuleManager: Shutting down and abandoning module PhysXVehiclesEditor (222)
[2017.10.03-12.56.47:235][895]LogModuleManager: Shutting down and abandoning module PhysXVehicles (220)
[2017.10.03-12.56.47:235][895]LogModuleManager: Shutting down and abandoning module LocationServicesBPLibrary (218)
[2017.10.03-12.56.47:235][895]LogModuleManager: Shutting down and abandoning module UdpMessaging (216)
[2017.10.03-12.56.47:336][895]LogModuleManager: Shutting down and abandoning module TcpMessaging (214)
[2017.10.03-12.56.47:448][895]LogModuleManager: Shutting down and abandoning module GameplayTagsEditor (212)
[2017.10.03-12.56.47:478][895]LogModuleManager: Shutting down and abandoning module FacialAnimationEditor (210)
[2017.10.03-12.56.47:493][895]LogModuleManager: Shutting down and abandoning module FacialAnimation (208)
[2017.10.03-12.56.47:493][895]LogModuleManager: Shutting down and abandoning module LightPropagationVolumeRuntime (206)
[2017.10.03-12.56.47:493][895]LogModuleManager: Shutting down and abandoning module Paper2D (204)
[2017.10.03-12.56.47:496][895]LogModuleManager: Shutting down and abandoning module WindowsMoviePlayer (202)
[2017.10.03-12.56.47:508][895]LogModuleManager: Shutting down and abandoning module WmfMedia (200)
[2017.10.03-12.56.47:529][895]LogModuleManager: Shutting down and abandoning module MfMedia (198)
[2017.10.03-12.56.47:529][895]LogModuleManager: Shutting down and abandoning module MediaAssets (196)
[2017.10.03-12.56.47:529][895]LogModuleManager: Shutting down and abandoning module GameLiveStreaming (194)
[2017.10.03-12.56.47:542][895]LogModuleManager: Shutting down and abandoning module VREditor (192)
[2017.10.03-12.56.47:542][895]LogModuleManager: Shutting down and abandoning module GameplayTasksEditor (190)
[2017.10.03-12.56.47:542][895]LogModuleManager: Shutting down and abandoning module BehaviorTreeEditor (188)
[2017.10.03-12.56.47:583][895]LogModuleManager: Shutting down and abandoning module FunctionalTesting (186)
[2017.10.03-12.56.47:583][895]LogModuleManager: Shutting down and abandoning module CollisionAnalyzer (184)
[2017.10.03-12.56.47:598][895]LogModuleManager: Shutting down and abandoning module UMG (182)
[2017.10.03-12.56.47:612][895]LogModuleManager: Shutting down and abandoning module UMGEditor (181)
[2017.10.03-12.56.47:651][895]LogModuleManager: Shutting down and abandoning module Sequencer (180)
[2017.10.03-12.56.47:678][895]LogModuleManager: Shutting down and abandoning module AssetTools (178)
[2017.10.03-12.56.47:739][895]LogModuleManager: Shutting down and abandoning module MessageLog (177)
[2017.10.03-12.56.47:745][895]LogModuleManager: Shutting down and abandoning module WorkspaceMenuStructure (176)
[2017.10.03-12.56.47:746][895]LogModuleManager: Shutting down and abandoning module SlateReflector (170)
[2017.10.03-12.56.47:786][895]LogModuleManager: Shutting down and abandoning module Slate (168)
[2017.10.03-12.56.47:786][895]LogModuleManager: Shutting down and abandoning module EditorStyle (166)
[2017.10.03-12.56.47:790][895]LogModuleManager: Shutting down and abandoning module SourceCodeAccess (164)
[2017.10.03-12.56.47:790][895]LogModuleManager: Shutting down and abandoning module HeadMountedDisplay (162)
[2017.10.03-12.56.47:790][895]LogModuleManager: Shutting down and abandoning module XAudio2 (160)
[2017.10.03-12.56.47:790][895]LogModuleManager: Shutting down and abandoning module Networking (158)
[2017.10.03-12.56.47:790][895]LogModuleManager: Shutting down and abandoning module Core (154)
[2017.10.03-12.56.47:790][895]LogModuleManager: Shutting down and abandoning module AssetRegistry (152)
[2017.10.03-12.56.47:952][895]LogDirectoryWatcher: A directory notification for '../../../Engine/Content/' was aborted.
[2017.10.03-12.56.47:952][895]LogDirectoryWatcher: A directory notification for '../../../../../../Users/Richa/Documents/Tryingthis/Givingitatry/MyUNREALProject/Content/' was aborted.
[2017.10.03-12.56.47:952][895]LogDirectoryWatcher: A directory notification for '../../../Engine/Plugins/2D/Paper2D/Content/' was aborted.
[2017.10.03-12.56.47:963][895]LogModuleManager: Shutting down and abandoning module DirectoryWatcher (151)
[2017.10.03-12.56.47:963][895]LogModuleManager: Shutting down and abandoning module KismetCompiler (148)
[2017.10.03-12.56.47:963][895]LogModuleManager: Shutting down and abandoning module PhysXFormats (146)
[2017.10.03-12.56.47:963][895]LogModuleManager: Shutting down and abandoning module MeshUtilities (144)
[2017.10.03-12.56.48:029][895]LogModuleManager: Shutting down and abandoning module SimplygonSwarm (143)
[2017.10.03-12.56.48:040][895]LogModuleManager: Shutting down and abandoning module SimplygonMeshReduction (141)
[2017.10.03-12.56.48:040][895]LogModuleManager: Shutting down and abandoning module QuadricMeshReduction (139)
[2017.10.03-12.56.48:052][895]LogModuleManager: Shutting down and abandoning module PropertyEditor (137)
[2017.10.03-12.56.48:052][895]LogModuleManager: Shutting down and abandoning module DerivedDataCache (134)
[2017.10.03-12.56.48:121][895]LogDerivedDataCache: Shutdown
[2017.10.03-12.56.48:121][895]LogModuleManager: Shutting down and abandoning module TargetPlatform (132)
[2017.10.03-12.56.48:121][895]LogModuleManager: Shutting down and abandoning module VulkanShaderFormat (131)
[2017.10.03-12.56.48:135][895]LogModuleManager: Shutting down and abandoning module ShaderFormatOpenGL (129)
[2017.10.03-12.56.48:174][895]LogModuleManager: Shutting down and abandoning module ShaderFormatD3D (127)
[2017.10.03-12.56.48:188][895]LogModuleManager: Shutting down and abandoning module MetalShaderFormat (125)
[2017.10.03-12.56.48:210][895]LogModuleManager: Shutting down and abandoning module TextureFormatUncompressed (123)
[2017.10.03-12.56.48:210][895]LogModuleManager: Shutting down and abandoning module TextureFormatPVR (121)
[2017.10.03-12.56.48:210][895]LogModuleManager: Shutting down and abandoning module TextureFormatDXT (119)
[2017.10.03-12.56.48:784][895]LogModuleManager: Shutting down and abandoning module TextureFormatIntelISPCTexComp (117)
[2017.10.03-12.56.49:308][895]LogModuleManager: Shutting down and abandoning module TextureFormatASTC (115)
[2017.10.03-12.56.49:308][895]LogModuleManager: Shutting down and abandoning module ImageWrapper (114)
[2017.10.03-12.56.49:308][895]LogModuleManager: Shutting down and abandoning module TextureFormatAndroid (111)
[2017.10.03-12.56.49:308][895]LogModuleManager: Shutting down and abandoning module AudioFormatOpus (109)
[2017.10.03-12.56.49:401][895]LogModuleManager: Shutting down and abandoning module AudioFormatOgg (107)
[2017.10.03-12.56.49:401][895]LogModuleManager: Shutting down and abandoning module AudioFormatADPCM (105)
[2017.10.03-12.56.49:401][895]LogModuleManager: Shutting down and abandoning module LinuxTargetPlatform (103)
[2017.10.03-12.56.49:401][895]LogModuleManager: Shutting down and abandoning module LinuxServerTargetPlatform (101)
[2017.10.03-12.56.49:401][895]LogModuleManager: Shutting down and abandoning module LinuxNoEditorTargetPlatform (99)
[2017.10.03-12.56.49:401][895]LogModuleManager: Shutting down and abandoning module LinuxClientTargetPlatform (97)
[2017.10.03-12.56.49:401][895]LogModuleManager: Shutting down and abandoning module TVOSTargetPlatform (95)
[2017.10.03-12.56.49:401][895]LogModuleManager: Shutting down and abandoning module Messaging (93)
[2017.10.03-12.56.49:401][895]LogModuleManager: Shutting down and abandoning module IOSTargetPlatform (91)
[2017.10.03-12.56.49:401][895]LogModuleManager: Shutting down and abandoning module HTML5TargetPlatform (89)
[2017.10.03-12.56.49:401][895]LogModuleManager: Shutting down and abandoning module Android_PVRTCTargetPlatform (87)
[2017.10.03-12.56.49:401][895]LogModuleManager: Shutting down and abandoning module Android_MultiTargetPlatform (85)
[2017.10.03-12.56.49:401][895]LogModuleManager: Shutting down and abandoning module Android_ETC2TargetPlatform (83)
[2017.10.03-12.56.49:401][895]LogModuleManager: Shutting down and abandoning module Android_ETC1TargetPlatform (81)
[2017.10.03-12.56.49:401][895]LogModuleManager: Shutting down and abandoning module Android_DXTTargetPlatform (79)
[2017.10.03-12.56.49:401][895]LogModuleManager: Shutting down and abandoning module Android_ATCTargetPlatform (77)
[2017.10.03-12.56.49:401][895]LogModuleManager: Shutting down and abandoning module Android_ASTCTargetPlatform (75)
[2017.10.03-12.56.49:401][895]LogModuleManager: Shutting down and abandoning module AndroidTargetPlatform (73)
[2017.10.03-12.56.49:401][895]LogModuleManager: Shutting down and abandoning module WindowsTargetPlatform (71)
[2017.10.03-12.56.49:401][895]LogModuleManager: Shutting down and abandoning module WindowsServerTargetPlatform (69)
[2017.10.03-12.56.49:401][895]LogModuleManager: Shutting down and abandoning module WindowsNoEditorTargetPlatform (67)
[2017.10.03-12.56.49:401][895]LogModuleManager: Shutting down and abandoning module WindowsClientTargetPlatform (65)
[2017.10.03-12.56.49:401][895]LogModuleManager: Shutting down and abandoning module MacTargetPlatform (63)
[2017.10.03-12.56.49:401][895]LogModuleManager: Shutting down and abandoning module MacServerTargetPlatform (61)
[2017.10.03-12.56.49:401][895]LogModuleManager: Shutting down and abandoning module MacNoEditorTargetPlatform (59)
[2017.10.03-12.56.49:401][895]LogModuleManager: Shutting down and abandoning module MacClientTargetPlatform (57)
[2017.10.03-12.56.49:401][895]LogModuleManager: Shutting down and abandoning module AllDesktopTargetPlatform (55)
[2017.10.03-12.56.49:401][895]LogModuleManager: Shutting down and abandoning module InputCore (52)
[2017.10.03-12.56.49:401][895]LogModuleManager: Shutting down and abandoning module Settings (50)
[2017.10.03-12.56.49:402][895]LogModuleManager: Shutting down and abandoning module OculusRift (48)
[2017.10.03-12.56.49:429][895]LogModuleManager: Shutting down and abandoning module GearVR (46)
[2017.10.03-12.56.49:429][895]LogModuleManager: Shutting down and abandoning module ExampleDeviceProfileSelector (44)
[2017.10.03-12.56.49:429][895]LogModuleManager: Shutting down and abandoning module OnlineBlueprintSupport (42)
[2017.10.03-12.56.49:429][895]LogModuleManager: Shutting down and abandoning module OnlineSubsystem (38)
[2017.10.03-12.56.49:429][895]LogOnline:Display: Unloading online subsystem: NULL
[2017.10.03-12.56.49:452][895]LogModuleManager: Shutting down and abandoning module XMPP (37)
[2017.10.03-12.56.49:473][895]LogModuleManager: Shutting down and abandoning module HTTP (35)
[2017.10.03-12.56.49:479][895]LogHttp:Display: Http module shutting down, but needs to wait on 1 outstanding Http requests:
[2017.10.03-12.56.49:479][895]LogHttp:Display: 	verb=[POST] url=[https://datarouter.ol.epicgames.com/datarouter/api/v1/public/data?SessionID=%7B3C26ABF0-419E-757F-195B-CF99B711D8E4%7D&AppID=UEEditor.Rocket.Release&AppVersion=4.15.3-3450819%2B%2B%2BUE4%2BRelease-4.15&UserID=5b603b244070857be6e21db07fac4498%7C4e52399356044f1baac68bdb5a4ee55b%7C7ab93c02-ae7a-45b6-a8d9-e2cb6f613e2a&AppEnvironment=datacollector-binary&UploadType=eteventstream] status=Processing
[2017.10.03-12.56.49:498][895]LogModuleManager: Shutting down and abandoning module SSL (34)
[2017.10.03-12.56.49:503][895]LogModuleManager: Shutting down and abandoning module AudioEditor (30)
[2017.10.03-12.56.49:520][895]LogModuleManager: Shutting down and abandoning module TextureCompressor (28)
[2017.10.03-12.56.49:535][895]LogModuleManager: Shutting down and abandoning module ShaderCore (26)
[2017.10.03-12.56.49:535][895]LogModuleManager: Shutting down and abandoning module Landscape (24)
[2017.10.03-12.56.49:535][895]LogModuleManager: Shutting down and abandoning module SlateRHIRenderer (22)
[2017.10.03-12.56.49:561][895]LogModuleManager: Shutting down and abandoning module OpenGLDrv (20)
[2017.10.03-12.56.49:572][895]LogModuleManager: Shutting down and abandoning module D3D11RHI (18)
[2017.10.03-12.56.49:572][895]LogModuleManager: Shutting down and abandoning module AnimGraphRuntime (16)
[2017.10.03-12.56.49:576][895]LogModuleManager: Shutting down and abandoning module Renderer (14)
[2017.10.03-12.56.49:576][895]LogModuleManager: Shutting down and abandoning module Engine (12)
[2017.10.03-12.56.49:576][895]LogModuleManager: Shutting down and abandoning module CoreUObject (10)
[2017.10.03-12.56.49:576][895]LogModuleManager: Shutting down and abandoning module NetworkFile (8)
[2017.10.03-12.56.49:576][895]LogModuleManager: Shutting down and abandoning module StreamingFile (6)
[2017.10.03-12.56.49:576][895]LogModuleManager: Shutting down and abandoning module SandboxFile (4)
[2017.10.03-12.56.49:576][895]LogModuleManager: Shutting down and abandoning module PakFile (2)
[2017.10.03-12.56.49:578][895]LogExit: Exiting.
[2017.10.03-12.56.49:580][895]Log file closed, 10/03/17 07:56:49
