Log file open, 10/03/17 07:58:46
LogInit:Display: Running engine for game: MyUNREALProject
LogPlatformFile: Not using cached read wrapper
LogInit:Display: RandInit(1449001362) SRandInit(1449001363).
LogTaskGraph: Started task graph with 5 named threads and 6 total threads with 1 sets of task threads.
LogStats: Stats thread started at 0.083770
LogInit: Using libcurl 7.47.1
LogInit:  - built for x86_64-pc-win32
LogInit:  - supports SSL with OpenSSL/1.0.2g
LogInit:  - supports HTTP deflate (compression) using libz 1.2.8
LogInit:  - other features:
LogInit:      CURL_VERSION_SSL
LogInit:      CURL_VERSION_LIBZ
LogInit:      CURL_VERSION_IPV6
LogInit:      CURL_VERSION_ASYNCHDNS
LogInit:      CURL_VERSION_LARGEFILE
LogInit:      CURL_VERSION_IDN
LogInit:  CurlRequestOptions (configurable via config and command line):
LogInit:  - bVerifyPeer = false  - Libcurl will NOT verify peer certificate
LogInit:  - bUseHttpProxy = false  - Libcurl will NOT use HTTP proxy
LogInit:  - bDontReuseConnections = false  - Libcurl will reuse connections
LogInit:  - CertBundlePath = nullptr  - Libcurl will use whatever was configured at build time.
LogInit: Build: ++UE4+Release-4.15-CL-3450819
LogInit: Engine Version: 4.15.3-3450819+++UE4+Release-4.15
LogInit: Compatible Engine Version: 4.15.0-3299760+++UE4+Release-4.15
LogInit: Net CL: 3299760
LogDevObjectVersion: Number of dev versions registered: 14
LogDevObjectVersion:   Dev-Blueprints (B0D832E4-1F89-4F0D-ACCF-7EB736FD4AA2): 8
LogDevObjectVersion:   Dev-Build (E1C64328-A22C-4D53-A36C-8E866417BD8C): 0
LogDevObjectVersion:   Dev-Core (375EC13C-06E4-48FB-B500-84F0262A717E): 2
LogDevObjectVersion:   Dev-Editor (E4B068ED-F494-42E9-A231-DA0B2E46BB41): 14
LogDevObjectVersion:   Dev-Framework (CFFC743F-43B0-4480-9391-14DF171D2073): 22
LogDevObjectVersion:   Dev-Mobile (B02B49B5-BB20-44E9-A304-32B752E40360): 0
LogDevObjectVersion:   Dev-Networking (A4E4105C-59A1-49B5-A7C5-40C4547EDFEE): 0
LogDevObjectVersion:   Dev-Online (39C831C9-5AE6-47DC-9A44-9C173E1C8E7C): 0
LogDevObjectVersion:   Dev-Physics (78F01B33-EBEA-4F98-B9B4-84EACCB95AA2): 0
LogDevObjectVersion:   Dev-Platform (6631380F-2D4D-43E0-8009-CF276956A95A): 0
LogDevObjectVersion:   Dev-Rendering (12F88B9F-8875-4AFC-A67C-D90C383ABD29): 12
LogDevObjectVersion:   Dev-Sequencer (7B5AE74C-D270-4C10-A958-57980B212A5A): 3
LogDevObjectVersion:   Dev-VR (D7296918-1DD6-4BDD-9DE2-64A83CC13884): 0
LogDevObjectVersion:   Dev-LoadTimes (C2A15278-BFE7-4AFE-6C17-90FF531DF755): 1
LogInit: Compiled (64-bit): May 21 2017 11:02:34
LogInit: Compiled with Visual C++: 19.00.23026.00
LogInit: Build Configuration: Development
LogInit: Branch Name: ++UE4+Release-4.15
LogInit: Command line: -EpicPortal 
LogInit: Base directory: C:/Program Files/Epic Games/UE_4.15/Engine/Binaries/Win64/
LogInit: Installed Engine Build: 1
LogInit: Presizing for max 8388607 objects, including 0 objects not considered by GC, pre-allocating 0 bytes for permanent pool.
LogInit: Object subsystem initialized
[2017.10.03-12.58.48:341][  0]LogInit: Selected Device Profile: [Windows]
[2017.10.03-12.58.48:341][  0]LogInit: Applying CVar settings loaded from the selected device profile: [Windows]
[2017.10.03-12.58.48:367][  0]LogInit: Computer: DESKTOP-SSSFMAE
[2017.10.03-12.58.48:367][  0]LogInit: User: Richa
[2017.10.03-12.58.48:367][  0]LogInit: CPU Page size=65536, Cores=2
[2017.10.03-12.58.48:367][  0]LogInit: High frequency timer resolution =2.343753 MHz
[2017.10.03-12.58.48:367][  0]LogMemory: Memory total: Physical=7.9GB (8GB approx)
[2017.10.03-12.58.48:367][  0]LogMemory: Platform Memory Stats for Windows
[2017.10.03-12.58.48:367][  0]LogMemory: Process Physical Memory: 262.58 MB used, 262.58 MB peak
[2017.10.03-12.58.48:367][  0]LogMemory: Process Virtual Memory: 262.00 MB used, 262.00 MB peak
[2017.10.03-12.58.48:367][  0]LogMemory: Physical Memory: 5071.45 MB used,  3025.21 MB free, 8096.66 MB total
[2017.10.03-12.58.48:367][  0]LogMemory: Virtual Memory: 642.95 MB used,  3025.21 MB free, 134217728.00 MB total
[2017.10.03-12.58.48:541][  0]LogTextLocalizationManager: No specific translations for ('en-US') exist, so ('en') translations will be used.
[2017.10.03-12.58.49:549][  0]LogD3D11RHI: D3D11 adapters:
[2017.10.03-12.58.49:564][  0]LogD3D11RHI:    0. 'Intel(R) HD Graphics 620' (Feature Level 11_0)
[2017.10.03-12.58.49:564][  0]LogD3D11RHI:       128/0/4048 MB DedicatedVideo/DedicatedSystem/SharedSystem, Outputs:1, VendorId:0x8086
[2017.10.03-12.58.49:566][  0]LogD3D11RHI:    1. 'Microsoft Basic Render Driver' (Feature Level 11_0)
[2017.10.03-12.58.49:566][  0]LogD3D11RHI:       0/0/4048 MB DedicatedVideo/DedicatedSystem/SharedSystem, Outputs:0, VendorId:0x1414
[2017.10.03-12.58.49:566][  0]LogD3D11RHI: Chosen D3D11 Adapter: 0
[2017.10.03-12.58.49:573][  0]LogD3D11RHI: Creating new Direct3DDevice
[2017.10.03-12.58.49:573][  0]LogD3D11RHI:     GPU DeviceId: 0x5916 (for the marketing name, search the web for "GPU Device Id")
[2017.10.03-12.58.49:573][  0]LogWindows: EnumDisplayDevices:
[2017.10.03-12.58.49:574][  0]LogWindows:    0. 'Intel(R) HD Graphics 620' (P:1 D:1)
[2017.10.03-12.58.49:574][  0]LogWindows:    1. 'Intel(R) HD Graphics 620' (P:0 D:0)
[2017.10.03-12.58.49:574][  0]LogWindows:    2. 'Intel(R) HD Graphics 620' (P:0 D:0)
[2017.10.03-12.58.49:574][  0]LogWindows: DebugString: FoundDriverCount:3 
[2017.10.03-12.58.49:574][  0]LogD3D11RHI:     Adapter Name: Intel(R) HD Graphics 620
[2017.10.03-12.58.49:574][  0]LogD3D11RHI:   Driver Version: 21.20.16.4639 (internal:21.20.16.4639, unified:21.20.16.4639)
[2017.10.03-12.58.49:574][  0]LogD3D11RHI:      Driver Date: 3-22-2017
[2017.10.03-12.58.49:574][  0]LogRHI: Texture pool is 1361 MB (70% of 1945 MB)
[2017.10.03-12.58.49:583][  0]LogD3D11RHI: Async texture creation enabled
[2017.10.03-12.58.49:589][  0]LogD3D11RHI: GPU Timing Frequency: 12.000000 (Debug: 2 0)
[2017.10.03-12.58.49:591][  0]LogShaderCompilers: Guid format shader working directory is -33 characters bigger than the processId version (../../../../../../Users/Richa/Documents/Tryingthis/Givingitatry/MyUNREALProject/Intermediate/Shaders/WorkingDirectory/6956/).
[2017.10.03-12.58.49:591][  0]LogShaderCompilers: Cleaned the shader compiler working directory 'C:/Users/Richa/AppData/Local/Temp/UnrealShaderWorkingDir/4C29A7DF48935DA7A31FA2B3C51F8CC8/'.
[2017.10.03-12.58.49:591][  0]LogShaderCompilers:Display: Using Local Shader Compiler.
[2017.10.03-12.58.51:207][  0]LogTemp:Display: Loaded TP AllDesktopTargetPlatform
[2017.10.03-12.58.51:288][  0]LogTemp:Display: Loaded TP MacClientTargetPlatform
[2017.10.03-12.58.51:365][  0]LogTemp:Display: Loaded TP MacNoEditorTargetPlatform
[2017.10.03-12.58.51:450][  0]LogTemp:Display: Loaded TP MacServerTargetPlatform
[2017.10.03-12.58.51:529][  0]LogTemp:Display: Loaded TP MacTargetPlatform
[2017.10.03-12.58.51:615][  0]LogTemp:Display: Loaded TP WindowsClientTargetPlatform
[2017.10.03-12.58.51:695][  0]LogTemp:Display: Loaded TP WindowsNoEditorTargetPlatform
[2017.10.03-12.58.51:776][  0]LogTemp:Display: Loaded TP WindowsServerTargetPlatform
[2017.10.03-12.58.51:838][  0]LogTemp:Display: Loaded TP WindowsTargetPlatform
[2017.10.03-12.58.51:921][  0]LogTemp:Display: Loaded TP AndroidTargetPlatform
[2017.10.03-12.58.51:999][  0]LogTemp:Display: Loaded TP Android_ASTCTargetPlatform
[2017.10.03-12.58.52:082][  0]LogTemp:Display: Loaded TP Android_ATCTargetPlatform
[2017.10.03-12.58.52:163][  0]LogTemp:Display: Loaded TP Android_DXTTargetPlatform
[2017.10.03-12.58.52:245][  0]LogTemp:Display: Loaded TP Android_ETC1TargetPlatform
[2017.10.03-12.58.52:324][  0]LogTemp:Display: Loaded TP Android_ETC2TargetPlatform
[2017.10.03-12.58.52:488][  0]LogTemp:Display: Loaded TP Android_MultiTargetPlatform
[2017.10.03-12.58.52:488][  0]LogTemp:Display: Loaded TP Android_PVRTCTargetPlatform
[2017.10.03-12.58.52:543][  0]LogTemp:Display: Loaded TP HTML5TargetPlatform
[2017.10.03-12.58.52:681][  0]LogTemp:Display: Loaded TP IOSTargetPlatform
[2017.10.03-12.58.52:731][  0]LogTemp:Display: Loaded TP TVOSTargetPlatform
[2017.10.03-12.58.52:808][  0]LogTemp:Display: Loaded TP LinuxClientTargetPlatform
[2017.10.03-12.58.52:906][  0]LogTemp:Display: Loaded TP LinuxNoEditorTargetPlatform
[2017.10.03-12.58.52:987][  0]LogTemp:Display: Loaded TP LinuxServerTargetPlatform
[2017.10.03-12.58.53:066][  0]LogTemp:Display: Loaded TP LinuxTargetPlatform
[2017.10.03-12.58.53:066][  0]LogTargetPlatformManager:Display: Building Assets For Windows
[2017.10.03-12.58.53:729][  0]LogDerivedDataCache:Display: Max Cache Size: 512 MB
[2017.10.03-12.58.53:811][  0]LogDerivedDataCache: Loaded boot cache 0.08s 50MB C:/Users/Richa/AppData/Local/UnrealEngine/4.15/DerivedDataCache/Boot.ddc.
[2017.10.03-12.58.53:812][  0]LogDerivedDataCache:Display: Loaded Boot cache: C:/Users/Richa/AppData/Local/UnrealEngine/4.15/DerivedDataCache/Boot.ddc
[2017.10.03-12.58.53:812][  0]LogDerivedDataCache: FDerivedDataBackendGraph:  Pak pak cache file ../../../../../../Users/Richa/Documents/Tryingthis/Givingitatry/MyUNREALProject/DerivedDataCache/DDC.ddp not found, will not use a pak cache.
[2017.10.03-12.58.53:812][  0]LogDerivedDataCache: Unable to find inner node Pak for hierarchical cache Hierarchy.
[2017.10.03-12.58.53:812][  0]LogDerivedDataCache: FDerivedDataBackendGraph:  CompressedPak pak cache file ../../../../../../Users/Richa/Documents/Tryingthis/Givingitatry/MyUNREALProject/DerivedDataCache/Compressed.ddp not found, will not use a pak cache.
[2017.10.03-12.58.53:812][  0]LogDerivedDataCache: Unable to find inner node CompressedPak for hierarchical cache Hierarchy.
[2017.10.03-12.58.53:835][  0]LogDerivedDataCache:Display: Pak cache opened for reading ../../../Engine/DerivedDataCache/Compressed.ddp.
[2017.10.03-12.58.53:848][  0]LogDerivedDataCache: Using Local data cache path C:/Users/Richa/AppData/Local/UnrealEngine/Common/DerivedDataCache: Writable
[2017.10.03-12.58.53:865][  0]LogSlate: Using Freetype 2.6.0
[2017.10.03-12.58.53:865][  0]LogSlate: SlateFontCache - WITH_FREETYPE: 1, WITH_HARFBUZZ: 1
[2017.10.03-12.58.53:865][  0]LogSlate: SlateFontCache - WITH_FREETYPE: 1, WITH_HARFBUZZ: 1
[2017.10.03-12.58.54:325][  0]LogInit: Selected Device Profile: [Windows]
[2017.10.03-12.58.54:330][  0]LogContentStreaming: Texture pool size is 0.00 MB
[2017.10.03-12.58.54:635][  0]LogMeshUtilities: Using QuadricMeshReduction for automatic static mesh reduction
[2017.10.03-12.58.54:700][  0]LogSimplygon: Simplygon DLL not present - disabling.
[2017.10.03-12.58.54:770][  0]LogMeshUtilities: Using SimplygonSwarm for distributed automatic mesh merging
[2017.10.03-12.58.54:770][  0]LogMeshUtilities: No automatic skeletal mesh reduction module available
[2017.10.03-12.58.54:770][  0]LogMeshUtilities: No automatic mesh merging module available
[2017.10.03-12.58.55:620][  0]LogNetVersion: GetLocalNetworkVersion: CL: 3299760, ProjectName: myunrealproject, ProjectVersion: , EngineNetworkVersion: 2, GameNetworkVersion: 0, NetworkChecksum: 3193458936
[2017.10.03-12.58.55:678][  0]LogAssetRegistry: FAssetRegistry took 0.0220 seconds to start up
[2017.10.03-12.58.55:760][  0]LogPackageLocalizationCache: Processed 3 localized package path(s) for 2 prioritized culture(s) in 0.040427 seconds
[2017.10.03-12.58.55:767][  0]LogUObjectArray: 32493 objects as part of root set at end of initial load.
[2017.10.03-12.58.55:767][  0]LogUObjectAllocator: 7077024 out of 0 bytes used by permanent object pool.
[2017.10.03-12.58.55:767][  0]LogUObjectArray: CloseDisregardForGC: 0/0 objects in disregard for GC pool
[2017.10.03-12.58.55:871][  0]LogInit: WinSock: version 1.1 (2.2), MaxSocks=32767, MaxUdp=65467
[2017.10.03-12.58.58:218][  0]LogTcpMessaging: Initializing TcpMessaging bridge
[2017.10.03-12.58.58:271][  0]LogUdpMessaging: Initializing bridge on interface 0.0.0.0:0 to multicast group 230.0.0.1:6666.
[2017.10.03-12.58.58:928][  0]LogMaterial: Uniform references updated for custom material expression Custom.
[2017.10.03-12.58.59:492][  0]SourceControl: Info Source control is disabled
[2017.10.03-12.59.02:179][  0]LogEngine: Initializing Engine...
[2017.10.03-12.59.02:183][  0]LogHMD: Failed to initialize OpenVR with code 110
[2017.10.03-12.59.02:353][  0]LogStats: UGameplayTagsManager::ConstructGameplayTagTree: Construct from data asset -  0.000 s
[2017.10.03-12.59.02:353][  0]LogStats: UGameplayTagsManager::ConstructGameplayTagTree: GameplayTagTreeChangedEvent.Broadcast -  0.000 s
[2017.10.03-12.59.02:554][  0]LogAIModule: Creating AISystem for world Untitled
[2017.10.03-12.59.02:571][  0]LogInit: XAudio2 using 'Speakers (Realtek High Definition Audio)' : 2 channels at 48 kHz using 32 bits per sample (channel mask 0x3)
[2017.10.03-12.59.02:785][  0]LogInit: FAudioDevice initialized.
[2017.10.03-12.59.02:828][  0]LogDerivedDataCache: Saved boot cache 0.04s 50MB C:/Users/Richa/AppData/Local/UnrealEngine/4.15/DerivedDataCache/Boot.ddc.
[2017.10.03-12.59.02:837][  0]LogInit: Texture streaming: Enabled
[2017.10.03-12.59.02:992][  0]LogEngineSessionManager: EngineSessionManager initialized
[2017.10.03-12.59.03:126][  0]LogInit: Transaction tracking system initialized
[2017.10.03-12.59.03:952][  0]BlueprintLog: New page: Editor Load
[2017.10.03-12.59.05:418][  0]LocalizationService: Info Localization service is disabled
[2017.10.03-12.59.06:405][  0]LogConsoleResponse:Display: 
[2017.10.03-12.59.06:622][  0]LogCook:Display: Max memory allowance for cook 16384mb min free memory 0mb
[2017.10.03-12.59.06:622][  0]LogCook:Display: Mobile HDR setting 1
[2017.10.03-12.59.07:494][  0]LogFileCache: Scanning file cache for directory 'C:/Users/Richa/Documents/Tryingthis/Givingitatry/MyUNREALProject/Content/' took 0.02s
[2017.10.03-12.59.08:401][  0]Cmd: MAP LOAD FILE="../../../../../../Users/Richa/Documents/Tryingthis/Givingitatry/MyUNREALProject/Content/ThirdPersonBP/Maps/ThirdPersonExampleMap.umap" TEMPLATE=0 SHOWPROGRESS=1 FEATURELEVEL=3
[2017.10.03-12.59.08:401][  0]LightingResults: New page: Lighting Build
[2017.10.03-12.59.08:465][  0]MapCheck: New page: Map Check
[2017.10.03-12.59.08:465][  0]LightingResults: New page: Lighting Build
[2017.10.03-12.59.09:103][  0]LogAIModule: Creating AISystem for world ThirdPersonExampleMap
[2017.10.03-12.59.09:153][  0]LogEditorServer: Finished looking for orphan Actors (0.000 secs)
[2017.10.03-12.59.09:153][  0]Cmd: MAP CHECKDEP NOCLEARLOG
[2017.10.03-12.59.09:245][  0]MapCheck: Info Map check complete: 0 Error(s), 0 Warning(s), took 91.461ms to complete.
[2017.10.03-12.59.09:245][  0]LogFileHelpers: Loading map 'ThirdPersonExampleMap' took 0.844
[2017.10.03-12.59.09:322][  0]LogWindowsTextInputMethodSystem:Display: IME system now deactivated.
[2017.10.03-12.59.09:322][  0]LogWindowsTextInputMethodSystem:Display: IME system now deactivated.
[2017.10.03-12.59.09:851][  0]LogCollectionManager: Loaded 0 collections in 0.001648 seconds
[2017.10.03-12.59.09:956][  0]LogFileCache: Scanning file cache for directory 'C:/Users/Richa/Documents/Tryingthis/Givingitatry/MyUNREALProject/Saved/Collections/' took 0.01s
[2017.10.03-12.59.09:956][  0]LogFileCache: Scanning file cache for directory 'C:/Users/Richa/Documents/Tryingthis/Givingitatry/MyUNREALProject/Content/Developers/Richa/Collections/' took 0.01s
[2017.10.03-12.59.09:956][  0]LogFileCache: Scanning file cache for directory 'C:/Users/Richa/Documents/Tryingthis/Givingitatry/MyUNREALProject/Content/Collections/' took 0.01s
[2017.10.03-12.59.09:956][  0]LogCollectionManager: Rebuilt the GUID cache for 0 collections in 0.000002 seconds
[2017.10.03-12.59.09:971][  0]LogContentBrowser: Native class hierarchy populated in 0.0139 seconds. Added 2246 classes and 455 folders.
[2017.10.03-12.59.10:061][  0]LogContentBrowser: Native class hierarchy updated for 'WidgetCarousel' in 0.0006 seconds. Added 0 classes and 0 folders.
[2017.10.03-12.59.10:985][  0]LogContentBrowser: Native class hierarchy updated for 'AddContentDialog' in 0.0007 seconds. Added 0 classes and 0 folders.
[2017.10.03-12.59.11:021][  0]LogCrashTracker: Crashtracker disabled due to settings.
[2017.10.03-12.59.11:035][  0]LogUObjectGlobals:Warning: Failed to find object 'Class None.'
[2017.10.03-12.59.11:147][  0]LogContentBrowser: Native class hierarchy updated for 'HierarchicalLODOutliner' in 0.0007 seconds. Added 1 classes and 2 folders.
[2017.10.03-12.59.11:148][  0]LogLoad: (Engine Initialization) Total time: 25.49 seconds
[2017.10.03-12.59.11:148][  0]LogLoad: (Engine Initialization) Total Blueprint compile time: 0.21 seconds
[2017.10.03-12.59.11:148][  0]LogExternalProfiler: No external profilers were discovered.  External profiling features will not be available.
[2017.10.03-12.59.11:170][  0]LogOcInput: OculusInput pre-init called
[2017.10.03-12.59.11:189][  0]SourceControl: Info On branch master
[2017.10.03-12.59.11:189][  0]SourceControl: Info Your branch is up-to-date with 'origin/master'.
[2017.10.03-12.59.11:189][  0]SourceControl: Info Changes not staged for commit:
[2017.10.03-12.59.11:189][  0]SourceControl: Info   (use "git add <file>..." to update what will be committed)
[2017.10.03-12.59.11:189][  0]SourceControl: Info   (use "git checkout -- <file>..." to discard changes in working directory)
[2017.10.03-12.59.11:189][  0]SourceControl: Info 	modified:   MyUNREALProject/Intermediate/CachedAssetRegistry.bin
[2017.10.03-12.59.11:189][  0]SourceControl: Info 	modified:   MyUNREALProject/Saved/AutoScreenshot.png
[2017.10.03-12.59.11:189][  0]SourceControl: Info 	modified:   MyUNREALProject/Saved/Config/Windows/EditorPerProjectUserSettings.ini
[2017.10.03-12.59.11:189][  0]SourceControl: Info 	modified:   MyUNREALProject/Saved/Config/Windows/Engine.ini
[2017.10.03-12.59.11:189][  0]SourceControl: Info 	modified:   MyUNREALProject/Saved/Logs/MyUNREALProject.log
[2017.10.03-12.59.11:189][  0]SourceControl: Info Untracked files:
[2017.10.03-12.59.11:189][  0]SourceControl: Info   (use "git add <file>..." to include in what will be committed)
[2017.10.03-12.59.11:189][  0]SourceControl: Info 	MyUNREALProject/Saved/Logs/MyUNREALProject-backup-2017.10.02-23.44.33.log
[2017.10.03-12.59.11:189][  0]SourceControl: Info 	MyUNREALProject/Saved/Logs/MyUNREALProject-backup-2017.10.03-07.58.46.log
[2017.10.03-12.59.11:189][  0]SourceControl: Info 	MyUNREALProject/Saved/Logs/UE4CC-Windows-6AE9C95049EE90EB73491CAE45AFABBB/
[2017.10.03-12.59.11:189][  0]SourceControl: Info 	MyUNREALProject/Saved/Logs/UE4CC-Windows-72CB2D0641412336EB8C0C9EA3588124/
[2017.10.03-12.59.11:189][  0]SourceControl: Info no changes added to commit (use "git add" and/or "git commit -a")
[2017.10.03-12.59.11:189][  0]LogContentStreaming: Texture pool size now 1000 MB
[2017.10.03-12.59.11:192][  0]LogSlate: Took 0.000932 seconds to synchronously load lazily loaded font '../../../Engine/Content/Slate/Fonts/Roboto-Regular.ttf' (155K)
[2017.10.03-12.59.11:202][  0]LogSlate: Took 0.000250 seconds to synchronously load lazily loaded font '../../../Engine/Content/Slate/Fonts/Roboto-Bold.ttf' (160K)
[2017.10.03-12.59.11:211][  0]LogSlate: Took 0.000218 seconds to synchronously load lazily loaded font '../../../Engine/Content/Editor/Slate/Fonts/FontAwesome.ttf' (139K)
[2017.10.03-12.59.11:317][  0]LogSlate: Took 0.000203 seconds to synchronously load lazily loaded font '../../../Engine/Content/Slate/Fonts/Roboto-Light.ttf' (159K)
[2017.10.03-12.59.11:400][  0]LogRenderer: Reallocating scene render targets to support 964x352 NumSamples 1 (Frame:2).
[2017.10.03-12.59.12:426][  1]LogAssetRegistry: Asset discovery search completed in 16.7698 seconds
[2017.10.03-12.59.12:426][  1]LogCollectionManager: Rebuilt the object cache for 0 collections in 0.000005 seconds (found 0 objects)
[2017.10.03-12.59.12:426][  1]LogCollectionManager: Fixed up redirectors for 0 collections in 0.000020 seconds (updated 0 objects)
[2017.10.03-13.00.31:373][887]LogSlate: Took 0.000138 seconds to synchronously load lazily loaded font '../../../Engine/Content/Slate/Fonts/Roboto-Light.ttf' (159K)
[2017.10.03-13.00.32:106][887]SourceControl: Info rm 'MyUNREALProject/Content/ThirdPersonBP/ThirdPersonOverview.uasset'
[2017.10.03-13.00.36:063][979]LogTemp: Repeting last play command: Selected Viewport
[2017.10.03-13.00.36:096][979]LogBlueprintUserMessages: Early PlayInEditor Detection: Level '/Game/ThirdPersonBP/Maps/ThirdPersonExampleMap.ThirdPersonExampleMap:PersistentLevel' has LevelScriptBlueprint '/Game/ThirdPersonBP/Maps/ThirdPersonExampleMap.ThirdPersonExampleMap:PersistentLevel.ThirdPersonExampleMap' with GeneratedClass '/Game/ThirdPersonBP/Maps/ThirdPersonExampleMap.ThirdPersonExampleMap_C' with ClassGeneratedBy '/Game/ThirdPersonBP/Maps/ThirdPersonExampleMap.ThirdPersonExampleMap:PersistentLevel.ThirdPersonExampleMap'
[2017.10.03-13.00.36:105][979]LogPlayLevel: PlayLevel: No blueprints needed recompiling
[2017.10.03-13.00.36:151][979]PIE: New page: PIE session: ThirdPersonExampleMap (Oct 3, 2017, 3:00:36 AM)
[2017.10.03-13.00.36:175][979]LogPlayLevel: Creating play world package: /Game/ThirdPersonBP/Maps/UEDPIE_0_ThirdPersonExampleMap
[2017.10.03-13.00.36:296][979]LogPlayLevel: PIE: StaticDuplicateObject took: (0.120962s)
[2017.10.03-13.00.36:297][979]LogAIModule: Creating AISystem for world ThirdPersonExampleMap
[2017.10.03-13.00.36:297][979]LogPlayLevel: PIE: World Init took: (0.001520s)
[2017.10.03-13.00.36:298][979]LogPlayLevel: PIE: Created PIE world by copying editor world from /Game/ThirdPersonBP/Maps/ThirdPersonExampleMap.ThirdPersonExampleMap to /Game/ThirdPersonBP/Maps/UEDPIE_0_ThirdPersonExampleMap.ThirdPersonExampleMap (0.129363s)
[2017.10.03-13.00.36:348][979]LogInit: XAudio2 using 'Speakers (Realtek High Definition Audio)' : 2 channels at 48 kHz using 32 bits per sample (channel mask 0x3)
[2017.10.03-13.00.36:367][979]LogInit: FAudioDevice initialized.
[2017.10.03-13.00.36:588][979]LogLoad: Game class is 'ThirdPersonGameMode_C'
[2017.10.03-13.00.36:703][979]LogWorld: Bringing World /Game/ThirdPersonBP/Maps/UEDPIE_0_ThirdPersonExampleMap.ThirdPersonExampleMap up for play (max tick rate 60) at 2017.10.03-08.00.36
[2017.10.03-13.00.36:740][979]LogWorld: Bringing up level for play took: 0.038977
[2017.10.03-13.00.36:959][979]LogContentBrowser: Native class hierarchy updated for 'MovieSceneCapture' in 0.0008 seconds. Added 11 classes and 0 folders.
[2017.10.03-13.00.36:994][979]PIE: Info Play in editor start time for /Game/ThirdPersonBP/Maps/UEDPIE_0_ThirdPersonExampleMap 1.263
[2017.10.03-13.00.36:994][979]LogBlueprintUserMessages: Late PlayInEditor Detection: Level '/Game/ThirdPersonBP/Maps/ThirdPersonExampleMap.ThirdPersonExampleMap:PersistentLevel' has LevelScriptBlueprint '/Game/ThirdPersonBP/Maps/ThirdPersonExampleMap.ThirdPersonExampleMap:PersistentLevel.ThirdPersonExampleMap' with GeneratedClass '/Game/ThirdPersonBP/Maps/ThirdPersonExampleMap.ThirdPersonExampleMap_C' with ClassGeneratedBy '/Game/ThirdPersonBP/Maps/ThirdPersonExampleMap.ThirdPersonExampleMap:PersistentLevel.ThirdPersonExampleMap'
[2017.10.03-13.00.49:403][269]LogBlueprintUserMessages: Early EndPlayMap Detection: Level '/Game/ThirdPersonBP/Maps/ThirdPersonExampleMap.ThirdPersonExampleMap:PersistentLevel' has LevelScriptBlueprint '/Game/ThirdPersonBP/Maps/ThirdPersonExampleMap.ThirdPersonExampleMap:PersistentLevel.ThirdPersonExampleMap' with GeneratedClass '/Game/ThirdPersonBP/Maps/ThirdPersonExampleMap.ThirdPersonExampleMap_C' with ClassGeneratedBy '/Game/ThirdPersonBP/Maps/ThirdPersonExampleMap.ThirdPersonExampleMap:PersistentLevel.ThirdPersonExampleMap'
[2017.10.03-13.00.49:512][269]LogBlueprintUserMessages: Late EndPlayMap Detection: Level '/Game/ThirdPersonBP/Maps/ThirdPersonExampleMap.ThirdPersonExampleMap:PersistentLevel' has LevelScriptBlueprint '/Game/ThirdPersonBP/Maps/ThirdPersonExampleMap.ThirdPersonExampleMap:PersistentLevel.ThirdPersonExampleMap' with GeneratedClass '/Game/ThirdPersonBP/Maps/ThirdPersonExampleMap.ThirdPersonExampleMap_C' with ClassGeneratedBy '/Game/ThirdPersonBP/Maps/ThirdPersonExampleMap.ThirdPersonExampleMap:PersistentLevel.ThirdPersonExampleMap'
[2017.10.03-13.00.51:546][313]LogEditorViewport: Clicking on Actor (LMB): DocumentationActor (DocumentationActor1)
[2017.10.03-13.01.17:220][852]LogEditor: Attempting to add actor of class 'DocumentationActor' to level at -230.00,-20.00,280.00
[2017.10.03-13.01.17:831][865]LogEditor: Attempting to add actor of class 'DocumentationActor' to level at -610.00,40.00,130.00
[2017.10.03-13.01.29:632][123]LogRenderer: Reallocating scene render targets to support 964x360 NumSamples 1 (Frame:2896).
[2017.10.03-13.01.29:833][124]LogRenderer: Reallocating scene render targets to support 964x404 NumSamples 1 (Frame:2898).
[2017.10.03-13.01.30:142][125]LogRenderer: Reallocating scene render targets to support 964x476 NumSamples 1 (Frame:2900).
[2017.10.03-13.01.30:230][126]LogRenderer: Reallocating scene render targets to support 964x532 NumSamples 1 (Frame:2901).
[2017.10.03-13.01.30:397][127]LogRenderer: Reallocating scene render targets to support 964x536 NumSamples 1 (Frame:2903).
[2017.10.03-13.01.30:597][128]LogRenderer: Reallocating scene render targets to support 964x548 NumSamples 1 (Frame:2905).
[2017.10.03-13.01.30:729][129]LogRenderer: Reallocating scene render targets to support 964x556 NumSamples 1 (Frame:2907).
[2017.10.03-13.01.36:808][229]LogSlate: Took 0.012702 seconds to synchronously load lazily loaded font '../../../Engine/Content/Editor/Slate/Fonts/Roboto-Italic.ttf' (157K)
[2017.10.03-13.02.00:634][641]LogSavePackage: Save=9.79ms
[2017.10.03-13.02.00:634][641]LogSavePackage: Moving '../../../../../../Users/Richa/Documents/Tryingthis/Givingitatry/MyUNREALProject/Saved/Leveel2200C095646816E51CE69B39F103231A8.tmp' to '../../../../../../Users/Richa/Documents/Tryingthis/Givingitatry/MyUNREALProject/Content/ThirdPersonBP/Maps/Leveel2.umap'
[2017.10.03-13.02.00:657][641]LogSavePackage:Display: Finished SavePackage ../../../../../../Users/Richa/Documents/Tryingthis/Givingitatry/MyUNREALProject/Content/ThirdPersonBP/Maps/Leveel2.umap
[2017.10.03-13.02.00:864][641]LogFileHelpers: Saving map 'Leveel2' took 0.360
[2017.10.03-13.02.01:075][641]LogSlate: Took 0.000222 seconds to synchronously load lazily loaded font '../../../Engine/Content/Slate/Fonts/Roboto-Regular.ttf' (155K)
[2017.10.03-13.02.01:126][641]LogSavePackage: Save=152.01ms
[2017.10.03-13.02.01:126][641]LogSavePackage: Moving '../../../../../../Users/Richa/Documents/Tryingthis/Givingitatry/MyUNREALProject/Saved/ThirdPersonExampleMap88F7DDBA4A57C509D558C99CF6F3942F.tmp' to '../../../../../../Users/Richa/Documents/Tryingthis/Givingitatry/MyUNREALProject/Content/ThirdPersonBP/Maps/ThirdPersonExampleMap.umap'
[2017.10.03-13.02.01:131][641]LogSavePackage:Display: Finished SavePackage ../../../../../../Users/Richa/Documents/Tryingthis/Givingitatry/MyUNREALProject/Content/ThirdPersonBP/Maps/ThirdPersonExampleMap.umap
[2017.10.03-13.02.01:153][641]LogFileHelpers: Saving map 'ThirdPersonExampleMap' took 0.288
[2017.10.03-13.02.01:156][641]Cmd: MAP LOAD FILE="../../../../../../Users/Richa/Documents/Tryingthis/Givingitatry/MyUNREALProject/Content/ThirdPersonBP/Maps/Leveel2.umap" TEMPLATE=0 SHOWPROGRESS=1 FEATURELEVEL=3
[2017.10.03-13.02.01:156][641]LightingResults: New page: Lighting Build
[2017.10.03-13.02.01:159][641]LoadErrors: New page: Loading map: Leveel2.umap
[2017.10.03-13.02.01:161][641]MapCheck: New page: Map Check
[2017.10.03-13.02.01:161][641]LightingResults: New page: Lighting Build
[2017.10.03-13.02.01:254][641]LogEditorServer: Finished looking for orphan Actors (0.000 secs)
[2017.10.03-13.02.01:254][641]LogAIModule: Creating AISystem for world Leveel2
[2017.10.03-13.02.01:279][641]Cmd: MAP CHECKDEP NOCLEARLOG
[2017.10.03-13.02.01:349][641]MapCheck: Info Map check complete: 0 Error(s), 0 Warning(s), took 70.071ms to complete.
[2017.10.03-13.02.01:349][641]LogFileHelpers: Loading map 'Leveel2' took 0.195
[2017.10.03-13.02.42:281][869]LogActorFactory: Actor Factory created Plane
[2017.10.03-13.02.43:292][895]LogActorFactory: Actor Factory created Plane
[2017.10.03-13.03.00:422][339]Cmd: CAMERA ALIGN ACTIVEVIEWPORTONLY
[2017.10.03-13.03.10:240][596]LogNavigationPoint: PostEditMove Clear paths rebuilt
[2017.10.03-13.03.14:538][708]LogNavigationPoint: PostEditMove Clear paths rebuilt
[2017.10.03-13.03.16:513][756]LogEditorViewport: Clicking on Actor (LMB): StaticMeshActor (Plane)
[2017.10.03-13.03.23:770][927]LogTemp: Repeting last play command: Selected Viewport
[2017.10.03-13.03.23:793][927]LogPlayLevel: PlayLevel: No blueprints needed recompiling
[2017.10.03-13.03.23:793][927]PIE: New page: PIE session: Leveel2 (Oct 3, 2017, 3:03:23 AM)
[2017.10.03-13.03.23:793][927]LogPlayLevel: Creating play world package: /Game/ThirdPersonBP/Maps/UEDPIE_0_Leveel2
[2017.10.03-13.03.23:800][927]LogPlayLevel: PIE: StaticDuplicateObject took: (0.006488s)
[2017.10.03-13.03.23:802][927]LogAIModule: Creating AISystem for world Leveel2
[2017.10.03-13.03.23:803][927]LogPlayLevel: PIE: World Init took: (0.002728s)
[2017.10.03-13.03.23:803][927]LogPlayLevel: PIE: Created PIE world by copying editor world from /Game/ThirdPersonBP/Maps/Leveel2.Leveel2 to /Game/ThirdPersonBP/Maps/UEDPIE_0_Leveel2.Leveel2 (0.010188s)
[2017.10.03-13.03.23:877][927]LogInit: XAudio2 using 'Speakers (Realtek High Definition Audio)' : 2 channels at 48 kHz using 32 bits per sample (channel mask 0x3)
[2017.10.03-13.03.23:902][927]LogInit: FAudioDevice initialized.
[2017.10.03-13.03.23:942][927]LogLoad: Game class is 'ThirdPersonGameMode_C'
[2017.10.03-13.03.23:944][927]LogWorld: Bringing World /Game/ThirdPersonBP/Maps/UEDPIE_0_Leveel2.Leveel2 up for play (max tick rate 60) at 2017.10.03-08.03.23
[2017.10.03-13.03.23:944][927]LogWorld: Bringing up level for play took: 0.001812
[2017.10.03-13.03.24:208][927]PIE: Info Play in editor start time for /Game/ThirdPersonBP/Maps/UEDPIE_0_Leveel2 0.477
[2017.10.03-13.11.58:647][549]LogSlate: Took 0.000308 seconds to synchronously load lazily loaded font '../../../Engine/Content/Slate/Fonts/Roboto-Light.ttf' (159K)
[2017.10.03-13.12.07:814][576]LogSavePackage: Save=47.32ms
[2017.10.03-13.12.07:814][576]LogSavePackage: Moving '../../../../../../Users/Richa/Documents/Tryingthis/Givingitatry/MyUNREALProject/Saved/Leveel2_Auto14169C747478E7E84919F87B3EEA44249.tmp' to '../../../../../../Users/Richa/Documents/Tryingthis/Givingitatry/MyUNREALProject/Saved/Autosaves/Game/ThirdPersonBP/Maps/Leveel2_Auto1.umap'
[2017.10.03-13.12.07:818][576]LogSavePackage:Display: Finished SavePackage ../../../../../../Users/Richa/Documents/Tryingthis/Givingitatry/MyUNREALProject/Saved/Autosaves/Game/ThirdPersonBP/Maps/Leveel2_Auto1.umap
[2017.10.03-13.12.07:821][576]LogFileHelpers: Editor autosave (incl. sublevels) for '/Game/ThirdPersonBP/Maps/Leveel2' took 0.120
[2017.10.03-13.12.07:821][576]LogFileHelpers: Editor autosave (incl. sublevels) for all levels took 0.120
[2017.10.03-13.24.20:584][886]LogSavePackage: Save=33.70ms
[2017.10.03-13.24.20:584][886]LogSavePackage: Moving '../../../../../../Users/Richa/Documents/Tryingthis/Givingitatry/MyUNREALProject/Saved/Leveel2D313813B46F43C420F898D80574A399E.tmp' to '../../../../../../Users/Richa/Documents/Tryingthis/Givingitatry/MyUNREALProject/Content/ThirdPersonBP/Maps/Leveel2.umap'
[2017.10.03-13.24.20:588][886]LogSavePackage:Display: Finished SavePackage ../../../../../../Users/Richa/Documents/Tryingthis/Givingitatry/MyUNREALProject/Content/ThirdPersonBP/Maps/Leveel2.umap
[2017.10.03-13.24.20:617][886]LogFileHelpers: Saving map 'Leveel2' took 0.204
[2017.10.03-13.24.24:916][985]SourceControl: Info fatal: C:/Program Files/Epic Games/UE_4.15/Engine/Content/: 'C:/Program Files/Epic Games/UE_4.15/Engine/Content/' is outside repository
[2017.10.03-13.24.25:167][985]LogPackageName:Error: Illegal call to DoesPackageExist: '../../../../../../Users/Richa/Documents/Tryingthis/Givingitatry/MyUNREALProject/MyUNREALProject.uproject' is not a standard unreal filename or a long path name. Reason: Path should be no less than 4 characters long.
[2017.10.03-13.24.25:405][985]LogStats: FPlatformStackWalk::StackWalkAndDump -  0.238 s
[2017.10.03-13.24.25:405][985]LogOutputDevice:Error: === Handled ensure: ===
[2017.10.03-13.24.25:405][985]LogOutputDevice:Error: 
[2017.10.03-13.24.25:405][985]LogOutputDevice:Error: Ensure condition failed: false [File:D:\Build\++UE4+Release-4.15+Compile\Sync\Engine\Source\Runtime\CoreUObject\Private\Misc\PackageName.cpp] [Line: 650]
[2017.10.03-13.24.25:405][985]LogOutputDevice:Error: Illegal call to DoesPackageExist: '../../../../../../Users/Richa/Documents/Tryingthis/Givingitatry/MyUNREALProject/MyUNREALProject.uproject' is not a standard unreal filename or a long path name. Reason: Path should be no less than 4 characters long.
[2017.10.03-13.24.25:405][985]LogOutputDevice:Error: Stack: 
[2017.10.03-13.24.25:405][985]LogOutputDevice:Error: UE4Editor-Core.dll!0x000000003CCC95E6
[2017.10.03-13.24.25:405][985]LogOutputDevice:Error: UE4Editor-Core.dll!0x000000003CA79B82
[2017.10.03-13.24.25:405][985]LogOutputDevice:Error: UE4Editor-Core.dll!0x000000003CA8B666
[2017.10.03-13.24.25:405][985]LogOutputDevice:Error: UE4Editor-CoreUObject.dll!0x000000003DADA6E8
[2017.10.03-13.24.25:405][985]LogOutputDevice:Error: UE4Editor-SourceControl.dll!0x0000000040363D22
[2017.10.03-13.24.25:405][985]LogOutputDevice:Error: UE4Editor-SourceControl.dll!0x0000000040363EB9
[2017.10.03-13.24.25:405][985]LogOutputDevice:Error: UE4Editor-SourceControlWindows.dll!0x0000000034F71D2E
[2017.10.03-13.24.25:405][985]LogOutputDevice:Error: UE4Editor-SourceControlWindows.dll!0x0000000034F2B4B5
[2017.10.03-13.24.25:405][985]LogOutputDevice:Error: UE4Editor-SourceControlWindows.dll!0x0000000034F2AA8D
[2017.10.03-13.24.25:405][985]LogOutputDevice:Error: UE4Editor-SourceControlWindows.dll!0x0000000034F3F274
[2017.10.03-13.24.25:405][985]LogOutputDevice:Error: UE4Editor-GitSourceControl.dll!0x000000000872B851
[2017.10.03-13.24.25:405][985]LogOutputDevice:Error: UE4Editor-GitSourceControl.dll!0x000000000873D1ED
[2017.10.03-13.24.25:405][985]LogOutputDevice:Error: UE4Editor-SourceControl.dll!0x0000000040369C5C
[2017.10.03-13.24.25:405][985]LogOutputDevice:Error: UE4Editor-UnrealEd.dll!0x0000000032B97517
[2017.10.03-13.24.25:405][985]LogOutputDevice:Error: UE4Editor-UnrealEd.dll!0x00000000333A2196
[2017.10.03-13.24.25:405][985]LogOutputDevice:Error: UE4Editor.exe!0x0000000071E6DEE3
[2017.10.03-13.24.25:405][985]LogOutputDevice:Error: UE4Editor.exe!0x0000000071E5EB40
[2017.10.03-13.24.25:405][985]LogOutputDevice:Error: UE4Editor.exe!0x0000000071E5EBBA
[2017.10.03-13.24.25:405][985]LogOutputDevice:Error: UE4Editor.exe!0x0000000071E70A29
[2017.10.03-13.24.25:405][985]LogOutputDevice:Error: UE4Editor.exe!0x0000000071E722B6
[2017.10.03-13.24.25:405][985]LogOutputDevice:Error: KERNEL32.DLL!0x000000006EF42774
[2017.10.03-13.24.25:405][985]LogOutputDevice:Error: ntdll.dll!0x000000006F3E0D51
[2017.10.03-13.24.25:405][985]LogOutputDevice:Error: 
[2017.10.03-13.24.25:410][985]LogStats:                SubmitErrorReport -  0.000 s
[2017.10.03-13.24.25:775][985]LogStats:                    SendNewReport -  0.366 s
[2017.10.03-13.24.25:775][985]LogStats:             FDebug::EnsureFailed -  0.609 s
[2017.10.03-13.24.47:441][985]LogSourceControl: FGitCheckInWorker: commit successful
[2017.10.03-13.24.47:643][985]SourceControl: Info [master 9873c41] Added New Level
[2017.10.03-13.24.47:643][985]SourceControl: Info  3 files changed, 0 insertions(+), 0 deletions(-)
[2017.10.03-13.24.47:643][985]SourceControl: Info  create mode 100644 MyUNREALProject/Content/ThirdPersonBP/Maps/Leveel2.umap
[2017.10.03-13.24.47:643][985]SourceControl: Info  delete mode 100644 MyUNREALProject/Content/ThirdPersonBP/ThirdPersonOverview.uasset
[2017.10.03-13.24.47:654][985]SourceControl: Info Commited [master 9873c41] Added New Level.
[2017.10.03-13.26.20:718][472]LogAIModule: Creating AISystem for world ThirdPersonExampleMap
[2017.10.03-13.26.20:777][472]Cmd: MAP LOAD FILE="../../../../../../Users/Richa/Documents/Tryingthis/Givingitatry/MyUNREALProject/Content/ThirdPersonBP/Maps/ThirdPersonExampleMap.umap" TEMPLATE=0 SHOWPROGRESS=1 FEATURELEVEL=3
[2017.10.03-13.26.20:777][472]LightingResults: New page: Lighting Build
[2017.10.03-13.26.20:780][472]LoadErrors: New page: Loading map: ThirdPersonExampleMap.umap
[2017.10.03-13.26.20:781][472]MapCheck: New page: Map Check
[2017.10.03-13.26.20:781][472]LightingResults: New page: Lighting Build
[2017.10.03-13.26.21:027][472]LogEditorServer: Finished looking for orphan Actors (0.000 secs)
[2017.10.03-13.26.21:060][472]Cmd: MAP CHECKDEP NOCLEARLOG
[2017.10.03-13.26.21:178][472]MapCheck: Info Map check complete: 0 Error(s), 0 Warning(s), took 117.449ms to complete.
[2017.10.03-13.26.21:178][472]LogFileHelpers: Loading map 'ThirdPersonExampleMap' took 0.402
[2017.10.03-13.26.28:627][631]LogAIModule: Creating AISystem for world Leveel2
[2017.10.03-13.26.28:673][631]Cmd: MAP LOAD FILE="../../../../../../Users/Richa/Documents/Tryingthis/Givingitatry/MyUNREALProject/Content/ThirdPersonBP/Maps/Leveel2.umap" TEMPLATE=0 SHOWPROGRESS=1 FEATURELEVEL=3
[2017.10.03-13.26.28:673][631]LightingResults: New page: Lighting Build
[2017.10.03-13.26.28:676][631]LoadErrors: New page: Loading map: Leveel2.umap
[2017.10.03-13.26.28:677][631]MapCheck: New page: Map Check
[2017.10.03-13.26.28:677][631]LightingResults: New page: Lighting Build
[2017.10.03-13.26.28:849][631]LogEditorServer: Finished looking for orphan Actors (0.000 secs)
[2017.10.03-13.26.28:879][631]Cmd: MAP CHECKDEP NOCLEARLOG
[2017.10.03-13.26.28:964][631]MapCheck: Info Map check complete: 0 Error(s), 0 Warning(s), took 84.77ms to complete.
[2017.10.03-13.26.28:964][631]LogFileHelpers: Loading map 'Leveel2' took 0.291
[2017.10.03-13.26.34:883][756]Cmd: QUIT_EDITOR
[2017.10.03-13.26.36:006][756]LogWindowsTextInputMethodSystem:Display: IME system now deactivated.
[2017.10.03-13.26.36:006][756]LogWindowsTextInputMethodSystem:Display: IME system now deactivated.
[2017.10.03-13.26.36:053][756]LogExit: Preparing to exit.
[2017.10.03-13.26.36:407][756]LogDirectoryWatcher: A directory notification for 'C:/Users/Richa/Documents/Tryingthis/Givingitatry/MyUNREALProject/Content/' was aborted.
[2017.10.03-13.26.36:538][756]LogExit: Editor shut down
[2017.10.03-13.26.36:541][756]LogExit: Transaction tracking system shut down
[2017.10.03-13.26.36:694][756]LogObj: Freed 0b from 0 cluster array pools.
[2017.10.03-13.26.36:694][756]LogExit: Object subsystem successfully closed.
[2017.10.03-13.26.36:722][756]LogD3D11RHI: Shutdown
[2017.10.03-13.26.36:722][756]LogD3D11RHI: CleanupD3DDevice
[2017.10.03-13.26.37:032][756]LogD3D11RHI: ~FD3D11DynamicRHI
[2017.10.03-13.26.37:069][756]LogModuleManager: Shutting down and abandoning module MovieSceneCapture (500)
[2017.10.03-13.26.37:069][756]LogModuleManager: Shutting down and abandoning module HierarchicalLODOutliner (498)
[2017.10.03-13.26.37:069][756]LogModuleManager: Shutting down and abandoning module CrashTracker (496)
[2017.10.03-13.26.37:069][756]LogModuleManager: Shutting down and abandoning module AddContentDialog (494)
[2017.10.03-13.26.37:069][756]LogDirectoryWatcher: A directory notification for 'C:/Program Files/Epic Games/UE_4.15/FeaturePacks/' was aborted.
[2017.10.03-13.26.37:082][756]LogModuleManager: Shutting down and abandoning module WidgetCarousel (493)
[2017.10.03-13.26.37:082][756]LogModuleManager: Shutting down and abandoning module EditorWidgets (490)
[2017.10.03-13.26.37:082][756]LogModuleManager: Shutting down and abandoning module CollectionManager (488)
[2017.10.03-13.26.37:082][756]LogDirectoryWatcher: A directory notification for 'C:/Users/Richa/Documents/Tryingthis/Givingitatry/MyUNREALProject/Content/Collections/' was aborted.
[2017.10.03-13.26.37:082][756]LogDirectoryWatcher: A directory notification for 'C:/Users/Richa/Documents/Tryingthis/Givingitatry/MyUNREALProject/Content/Developers/Richa/Collections/' was aborted.
[2017.10.03-13.26.37:082][756]LogDirectoryWatcher: A directory notification for 'C:/Users/Richa/Documents/Tryingthis/Givingitatry/MyUNREALProject/Saved/Collections/' was aborted.
[2017.10.03-13.26.37:082][756]LogModuleManager: Shutting down and abandoning module SceneOutliner (486)
[2017.10.03-13.26.37:082][756]LogModuleManager: Shutting down and abandoning module StatsViewer (484)
[2017.10.03-13.26.37:082][756]LogModuleManager: Shutting down and abandoning module FoliageEdit (482)
[2017.10.03-13.26.37:082][756]LogModuleManager: Shutting down and abandoning module LandscapeEditor (480)
[2017.10.03-13.26.37:082][756]LogModuleManager: Shutting down and abandoning module SceneDepthPickerMode (478)
[2017.10.03-13.26.37:082][756]LogModuleManager: Shutting down and abandoning module ActorPickerMode (476)
[2017.10.03-13.26.37:082][756]LogModuleManager: Shutting down and abandoning module GeometryMode (474)
[2017.10.03-13.26.37:082][756]LogModuleManager: Shutting down and abandoning module TextureAlignMode (472)
[2017.10.03-13.26.37:082][756]LogModuleManager: Shutting down and abandoning module BspMode (470)
[2017.10.03-13.26.37:082][756]LogModuleManager: Shutting down and abandoning module HardwareSurvey (468)
[2017.10.03-13.26.37:083][756]LogModuleManager: Shutting down and abandoning module SequenceRecorderSections (466)
[2017.10.03-13.26.37:083][756]LogModuleManager: Shutting down and abandoning module AutomationWorker (464)
[2017.10.03-13.26.37:083][756]LogModuleManager: Shutting down and abandoning module MatineeToLevelSequence (462)
[2017.10.03-13.26.37:083][756]LogModuleManager: Shutting down and abandoning module LevelSequenceEditor (460)
[2017.10.03-13.26.37:083][756]LogModuleManager: Shutting down and abandoning module PlacementMode (459)
[2017.10.03-13.26.37:083][756]LogModuleManager: Shutting down and abandoning module WmfMediaFactory (456)
[2017.10.03-13.26.37:083][756]LogModuleManager: Shutting down and abandoning module WmfMediaEditor (454)
[2017.10.03-13.26.37:083][756]LogModuleManager: Shutting down and abandoning module MfMediaFactory (452)
[2017.10.03-13.26.37:083][756]LogModuleManager: Shutting down and abandoning module MfMediaEditor (450)
[2017.10.03-13.26.37:083][756]LogModuleManager: Shutting down and abandoning module AvfMediaFactory (448)
[2017.10.03-13.26.37:083][756]LogModuleManager: Shutting down and abandoning module AvfMediaEditor (446)
[2017.10.03-13.26.37:083][756]LogModuleManager: Shutting down and abandoning module AndroidMediaFactory (444)
[2017.10.03-13.26.37:083][756]LogModuleManager: Shutting down and abandoning module Media (443)
[2017.10.03-13.26.37:083][756]LogModuleManager: Shutting down and abandoning module AndroidMediaEditor (440)
[2017.10.03-13.26.37:083][756]LogModuleManager: Shutting down and abandoning module CharacterAI (438)
[2017.10.03-13.26.37:083][756]LogModuleManager: Shutting down and abandoning module AudioCapture (436)
[2017.10.03-13.26.37:083][756]LogModuleManager: Shutting down and abandoning module SequenceRecorder (435)
[2017.10.03-13.26.37:083][756]LogModuleManager: Shutting down and abandoning module SmartSnapping (432)
[2017.10.03-13.26.37:083][756]LogModuleManager: Shutting down and abandoning module SessionServices (430)
[2017.10.03-13.26.37:083][756]LogModuleManager: Shutting down and abandoning module ViewportSnapping (428)
[2017.10.03-13.26.37:083][756]LogModuleManager: Shutting down and abandoning module ViewportInteraction (426)
[2017.10.03-13.26.37:083][756]LogModuleManager: Shutting down and abandoning module LogVisualizer (424)
[2017.10.03-13.26.37:083][756]LogModuleManager: Shutting down and abandoning module IntroTutorials (422)
[2017.10.03-13.26.37:084][756]LogModuleManager: Shutting down and abandoning module GameProjectGeneration (421)
[2017.10.03-13.26.37:084][756]LogModuleManager: Shutting down and abandoning module EditorLiveStreaming (418)
[2017.10.03-13.26.37:084][756]LogModuleManager: Shutting down and abandoning module IOSPlatformEditor (416)
[2017.10.03-13.26.37:084][756]LogModuleManager: Shutting down and abandoning module HTML5PlatformEditor (414)
[2017.10.03-13.26.37:084][756]LogModuleManager: Shutting down and abandoning module AndroidPlatformEditor (412)
[2017.10.03-13.26.37:084][756]LogModuleManager: Shutting down and abandoning module AndroidDeviceDetection (411)
[2017.10.03-13.26.37:500][756]LogModuleManager: Shutting down and abandoning module IOSRuntimeSettings (408)
[2017.10.03-13.26.37:500][756]LogModuleManager: Shutting down and abandoning module AndroidRuntimeSettings (406)
[2017.10.03-13.26.37:500][756]LogModuleManager: Shutting down and abandoning module InputBindingEditor (404)
[2017.10.03-13.26.37:500][756]LogModuleManager: Shutting down and abandoning module NiagaraEditor (402)
[2017.10.03-13.26.37:500][756]LogModuleManager: Shutting down and abandoning module MergeActors (400)
[2017.10.03-13.26.37:500][756]LogModuleManager: Shutting down and abandoning module SizeMap (398)
[2017.10.03-13.26.37:500][756]LogModuleManager: Shutting down and abandoning module TreeMap (396)
[2017.10.03-13.26.37:500][756]LogModuleManager: Shutting down and abandoning module ReferenceViewer (394)
[2017.10.03-13.26.37:500][756]LogModuleManager: Shutting down and abandoning module LocalizationDashboard (392)
[2017.10.03-13.26.37:500][756]LogModuleManager: Shutting down and abandoning module LocalizationService (391)
[2017.10.03-13.26.37:500][756]LogModuleManager: Shutting down and abandoning module HardwareTargeting (388)
[2017.10.03-13.26.37:500][756]LogModuleManager: Shutting down and abandoning module DeviceProfileEditor (386)
[2017.10.03-13.26.37:500][756]LogModuleManager: Shutting down and abandoning module UndoHistory (384)
[2017.10.03-13.26.37:500][756]LogModuleManager: Shutting down and abandoning module UserFeedback (382)
[2017.10.03-13.26.37:500][756]LogModuleManager: Shutting down and abandoning module XmlParser (380)
[2017.10.03-13.26.37:500][756]LogModuleManager: Shutting down and abandoning module Blutility (378)
[2017.10.03-13.26.37:500][756]LogModuleManager: Shutting down and abandoning module ProjectSettingsViewer (376)
[2017.10.03-13.26.37:501][756]LogModuleManager: Shutting down and abandoning module ProjectTargetPlatformEditor (375)
[2017.10.03-13.26.37:503][756]LogModuleManager: Shutting down and abandoning module EditorSettingsViewer (372)
[2017.10.03-13.26.37:504][756]LogModuleManager: Shutting down and abandoning module SettingsEditor (370)
[2017.10.03-13.26.37:504][756]LogModuleManager: Shutting down and abandoning module ProjectLauncher (368)
[2017.10.03-13.26.37:504][756]LogModuleManager: Shutting down and abandoning module SessionFrontend (366)
[2017.10.03-13.26.37:504][756]LogModuleManager: Shutting down and abandoning module ProfilerClient (364)
[2017.10.03-13.26.37:504][756]LogModuleManager: Shutting down and abandoning module DeviceManager (362)
[2017.10.03-13.26.37:504][756]LogModuleManager: Shutting down and abandoning module TargetDeviceServices (361)
[2017.10.03-13.26.37:549][756]LogModuleManager: Shutting down and abandoning module AutomationController (358)
[2017.10.03-13.26.37:549][756]LogModuleManager: Shutting down and abandoning module AutomationWindow (356)
[2017.10.03-13.26.37:549][756]LogModuleManager: Shutting down and abandoning module Layers (354)
[2017.10.03-13.26.37:549][756]LogModuleManager: Shutting down and abandoning module ComponentVisualizers (352)
[2017.10.03-13.26.37:549][756]LogModuleManager: Shutting down and abandoning module DetailCustomizations (350)
[2017.10.03-13.26.37:549][756]LogModuleManager: Shutting down and abandoning module PackagesDialog (348)
[2017.10.03-13.26.37:550][756]LogModuleManager: Shutting down and abandoning module Persona (346)
[2017.10.03-13.26.37:550][756]LogModuleManager: Shutting down and abandoning module AnimGraph (345)
[2017.10.03-13.26.37:550][756]LogModuleManager: Shutting down and abandoning module Kismet (342)
[2017.10.03-13.26.37:550][756]LogModuleManager: Shutting down and abandoning module GraphEditor (340)
[2017.10.03-13.26.37:550][756]LogModuleManager: Shutting down and abandoning module ClassViewer (338)
[2017.10.03-13.26.37:550][756]LogModuleManager: Shutting down and abandoning module Toolbox (336)
[2017.10.03-13.26.37:550][756]LogModuleManager: Shutting down and abandoning module ModuleUI (334)
[2017.10.03-13.26.37:550][756]LogModuleManager: Shutting down and abandoning module MovieSceneTools (332)
[2017.10.03-13.26.37:551][756]LogModuleManager: Shutting down and abandoning module OutputLog (330)
[2017.10.03-13.26.37:551][756]LogModuleManager: Shutting down and abandoning module GammaUI (328)
[2017.10.03-13.26.37:551][756]LogModuleManager: Shutting down and abandoning module Documentation (326)
[2017.10.03-13.26.37:551][756]LogModuleManager: Shutting down and abandoning module Niagara (324)
[2017.10.03-13.26.37:551][756]LogModuleManager: Shutting down and abandoning module StreamingPauseRendering (322)
[2017.10.03-13.26.37:551][756]LogModuleManager: Shutting down and abandoning module AnalyticsET (320)
[2017.10.03-13.26.37:551][756]LogModuleManager: Shutting down and abandoning module PortalServices (318)
[2017.10.03-13.26.37:551][756]LogModuleManager: Shutting down and abandoning module PortalRpc (316)
[2017.10.03-13.26.37:551][756]LogModuleManager: Shutting down and abandoning module MessagingRpc (314)
[2017.10.03-13.26.37:551][756]LogModuleManager: Shutting down and abandoning module AIModule (312)
[2017.10.03-13.26.37:551][756]LogModuleManager: Shutting down and abandoning module GameplayDebugger (311)
[2017.10.03-13.26.37:551][756]LogModuleManager: Shutting down and abandoning module AITestSuite (309)
[2017.10.03-13.26.37:551][756]LogModuleManager: Shutting down and abandoning module ProfilerService (306)
[2017.10.03-13.26.37:663][756]LogModuleManager: Shutting down and abandoning module TaskGraph (304)
[2017.10.03-13.26.37:663][756]LogModuleManager: Shutting down and abandoning module SteamVRController (302)
[2017.10.03-13.26.37:663][756]LogModuleManager: Shutting down and abandoning module SteamVR (300)
[2017.10.03-13.26.37:663][756]LogModuleManager: Shutting down and abandoning module ProceduralMeshComponentEditor (298)
[2017.10.03-13.26.37:663][756]LogModuleManager: Shutting down and abandoning module ProceduralMeshComponent (296)
[2017.10.03-13.26.37:663][756]LogModuleManager: Shutting down and abandoning module OculusLibrary (294)
[2017.10.03-13.26.37:663][756]LogModuleManager: Shutting down and abandoning module OculusInput (292)
[2017.10.03-13.26.37:663][756]LogModuleManager: Shutting down and abandoning module MobilePatchingUtils (290)
[2017.10.03-13.26.37:663][756]LogModuleManager: Shutting down and abandoning module CustomMeshComponent (288)
[2017.10.03-13.26.37:663][756]LogModuleManager: Shutting down and abandoning module CableComponent (286)
[2017.10.03-13.26.37:663][756]LogModuleManager: Shutting down and abandoning module ArchVisCharacter (284)
[2017.10.03-13.26.37:663][756]LogModuleManager: Shutting down and abandoning module MediaPlayerEditor (280)
[2017.10.03-13.26.37:663][756]LogModuleManager: Shutting down and abandoning module HTML5Networking (278)
[2017.10.03-13.26.37:663][756]LogModuleManager: Shutting down and abandoning module AlembicImporter (276)
[2017.10.03-13.26.37:663][756]LogModuleManager: Shutting down and abandoning module AlembicLibrary (275)
[2017.10.03-13.26.37:663][756]LogModuleManager: Shutting down and abandoning module GeometryCache (274)
[2017.10.03-13.26.37:663][756]LogModuleManager: Shutting down and abandoning module GeometryCacheEd (273)
[2017.10.03-13.26.37:663][756]LogModuleManager: Shutting down and abandoning module SuperSearchEditor (268)
[2017.10.03-13.26.37:663][756]LogModuleManager: Shutting down and abandoning module SuperSearch (267)
[2017.10.03-13.26.37:663][756]LogModuleManager: Shutting down and abandoning module SpeedTreeImporter (264)
[2017.10.03-13.26.37:663][756]LogModuleManager: Shutting down and abandoning module PluginBrowser (262)
[2017.10.03-13.26.37:663][756]LogModuleManager: Shutting down and abandoning module MobileLauncherProfileWizard (260)
[2017.10.03-13.26.37:663][756]LogModuleManager: Shutting down and abandoning module EpicSurvey (258)
[2017.10.03-13.26.37:663][756]LogModuleManager: Shutting down and abandoning module VisualStudioSourceCodeAccess (256)
[2017.10.03-13.26.37:664][756]LogModuleManager: Shutting down and abandoning module DesktopPlatform (255)
[2017.10.03-13.26.37:664][756]LogModuleManager: Shutting down and abandoning module UObjectPlugin (252)
[2017.10.03-13.26.37:664][756]LogModuleManager: Shutting down and abandoning module SubversionSourceControl (250)
[2017.10.03-13.26.37:664][756]LogModuleManager: Shutting down and abandoning module PerforceSourceControl (248)
[2017.10.03-13.26.37:664][756]LogModuleManager: Shutting down and abandoning module GitSourceControl (246)
[2017.10.03-13.26.37:664][756]LogModuleManager: Shutting down and abandoning module SourceControl (245)
[2017.10.03-13.26.37:664][756]LogModuleManager: Shutting down and abandoning module LightPropagationVolumeEditor (242)
[2017.10.03-13.26.37:664][756]LogModuleManager: Shutting down and abandoning module PaperTiledImporter (240)
[2017.10.03-13.26.37:664][756]LogModuleManager: Shutting down and abandoning module PaperSpriteSheetImporter (238)
[2017.10.03-13.26.37:664][756]LogModuleManager: Shutting down and abandoning module Paper2DEditor (236)
[2017.10.03-13.26.37:664][756]LogModuleManager: Shutting down and abandoning module MeshPaint (235)
[2017.10.03-13.26.37:664][756]LogModuleManager: Shutting down and abandoning module LevelEditor (233)
[2017.10.03-13.26.37:666][756]LogModuleManager: Shutting down and abandoning module PixelInspectorModule (232)
[2017.10.03-13.26.37:666][756]LogModuleManager: Shutting down and abandoning module MainFrame (230)
[2017.10.03-13.26.37:666][756]LogModuleManager: Shutting down and abandoning module HotReload (229)
[2017.10.03-13.26.37:667][756]LogModuleManager: Shutting down and abandoning module ContentBrowser (225)
[2017.10.03-13.26.37:672][756]LogModuleManager: Shutting down and abandoning module PhysXVehiclesEditor (222)
[2017.10.03-13.26.37:672][756]LogModuleManager: Shutting down and abandoning module PhysXVehicles (220)
[2017.10.03-13.26.37:672][756]LogModuleManager: Shutting down and abandoning module LocationServicesBPLibrary (218)
[2017.10.03-13.26.37:672][756]LogModuleManager: Shutting down and abandoning module UdpMessaging (216)
[2017.10.03-13.26.37:773][756]LogModuleManager: Shutting down and abandoning module TcpMessaging (214)
[2017.10.03-13.26.38:603][756]LogModuleManager: Shutting down and abandoning module GameplayTagsEditor (212)
[2017.10.03-13.26.38:604][756]LogModuleManager: Shutting down and abandoning module FacialAnimationEditor (210)
[2017.10.03-13.26.38:604][756]LogModuleManager: Shutting down and abandoning module FacialAnimation (208)
[2017.10.03-13.26.38:604][756]LogModuleManager: Shutting down and abandoning module LightPropagationVolumeRuntime (206)
[2017.10.03-13.26.38:604][756]LogModuleManager: Shutting down and abandoning module Paper2D (204)
[2017.10.03-13.26.38:604][756]LogModuleManager: Shutting down and abandoning module WindowsMoviePlayer (202)
[2017.10.03-13.26.38:604][756]LogModuleManager: Shutting down and abandoning module WmfMedia (200)
[2017.10.03-13.26.38:637][756]LogModuleManager: Shutting down and abandoning module MfMedia (198)
[2017.10.03-13.26.38:638][756]LogModuleManager: Shutting down and abandoning module MediaAssets (196)
[2017.10.03-13.26.38:638][756]LogModuleManager: Shutting down and abandoning module GameLiveStreaming (194)
[2017.10.03-13.26.38:640][756]LogModuleManager: Shutting down and abandoning module VREditor (192)
[2017.10.03-13.26.38:640][756]LogModuleManager: Shutting down and abandoning module GameplayTasksEditor (190)
[2017.10.03-13.26.38:640][756]LogModuleManager: Shutting down and abandoning module BehaviorTreeEditor (188)
[2017.10.03-13.26.38:640][756]LogModuleManager: Shutting down and abandoning module FunctionalTesting (186)
[2017.10.03-13.26.38:640][756]LogModuleManager: Shutting down and abandoning module CollisionAnalyzer (184)
[2017.10.03-13.26.38:641][756]LogModuleManager: Shutting down and abandoning module UMG (182)
[2017.10.03-13.26.38:641][756]LogModuleManager: Shutting down and abandoning module UMGEditor (181)
[2017.10.03-13.26.38:641][756]LogModuleManager: Shutting down and abandoning module Sequencer (180)
[2017.10.03-13.26.38:641][756]LogModuleManager: Shutting down and abandoning module AssetTools (178)
[2017.10.03-13.26.38:641][756]LogModuleManager: Shutting down and abandoning module MessageLog (177)
[2017.10.03-13.26.38:641][756]LogModuleManager: Shutting down and abandoning module WorkspaceMenuStructure (176)
[2017.10.03-13.26.38:641][756]LogModuleManager: Shutting down and abandoning module SlateReflector (170)
[2017.10.03-13.26.38:641][756]LogModuleManager: Shutting down and abandoning module Slate (168)
[2017.10.03-13.26.38:641][756]LogModuleManager: Shutting down and abandoning module EditorStyle (166)
[2017.10.03-13.26.38:648][756]LogModuleManager: Shutting down and abandoning module SourceCodeAccess (164)
[2017.10.03-13.26.38:648][756]LogModuleManager: Shutting down and abandoning module HeadMountedDisplay (162)
[2017.10.03-13.26.38:648][756]LogModuleManager: Shutting down and abandoning module XAudio2 (160)
[2017.10.03-13.26.38:648][756]LogModuleManager: Shutting down and abandoning module Networking (158)
[2017.10.03-13.26.38:648][756]LogModuleManager: Shutting down and abandoning module Core (154)
[2017.10.03-13.26.38:648][756]LogModuleManager: Shutting down and abandoning module AssetRegistry (152)
[2017.10.03-13.26.38:877][756]LogDirectoryWatcher: A directory notification for '../../../Engine/Content/' was aborted.
[2017.10.03-13.26.38:877][756]LogDirectoryWatcher: A directory notification for '../../../../../../Users/Richa/Documents/Tryingthis/Givingitatry/MyUNREALProject/Content/' was aborted.
[2017.10.03-13.26.38:877][756]LogDirectoryWatcher: A directory notification for '../../../Engine/Plugins/2D/Paper2D/Content/' was aborted.
[2017.10.03-13.26.38:879][756]LogModuleManager: Shutting down and abandoning module DirectoryWatcher (151)
[2017.10.03-13.26.38:887][756]LogModuleManager: Shutting down and abandoning module KismetCompiler (148)
[2017.10.03-13.26.38:888][756]LogModuleManager: Shutting down and abandoning module PhysXFormats (146)
[2017.10.03-13.26.38:888][756]LogModuleManager: Shutting down and abandoning module MeshUtilities (144)
[2017.10.03-13.26.38:888][756]LogModuleManager: Shutting down and abandoning module SimplygonSwarm (143)
[2017.10.03-13.26.38:888][756]LogModuleManager: Shutting down and abandoning module SimplygonMeshReduction (141)
[2017.10.03-13.26.38:888][756]LogModuleManager: Shutting down and abandoning module QuadricMeshReduction (139)
[2017.10.03-13.26.38:888][756]LogModuleManager: Shutting down and abandoning module PropertyEditor (137)
[2017.10.03-13.26.38:888][756]LogModuleManager: Shutting down and abandoning module DerivedDataCache (134)
[2017.10.03-13.26.38:902][756]LogDerivedDataCache: Shutdown
[2017.10.03-13.26.38:902][756]LogModuleManager: Shutting down and abandoning module TargetPlatform (132)
[2017.10.03-13.26.38:902][756]LogModuleManager: Shutting down and abandoning module VulkanShaderFormat (131)
[2017.10.03-13.26.38:902][756]LogModuleManager: Shutting down and abandoning module ShaderFormatOpenGL (129)
[2017.10.03-13.26.38:902][756]LogModuleManager: Shutting down and abandoning module ShaderFormatD3D (127)
[2017.10.03-13.26.38:902][756]LogModuleManager: Shutting down and abandoning module MetalShaderFormat (125)
[2017.10.03-13.26.38:902][756]LogModuleManager: Shutting down and abandoning module TextureFormatUncompressed (123)
[2017.10.03-13.26.38:902][756]LogModuleManager: Shutting down and abandoning module TextureFormatPVR (121)
[2017.10.03-13.26.38:902][756]LogModuleManager: Shutting down and abandoning module TextureFormatDXT (119)
[2017.10.03-13.26.38:902][756]LogModuleManager: Shutting down and abandoning module TextureFormatIntelISPCTexComp (117)
[2017.10.03-13.26.38:903][756]LogModuleManager: Shutting down and abandoning module TextureFormatASTC (115)
[2017.10.03-13.26.38:903][756]LogModuleManager: Shutting down and abandoning module ImageWrapper (114)
[2017.10.03-13.26.38:903][756]LogModuleManager: Shutting down and abandoning module TextureFormatAndroid (111)
[2017.10.03-13.26.38:903][756]LogModuleManager: Shutting down and abandoning module AudioFormatOpus (109)
[2017.10.03-13.26.38:903][756]LogModuleManager: Shutting down and abandoning module AudioFormatOgg (107)
[2017.10.03-13.26.38:903][756]LogModuleManager: Shutting down and abandoning module AudioFormatADPCM (105)
[2017.10.03-13.26.38:903][756]LogModuleManager: Shutting down and abandoning module LinuxTargetPlatform (103)
[2017.10.03-13.26.38:903][756]LogModuleManager: Shutting down and abandoning module LinuxServerTargetPlatform (101)
[2017.10.03-13.26.38:903][756]LogModuleManager: Shutting down and abandoning module LinuxNoEditorTargetPlatform (99)
[2017.10.03-13.26.38:903][756]LogModuleManager: Shutting down and abandoning module LinuxClientTargetPlatform (97)
[2017.10.03-13.26.38:903][756]LogModuleManager: Shutting down and abandoning module TVOSTargetPlatform (95)
[2017.10.03-13.26.38:903][756]LogModuleManager: Shutting down and abandoning module Messaging (93)
[2017.10.03-13.26.38:903][756]LogModuleManager: Shutting down and abandoning module IOSTargetPlatform (91)
[2017.10.03-13.26.38:904][756]LogModuleManager: Shutting down and abandoning module HTML5TargetPlatform (89)
[2017.10.03-13.26.38:904][756]LogModuleManager: Shutting down and abandoning module Android_PVRTCTargetPlatform (87)
[2017.10.03-13.26.38:904][756]LogModuleManager: Shutting down and abandoning module Android_MultiTargetPlatform (85)
[2017.10.03-13.26.38:904][756]LogModuleManager: Shutting down and abandoning module Android_ETC2TargetPlatform (83)
[2017.10.03-13.26.38:904][756]LogModuleManager: Shutting down and abandoning module Android_ETC1TargetPlatform (81)
[2017.10.03-13.26.38:904][756]LogModuleManager: Shutting down and abandoning module Android_DXTTargetPlatform (79)
[2017.10.03-13.26.38:904][756]LogModuleManager: Shutting down and abandoning module Android_ATCTargetPlatform (77)
[2017.10.03-13.26.38:904][756]LogModuleManager: Shutting down and abandoning module Android_ASTCTargetPlatform (75)
[2017.10.03-13.26.38:904][756]LogModuleManager: Shutting down and abandoning module AndroidTargetPlatform (73)
[2017.10.03-13.26.38:904][756]LogModuleManager: Shutting down and abandoning module WindowsTargetPlatform (71)
[2017.10.03-13.26.38:904][756]LogModuleManager: Shutting down and abandoning module WindowsServerTargetPlatform (69)
[2017.10.03-13.26.38:904][756]LogModuleManager: Shutting down and abandoning module WindowsNoEditorTargetPlatform (67)
[2017.10.03-13.26.38:904][756]LogModuleManager: Shutting down and abandoning module WindowsClientTargetPlatform (65)
[2017.10.03-13.26.38:904][756]LogModuleManager: Shutting down and abandoning module MacTargetPlatform (63)
[2017.10.03-13.26.38:904][756]LogModuleManager: Shutting down and abandoning module MacServerTargetPlatform (61)
[2017.10.03-13.26.38:904][756]LogModuleManager: Shutting down and abandoning module MacNoEditorTargetPlatform (59)
[2017.10.03-13.26.38:904][756]LogModuleManager: Shutting down and abandoning module MacClientTargetPlatform (57)
[2017.10.03-13.26.38:904][756]LogModuleManager: Shutting down and abandoning module AllDesktopTargetPlatform (55)
[2017.10.03-13.26.38:904][756]LogModuleManager: Shutting down and abandoning module InputCore (52)
[2017.10.03-13.26.38:904][756]LogModuleManager: Shutting down and abandoning module Settings (50)
[2017.10.03-13.26.38:904][756]LogModuleManager: Shutting down and abandoning module OculusRift (48)
[2017.10.03-13.26.38:904][756]LogModuleManager: Shutting down and abandoning module GearVR (46)
[2017.10.03-13.26.38:904][756]LogModuleManager: Shutting down and abandoning module ExampleDeviceProfileSelector (44)
[2017.10.03-13.26.38:904][756]LogModuleManager: Shutting down and abandoning module OnlineBlueprintSupport (42)
[2017.10.03-13.26.38:904][756]LogModuleManager: Shutting down and abandoning module OnlineSubsystem (38)
[2017.10.03-13.26.38:904][756]LogOnline:Display: Unloading online subsystem: NULL
[2017.10.03-13.26.38:904][756]LogModuleManager: Shutting down and abandoning module XMPP (37)
[2017.10.03-13.26.38:905][756]LogModuleManager: Shutting down and abandoning module HTTP (35)
[2017.10.03-13.26.38:905][756]LogHttp:Display: Http module shutting down, but needs to wait on 1 outstanding Http requests:
[2017.10.03-13.26.38:905][756]LogHttp:Display: 	verb=[POST] url=[https://datarouter.ol.epicgames.com/datarouter/api/v1/public/data?SessionID=%7B9FABEFDA-466E-E9F8-B7E0-5694D9507241%7D&AppID=UEEditor.Rocket.Release&AppVersion=4.15.3-3450819%2B%2B%2BUE4%2BRelease-4.15&UserID=5b603b244070857be6e21db07fac4498%7C4e52399356044f1baac68bdb5a4ee55b%7C7ab93c02-ae7a-45b6-a8d9-e2cb6f613e2a&AppEnvironment=datacollector-binary&UploadType=eteventstream] status=Processing
[2017.10.03-13.26.38:934][756]LogModuleManager: Shutting down and abandoning module SSL (34)
[2017.10.03-13.26.38:936][756]LogModuleManager: Shutting down and abandoning module AudioEditor (30)
[2017.10.03-13.26.38:936][756]LogModuleManager: Shutting down and abandoning module TextureCompressor (28)
[2017.10.03-13.26.38:936][756]LogModuleManager: Shutting down and abandoning module ShaderCore (26)
[2017.10.03-13.26.38:936][756]LogModuleManager: Shutting down and abandoning module Landscape (24)
[2017.10.03-13.26.38:936][756]LogModuleManager: Shutting down and abandoning module SlateRHIRenderer (22)
[2017.10.03-13.26.38:939][756]LogModuleManager: Shutting down and abandoning module OpenGLDrv (20)
[2017.10.03-13.26.38:939][756]LogModuleManager: Shutting down and abandoning module D3D11RHI (18)
[2017.10.03-13.26.38:939][756]LogModuleManager: Shutting down and abandoning module AnimGraphRuntime (16)
[2017.10.03-13.26.38:939][756]LogModuleManager: Shutting down and abandoning module Renderer (14)
[2017.10.03-13.26.38:939][756]LogModuleManager: Shutting down and abandoning module Engine (12)
[2017.10.03-13.26.38:939][756]LogModuleManager: Shutting down and abandoning module CoreUObject (10)
[2017.10.03-13.26.38:939][756]LogModuleManager: Shutting down and abandoning module NetworkFile (8)
[2017.10.03-13.26.38:939][756]LogModuleManager: Shutting down and abandoning module StreamingFile (6)
[2017.10.03-13.26.38:939][756]LogModuleManager: Shutting down and abandoning module SandboxFile (4)
[2017.10.03-13.26.38:939][756]LogModuleManager: Shutting down and abandoning module PakFile (2)
[2017.10.03-13.26.38:941][756]LogExit: Exiting.
[2017.10.03-13.26.38:960][756]Log file closed, 10/03/17 08:26:38
