Log file open, 10/03/17 08:29:59
LogInit:Display: Running engine for game: MyUNREALProject
LogPlatformFile: Not using cached read wrapper
LogInit:Display: RandInit(1542018525) SRandInit(1542018525).
LogTaskGraph: Started task graph with 5 named threads and 6 total threads with 1 sets of task threads.
LogStats: Stats thread started at 0.092123
LogInit: Using libcurl 7.47.1
LogInit:  - built for x86_64-pc-win32
LogInit:  - supports SSL with OpenSSL/1.0.2g
LogInit:  - supports HTTP deflate (compression) using libz 1.2.8
LogInit:  - other features:
LogInit:      CURL_VERSION_SSL
LogInit:      CURL_VERSION_LIBZ
LogInit:      CURL_VERSION_IPV6
LogInit:      CURL_VERSION_ASYNCHDNS
LogInit:      CURL_VERSION_LARGEFILE
LogInit:      CURL_VERSION_IDN
LogInit:  CurlRequestOptions (configurable via config and command line):
LogInit:  - bVerifyPeer = false  - Libcurl will NOT verify peer certificate
LogInit:  - bUseHttpProxy = false  - Libcurl will NOT use HTTP proxy
LogInit:  - bDontReuseConnections = false  - Libcurl will reuse connections
LogInit:  - CertBundlePath = nullptr  - Libcurl will use whatever was configured at build time.
LogInit: Build: ++UE4+Release-4.15-CL-3450819
LogInit: Engine Version: 4.15.3-3450819+++UE4+Release-4.15
LogInit: Compatible Engine Version: 4.15.0-3299760+++UE4+Release-4.15
LogInit: Net CL: 3299760
LogDevObjectVersion: Number of dev versions registered: 14
LogDevObjectVersion:   Dev-Blueprints (B0D832E4-1F89-4F0D-ACCF-7EB736FD4AA2): 8
LogDevObjectVersion:   Dev-Build (E1C64328-A22C-4D53-A36C-8E866417BD8C): 0
LogDevObjectVersion:   Dev-Core (375EC13C-06E4-48FB-B500-84F0262A717E): 2
LogDevObjectVersion:   Dev-Editor (E4B068ED-F494-42E9-A231-DA0B2E46BB41): 14
LogDevObjectVersion:   Dev-Framework (CFFC743F-43B0-4480-9391-14DF171D2073): 22
LogDevObjectVersion:   Dev-Mobile (B02B49B5-BB20-44E9-A304-32B752E40360): 0
LogDevObjectVersion:   Dev-Networking (A4E4105C-59A1-49B5-A7C5-40C4547EDFEE): 0
LogDevObjectVersion:   Dev-Online (39C831C9-5AE6-47DC-9A44-9C173E1C8E7C): 0
LogDevObjectVersion:   Dev-Physics (78F01B33-EBEA-4F98-B9B4-84EACCB95AA2): 0
LogDevObjectVersion:   Dev-Platform (6631380F-2D4D-43E0-8009-CF276956A95A): 0
LogDevObjectVersion:   Dev-Rendering (12F88B9F-8875-4AFC-A67C-D90C383ABD29): 12
LogDevObjectVersion:   Dev-Sequencer (7B5AE74C-D270-4C10-A958-57980B212A5A): 3
LogDevObjectVersion:   Dev-VR (D7296918-1DD6-4BDD-9DE2-64A83CC13884): 0
LogDevObjectVersion:   Dev-LoadTimes (C2A15278-BFE7-4AFE-6C17-90FF531DF755): 1
LogInit: Compiled (64-bit): May 21 2017 11:02:34
LogInit: Compiled with Visual C++: 19.00.23026.00
LogInit: Build Configuration: Development
LogInit: Branch Name: ++UE4+Release-4.15
LogInit: Command line: -EpicPortal 
LogInit: Base directory: C:/Program Files/Epic Games/UE_4.15/Engine/Binaries/Win64/
LogInit: Installed Engine Build: 1
LogInit: Presizing for max 8388607 objects, including 0 objects not considered by GC, pre-allocating 0 bytes for permanent pool.
LogInit: Object subsystem initialized
[2017.10.03-13.30.01:561][  0]LogInit: Selected Device Profile: [Windows]
[2017.10.03-13.30.01:561][  0]LogInit: Applying CVar settings loaded from the selected device profile: [Windows]
[2017.10.03-13.30.01:581][  0]LogInit: Computer: DESKTOP-SSSFMAE
[2017.10.03-13.30.01:581][  0]LogInit: User: Richa
[2017.10.03-13.30.01:581][  0]LogInit: CPU Page size=65536, Cores=2
[2017.10.03-13.30.01:581][  0]LogInit: High frequency timer resolution =2.343753 MHz
[2017.10.03-13.30.01:582][  0]LogMemory: Memory total: Physical=7.9GB (8GB approx)
[2017.10.03-13.30.01:582][  0]LogMemory: Platform Memory Stats for Windows
[2017.10.03-13.30.01:582][  0]LogMemory: Process Physical Memory: 262.51 MB used, 262.51 MB peak
[2017.10.03-13.30.01:582][  0]LogMemory: Process Virtual Memory: 261.92 MB used, 261.92 MB peak
[2017.10.03-13.30.01:582][  0]LogMemory: Physical Memory: 3816.43 MB used,  4280.23 MB free, 8096.66 MB total
[2017.10.03-13.30.01:582][  0]LogMemory: Virtual Memory: 642.95 MB used,  4280.23 MB free, 134217728.00 MB total
[2017.10.03-13.30.01:727][  0]LogTextLocalizationManager: No specific translations for ('en-US') exist, so ('en') translations will be used.
[2017.10.03-13.30.02:919][  0]LogD3D11RHI: D3D11 adapters:
[2017.10.03-13.30.02:932][  0]LogD3D11RHI:    0. 'Intel(R) HD Graphics 620' (Feature Level 11_0)
[2017.10.03-13.30.02:932][  0]LogD3D11RHI:       128/0/4048 MB DedicatedVideo/DedicatedSystem/SharedSystem, Outputs:1, VendorId:0x8086
[2017.10.03-13.30.02:935][  0]LogD3D11RHI:    1. 'Microsoft Basic Render Driver' (Feature Level 11_0)
[2017.10.03-13.30.02:935][  0]LogD3D11RHI:       0/0/4048 MB DedicatedVideo/DedicatedSystem/SharedSystem, Outputs:0, VendorId:0x1414
[2017.10.03-13.30.02:935][  0]LogD3D11RHI: Chosen D3D11 Adapter: 0
[2017.10.03-13.30.02:948][  0]LogD3D11RHI: Creating new Direct3DDevice
[2017.10.03-13.30.02:948][  0]LogD3D11RHI:     GPU DeviceId: 0x5916 (for the marketing name, search the web for "GPU Device Id")
[2017.10.03-13.30.02:948][  0]LogWindows: EnumDisplayDevices:
[2017.10.03-13.30.02:948][  0]LogWindows:    0. 'Intel(R) HD Graphics 620' (P:1 D:1)
[2017.10.03-13.30.02:949][  0]LogWindows:    1. 'Intel(R) HD Graphics 620' (P:0 D:0)
[2017.10.03-13.30.02:949][  0]LogWindows:    2. 'Intel(R) HD Graphics 620' (P:0 D:0)
[2017.10.03-13.30.02:949][  0]LogWindows: DebugString: FoundDriverCount:3 
[2017.10.03-13.30.02:949][  0]LogD3D11RHI:     Adapter Name: Intel(R) HD Graphics 620
[2017.10.03-13.30.02:949][  0]LogD3D11RHI:   Driver Version: 21.20.16.4639 (internal:21.20.16.4639, unified:21.20.16.4639)
[2017.10.03-13.30.02:949][  0]LogD3D11RHI:      Driver Date: 3-22-2017
[2017.10.03-13.30.02:949][  0]LogRHI: Texture pool is 1361 MB (70% of 1945 MB)
[2017.10.03-13.30.02:957][  0]LogD3D11RHI: Async texture creation enabled
[2017.10.03-13.30.02:966][  0]LogD3D11RHI: GPU Timing Frequency: 12.000000 (Debug: 2 0)
[2017.10.03-13.30.02:967][  0]LogShaderCompilers: Guid format shader working directory is -34 characters bigger than the processId version (../../../../../../Users/Richa/Documents/Tryingthis/Givingitatry/MyUNREALProject/Intermediate/Shaders/WorkingDirectory/12044/).
[2017.10.03-13.30.02:967][  0]LogShaderCompilers: Cleaned the shader compiler working directory 'C:/Users/Richa/AppData/Local/Temp/UnrealShaderWorkingDir/B1547EE04F2591EDBF9D818668B26B46/'.
[2017.10.03-13.30.02:967][  0]LogShaderCompilers:Display: Using Local Shader Compiler.
[2017.10.03-13.30.05:212][  0]LogTemp:Display: Loaded TP AllDesktopTargetPlatform
[2017.10.03-13.30.05:325][  0]LogTemp:Display: Loaded TP MacClientTargetPlatform
[2017.10.03-13.30.05:446][  0]LogTemp:Display: Loaded TP MacNoEditorTargetPlatform
[2017.10.03-13.30.05:563][  0]LogTemp:Display: Loaded TP MacServerTargetPlatform
[2017.10.03-13.30.05:685][  0]LogTemp:Display: Loaded TP MacTargetPlatform
[2017.10.03-13.30.05:808][  0]LogTemp:Display: Loaded TP WindowsClientTargetPlatform
[2017.10.03-13.30.05:914][  0]LogTemp:Display: Loaded TP WindowsNoEditorTargetPlatform
[2017.10.03-13.30.06:014][  0]LogTemp:Display: Loaded TP WindowsServerTargetPlatform
[2017.10.03-13.30.06:110][  0]LogTemp:Display: Loaded TP WindowsTargetPlatform
[2017.10.03-13.30.06:220][  0]LogTemp:Display: Loaded TP AndroidTargetPlatform
[2017.10.03-13.30.06:330][  0]LogTemp:Display: Loaded TP Android_ASTCTargetPlatform
[2017.10.03-13.30.06:442][  0]LogTemp:Display: Loaded TP Android_ATCTargetPlatform
[2017.10.03-13.30.06:553][  0]LogTemp:Display: Loaded TP Android_DXTTargetPlatform
[2017.10.03-13.30.06:673][  0]LogTemp:Display: Loaded TP Android_ETC1TargetPlatform
[2017.10.03-13.30.06:785][  0]LogTemp:Display: Loaded TP Android_ETC2TargetPlatform
[2017.10.03-13.30.06:993][  0]LogTemp:Display: Loaded TP Android_MultiTargetPlatform
[2017.10.03-13.30.06:993][  0]LogTemp:Display: Loaded TP Android_PVRTCTargetPlatform
[2017.10.03-13.30.07:079][  0]LogTemp:Display: Loaded TP HTML5TargetPlatform
[2017.10.03-13.30.07:258][  0]LogTemp:Display: Loaded TP IOSTargetPlatform
[2017.10.03-13.30.07:329][  0]LogTemp:Display: Loaded TP TVOSTargetPlatform
[2017.10.03-13.30.07:446][  0]LogTemp:Display: Loaded TP LinuxClientTargetPlatform
[2017.10.03-13.30.07:563][  0]LogTemp:Display: Loaded TP LinuxNoEditorTargetPlatform
[2017.10.03-13.30.07:679][  0]LogTemp:Display: Loaded TP LinuxServerTargetPlatform
[2017.10.03-13.30.07:789][  0]LogTemp:Display: Loaded TP LinuxTargetPlatform
[2017.10.03-13.30.07:789][  0]LogTargetPlatformManager:Display: Building Assets For Windows
[2017.10.03-13.30.08:720][  0]LogDerivedDataCache:Display: Max Cache Size: 512 MB
[2017.10.03-13.30.08:823][  0]LogDerivedDataCache: Loaded boot cache 0.10s 50MB C:/Users/Richa/AppData/Local/UnrealEngine/4.15/DerivedDataCache/Boot.ddc.
[2017.10.03-13.30.08:823][  0]LogDerivedDataCache:Display: Loaded Boot cache: C:/Users/Richa/AppData/Local/UnrealEngine/4.15/DerivedDataCache/Boot.ddc
[2017.10.03-13.30.08:823][  0]LogDerivedDataCache: FDerivedDataBackendGraph:  Pak pak cache file ../../../../../../Users/Richa/Documents/Tryingthis/Givingitatry/MyUNREALProject/DerivedDataCache/DDC.ddp not found, will not use a pak cache.
[2017.10.03-13.30.08:823][  0]LogDerivedDataCache: Unable to find inner node Pak for hierarchical cache Hierarchy.
[2017.10.03-13.30.08:823][  0]LogDerivedDataCache: FDerivedDataBackendGraph:  CompressedPak pak cache file ../../../../../../Users/Richa/Documents/Tryingthis/Givingitatry/MyUNREALProject/DerivedDataCache/Compressed.ddp not found, will not use a pak cache.
[2017.10.03-13.30.08:823][  0]LogDerivedDataCache: Unable to find inner node CompressedPak for hierarchical cache Hierarchy.
[2017.10.03-13.30.08:864][  0]LogDerivedDataCache:Display: Pak cache opened for reading ../../../Engine/DerivedDataCache/Compressed.ddp.
[2017.10.03-13.30.08:876][  0]LogDerivedDataCache: Using Local data cache path C:/Users/Richa/AppData/Local/UnrealEngine/Common/DerivedDataCache: Writable
[2017.10.03-13.30.08:899][  0]LogSlate: Using Freetype 2.6.0
[2017.10.03-13.30.08:900][  0]LogSlate: SlateFontCache - WITH_FREETYPE: 1, WITH_HARFBUZZ: 1
[2017.10.03-13.30.08:900][  0]LogSlate: SlateFontCache - WITH_FREETYPE: 1, WITH_HARFBUZZ: 1
[2017.10.03-13.30.09:429][  0]LogInit: Selected Device Profile: [Windows]
[2017.10.03-13.30.09:435][  0]LogContentStreaming: Texture pool size is 0.00 MB
[2017.10.03-13.30.09:927][  0]LogMeshUtilities: Using QuadricMeshReduction for automatic static mesh reduction
[2017.10.03-13.30.10:023][  0]LogSimplygon: Simplygon DLL not present - disabling.
[2017.10.03-13.30.10:136][  0]LogMeshUtilities: Using SimplygonSwarm for distributed automatic mesh merging
[2017.10.03-13.30.10:136][  0]LogMeshUtilities: No automatic skeletal mesh reduction module available
[2017.10.03-13.30.10:136][  0]LogMeshUtilities: No automatic mesh merging module available
[2017.10.03-13.30.11:311][  0]LogNetVersion: GetLocalNetworkVersion: CL: 3299760, ProjectName: myunrealproject, ProjectVersion: , EngineNetworkVersion: 2, GameNetworkVersion: 0, NetworkChecksum: 3193458936
[2017.10.03-13.30.11:393][  0]LogAssetRegistry: FAssetRegistry took 0.0219 seconds to start up
[2017.10.03-13.30.11:486][  0]LogPackageLocalizationCache: Processed 3 localized package path(s) for 2 prioritized culture(s) in 0.042996 seconds
[2017.10.03-13.30.11:497][  0]LogUObjectArray: 32493 objects as part of root set at end of initial load.
[2017.10.03-13.30.11:497][  0]LogUObjectAllocator: 7077032 out of 0 bytes used by permanent object pool.
[2017.10.03-13.30.11:497][  0]LogUObjectArray: CloseDisregardForGC: 0/0 objects in disregard for GC pool
[2017.10.03-13.30.11:650][  0]LogInit: WinSock: version 1.1 (2.2), MaxSocks=32767, MaxUdp=65467
[2017.10.03-13.30.15:209][  0]LogTcpMessaging: Initializing TcpMessaging bridge
[2017.10.03-13.30.15:289][  0]LogUdpMessaging: Initializing bridge on interface 0.0.0.0:0 to multicast group 230.0.0.1:6666.
[2017.10.03-13.30.16:276][  0]LogMaterial: Uniform references updated for custom material expression Custom.
[2017.10.03-13.30.17:143][  0]SourceControl: Info Source control is disabled
[2017.10.03-13.30.19:287][  0]LogLinker:Warning: Can't find file '/Game/ThirdPersonBP/ThirdPersonOverview'
[2017.10.03-13.30.19:287][  0]LogLinker:Warning: Can't find file '/Game/ThirdPersonBP/ThirdPersonOverview'
[2017.10.03-13.30.19:287][  0]LogUObjectGlobals:Warning: Failed to find object 'Class /Game/ThirdPersonBP/ThirdPersonOverview.ThirdPersonOverview_C'
[2017.10.03-13.30.21:474][  0]LogEngine: Initializing Engine...
[2017.10.03-13.30.21:475][  0]LogHMD: Failed to initialize OpenVR with code 110
[2017.10.03-13.30.21:719][  0]LogStats: UGameplayTagsManager::ConstructGameplayTagTree: Construct from data asset -  0.000 s
[2017.10.03-13.30.21:719][  0]LogStats: UGameplayTagsManager::ConstructGameplayTagTree: GameplayTagTreeChangedEvent.Broadcast -  0.000 s
[2017.10.03-13.30.22:017][  0]LogAIModule: Creating AISystem for world Untitled
[2017.10.03-13.30.22:045][  0]LogInit: XAudio2 using 'Speakers (Realtek High Definition Audio)' : 2 channels at 48 kHz using 32 bits per sample (channel mask 0x3)
[2017.10.03-13.30.22:328][  0]LogInit: FAudioDevice initialized.
[2017.10.03-13.30.22:373][  0]LogDerivedDataCache: Saved boot cache 0.04s 50MB C:/Users/Richa/AppData/Local/UnrealEngine/4.15/DerivedDataCache/Boot.ddc.
[2017.10.03-13.30.22:382][  0]LogInit: Texture streaming: Enabled
[2017.10.03-13.30.22:619][  0]LogEngineSessionManager: EngineSessionManager initialized
[2017.10.03-13.30.22:829][  0]LogInit: Transaction tracking system initialized
[2017.10.03-13.30.23:689][  0]BlueprintLog: New page: Editor Load
[2017.10.03-13.30.25:786][  0]LocalizationService: Info Localization service is disabled
[2017.10.03-13.30.27:377][  0]LogConsoleResponse:Display: 
[2017.10.03-13.30.27:689][  0]LogCook:Display: Max memory allowance for cook 16384mb min free memory 0mb
[2017.10.03-13.30.27:689][  0]LogCook:Display: Mobile HDR setting 1
[2017.10.03-13.30.28:317][  0]LogFileCache: Scanning file cache for directory 'C:/Users/Richa/Documents/Tryingthis/Givingitatry/MyUNREALProject/Content/' took 0.01s
[2017.10.03-13.30.30:541][  0]Cmd: MAP LOAD FILE="../../../../../../Users/Richa/Documents/Tryingthis/Givingitatry/MyUNREALProject/Content/ThirdPersonBP/Maps/ThirdPersonExampleMap.umap" TEMPLATE=0 SHOWPROGRESS=1 FEATURELEVEL=3
[2017.10.03-13.30.30:542][  0]LightingResults: New page: Lighting Build
[2017.10.03-13.30.30:646][  0]MapCheck: New page: Map Check
[2017.10.03-13.30.30:646][  0]LightingResults: New page: Lighting Build
[2017.10.03-13.30.31:586][  0]LogAIModule: Creating AISystem for world ThirdPersonExampleMap
[2017.10.03-13.30.32:370][  0]LogEditorServer: Finished looking for orphan Actors (0.000 secs)
[2017.10.03-13.30.32:371][  0]Cmd: MAP CHECKDEP NOCLEARLOG
[2017.10.03-13.30.32:492][  0]MapCheck: Info Map check complete: 0 Error(s), 0 Warning(s), took 121.354ms to complete.
[2017.10.03-13.30.32:493][  0]LogFileHelpers: Loading map 'ThirdPersonExampleMap' took 1.952
[2017.10.03-13.30.32:550][  0]LogWindowsTextInputMethodSystem:Display: IME system now deactivated.
[2017.10.03-13.30.32:550][  0]LogWindowsTextInputMethodSystem:Display: IME system now deactivated.
[2017.10.03-13.30.33:098][  0]LogCollectionManager: Loaded 0 collections in 0.001748 seconds
[2017.10.03-13.30.33:228][  0]LogFileCache: Scanning file cache for directory 'C:/Users/Richa/Documents/Tryingthis/Givingitatry/MyUNREALProject/Saved/Collections/' took 0.01s
[2017.10.03-13.30.33:228][  0]LogFileCache: Scanning file cache for directory 'C:/Users/Richa/Documents/Tryingthis/Givingitatry/MyUNREALProject/Content/Developers/Richa/Collections/' took 0.01s
[2017.10.03-13.30.33:228][  0]LogFileCache: Scanning file cache for directory 'C:/Users/Richa/Documents/Tryingthis/Givingitatry/MyUNREALProject/Content/Collections/' took 0.01s
[2017.10.03-13.30.33:228][  0]LogCollectionManager: Rebuilt the GUID cache for 0 collections in 0.000003 seconds
[2017.10.03-13.30.33:248][  0]LogContentBrowser: Native class hierarchy populated in 0.0200 seconds. Added 2246 classes and 455 folders.
[2017.10.03-13.30.33:376][  0]LogContentBrowser: Native class hierarchy updated for 'WidgetCarousel' in 0.0010 seconds. Added 0 classes and 0 folders.
[2017.10.03-13.30.33:443][  0]LogContentBrowser: Native class hierarchy updated for 'AddContentDialog' in 0.0013 seconds. Added 0 classes and 0 folders.
[2017.10.03-13.30.33:512][  0]LogCrashTracker: Crashtracker disabled due to settings.
[2017.10.03-13.30.33:527][  0]LogUObjectGlobals:Warning: Failed to find object 'Class None.'
[2017.10.03-13.30.33:646][  0]LogContentBrowser: Native class hierarchy updated for 'HierarchicalLODOutliner' in 0.0010 seconds. Added 1 classes and 2 folders.
[2017.10.03-13.30.33:646][  0]LogLoad: (Engine Initialization) Total time: 35.80 seconds
[2017.10.03-13.30.33:646][  0]LogLoad: (Engine Initialization) Total Blueprint compile time: 0.37 seconds
[2017.10.03-13.30.33:646][  0]LogExternalProfiler: No external profilers were discovered.  External profiling features will not be available.
[2017.10.03-13.30.33:667][  0]LogOcInput: OculusInput pre-init called
[2017.10.03-13.30.33:693][  0]SourceControl: Info On branch master
[2017.10.03-13.30.33:693][  0]SourceControl: Info Your branch is up-to-date with 'origin/master'.
[2017.10.03-13.30.33:693][  0]SourceControl: Info Changes not staged for commit:
[2017.10.03-13.30.33:693][  0]SourceControl: Info   (use "git add <file>..." to update what will be committed)
[2017.10.03-13.30.33:693][  0]SourceControl: Info   (use "git checkout -- <file>..." to discard changes in working directory)
[2017.10.03-13.30.33:693][  0]SourceControl: Info 	modified:   MyUNREALProject/Intermediate/CachedAssetRegistry.bin
[2017.10.03-13.30.33:693][  0]SourceControl: Info 	modified:   MyUNREALProject/Saved/Config/Windows/Engine.ini
[2017.10.03-13.30.33:693][  0]SourceControl: Info 	modified:   MyUNREALProject/Saved/Logs/MyUNREALProject.log
[2017.10.03-13.30.33:693][  0]SourceControl: Info Untracked files:
[2017.10.03-13.30.33:693][  0]SourceControl: Info   (use "git add <file>..." to include in what will be committed)
[2017.10.03-13.30.33:693][  0]SourceControl: Info 	MyUNREALProject/Saved/Logs/MyUNREALProject-backup-2017.10.03-08.29.59.log
[2017.10.03-13.30.33:693][  0]SourceControl: Info 	MyUNREALProject/Saved/Logs/UE4CC-Windows-77409754438A6EFBFB00C0939F775F3D/
[2017.10.03-13.30.33:693][  0]SourceControl: Info no changes added to commit (use "git add" and/or "git commit -a")
[2017.10.03-13.30.33:694][  0]LogContentStreaming: Texture pool size now 1000 MB
[2017.10.03-13.30.33:695][  0]LogSlate: Took 0.000261 seconds to synchronously load lazily loaded font '../../../Engine/Content/Slate/Fonts/Roboto-Regular.ttf' (155K)
[2017.10.03-13.30.33:703][  0]LogSlate: Took 0.000423 seconds to synchronously load lazily loaded font '../../../Engine/Content/Slate/Fonts/Roboto-Bold.ttf' (160K)
[2017.10.03-13.30.33:714][  0]LogSlate: Took 0.000324 seconds to synchronously load lazily loaded font '../../../Engine/Content/Editor/Slate/Fonts/FontAwesome.ttf' (139K)
[2017.10.03-13.30.33:848][  0]LogSlate: Took 0.000255 seconds to synchronously load lazily loaded font '../../../Engine/Content/Slate/Fonts/Roboto-Light.ttf' (159K)
[2017.10.03-13.30.33:949][  0]LogRenderer: Reallocating scene render targets to support 812x336 NumSamples 1 (Frame:2).
[2017.10.03-13.30.35:529][  2]LogAssetRegistry: Asset discovery search completed in 24.1582 seconds
[2017.10.03-13.30.35:529][  2]LogCollectionManager: Rebuilt the object cache for 0 collections in 0.000009 seconds (found 0 objects)
[2017.10.03-13.30.35:529][  2]LogCollectionManager: Fixed up redirectors for 0 collections in 0.000037 seconds (updated 0 objects)
[2017.10.03-13.33.21:058][773]LogEditorViewport: Clicking on Actor (LMB): StaticMeshActor (CubeMesh)
[2017.10.03-13.33.45:401][999]LogMaterial: Missing cached shader map for material BlueMat, compiling. 
[2017.10.03-13.33.45:403][999]LogTemp:Display: Added material ShaderMap 0x0000020DEEFC6E80 with Material 0x0000020DEF0A1F00 to ShaderMapsBeingCompiled
[2017.10.03-13.33.45:456][999]LogTemp:Display: Kicking off shader compilation for BlueMat, GameThreadShaderMap 0x0000020DEEFC6E80
[2017.10.03-13.33.59:550][164]LogSlate: Took 0.001777 seconds to synchronously load lazily loaded font '../../../Engine/Content/Slate/Fonts/Roboto-Light.ttf' (159K)
[2017.10.03-13.33.59:711][164]LogMaterial: Missing cached shader map for material BlueMat, compiling. 
[2017.10.03-13.33.59:712][164]LogTemp:Display: Added material ShaderMap 0x0000020DDDFE5600 with Material 0x0000020DEEE08900 to ShaderMapsBeingCompiled
[2017.10.03-13.33.59:735][164]LogTemp:Display: Kicking off shader compilation for BlueMat, GameThreadShaderMap 0x0000020DDDFE5600
[2017.10.03-13.33.59:913][164]LogMaterial: Missing cached shader map for material BlueMat, compiling. 
[2017.10.03-13.33.59:915][164]LogTemp:Display: Added material ShaderMap 0x0000020DFEC9C800 with Material 0x0000020DEEE08900 to ShaderMapsBeingCompiled
[2017.10.03-13.33.59:940][164]LogTemp:Display: Kicking off shader compilation for BlueMat, GameThreadShaderMap 0x0000020DFEC9C800
[2017.10.03-13.33.59:940][164]LogMaterial: 0.00 seconds spent updating 1 materials, 1 interfaces, 0 instances, 0 with static permutations.
[2017.10.03-13.33.59:968][164]LogMaterial: Missing cached shader map for material FMatExpressionPreview MaterialExpressionConstant3Vector_0, compiling. 
[2017.10.03-13.33.59:970][164]LogTemp:Display: Added material ShaderMap 0x0000020DFEC1CF00 with Material 0x0000020DFED73A00 to ShaderMapsBeingCompiled
[2017.10.03-13.33.59:975][164]LogTemp:Display: Kicking off shader compilation for FMatExpressionPreview MaterialExpressionConstant3Vector_0, GameThreadShaderMap 0x0000020DFEC1CF00
[2017.10.03-13.33.59:986][164]LogSlate: Took 0.000349 seconds to synchronously load lazily loaded font '../../../Engine/Content/Editor/Slate/Fonts/Roboto-BoldCondensed.ttf' (158K)
[2017.10.03-13.34.03:624][222]LogTemp:Display: Removed shader map 0x0000020DFEC1CF00 from material 0x0000020DFED73A00
[2017.10.03-13.34.22:108][393]LogSlate: Took 0.001898 seconds to synchronously load lazily loaded font '../../../Engine/Content/Slate/Fonts/Roboto-Light.ttf' (159K)
[2017.10.03-13.34.27:451][471]LogMaterial: Missing cached shader map for material PreviewMaterial_0, compiling. 
[2017.10.03-13.34.27:454][471]LogTemp:Display: Added material ShaderMap 0x0000020DFE467900 with Material 0x0000020DFF1E5D00 to ShaderMapsBeingCompiled
[2017.10.03-13.34.27:484][471]LogTemp:Display: Kicking off shader compilation for PreviewMaterial_0, GameThreadShaderMap 0x0000020DFE467900
[2017.10.03-13.34.40:642][471]LogMaterial: Missing cached shader map for material PreviewMaterial_0, compiling. 
[2017.10.03-13.34.40:645][471]LogTemp:Display: Added material ShaderMap 0x0000020DFE287900 with Material 0x0000020DFF1E5D00 to ShaderMapsBeingCompiled
[2017.10.03-13.34.40:665][471]LogTemp:Display: Kicking off shader compilation for PreviewMaterial_0, GameThreadShaderMap 0x0000020DFE287900
[2017.10.03-13.34.40:667][471]LogMaterial: 0.00 seconds spent updating 1 materials, 1 interfaces, 0 instances, 0 with static permutations.
[2017.10.03-13.34.40:709][471]LogMaterial: Missing cached shader map for material FMatExpressionPreview MaterialExpressionConstant3Vector_0, compiling. 
[2017.10.03-13.34.40:710][471]LogTemp:Display: Added material ShaderMap 0x0000020DFE4CAE80 with Material 0x0000020DFF1F0A00 to ShaderMapsBeingCompiled
[2017.10.03-13.34.40:714][471]LogTemp:Display: Kicking off shader compilation for FMatExpressionPreview MaterialExpressionConstant3Vector_0, GameThreadShaderMap 0x0000020DFE4CAE80
[2017.10.03-13.34.40:723][471]LogTemp:Display: Finished compile of shader map 0x0000020DDDFE5600
[2017.10.03-13.34.40:723][471]LogTemp:Display: Shader map BlueMat complete, GameThreadShaderMap 0x0000020DDDFE5600, marking material BlueMat as finished
[2017.10.03-13.34.40:723][471]LogTemp:Display: Marking material as finished 0x0000020DEEE08900
